{"/Users/sanskritikhanal/Desktop/Assignment/Cineghar-Web/cineghar/frontend/next.config.ts": {"path":"/Users/sanskritikhanal/Desktop/Assignment/Cineghar-Web/cineghar/frontend/next.config.ts","statementMap":{"0":{"start":{"line":37,"column":0},"end":{"line":37,"column":15}},"1":{"start":{"line":4,"column":15},"end":{"line":4,"column":51}},"2":{"start":{"line":5,"column":16},"end":{"line":5,"column":null}},"3":{"start":{"line":7,"column":31},"end":{"line":35,"column":null}},"4":{"start":{"line":37,"column":15},"end":{"line":37,"column":null}}},"fnMap":{},"branchMap":{"0":{"loc":{"start":{"line":5,"column":16},"end":{"line":5,"column":null}},"type":"cond-expr","locations":[{"start":{"line":5,"column":25},"end":{"line":5,"column":49}},{"start":{"line":5,"column":52},"end":{"line":5,"column":null}}]},"1":{"loc":{"start":{"line":15,"column":10},"end":{"line":20,"column":12}},"type":"cond-expr","locations":[{"start":{"line":16,"column":10},"end":{"line":19,"column":null}},{"start":{"line":20,"column":10},"end":{"line":20,"column":12}}]}},"s":{"0":0,"1":0,"2":0,"3":0,"4":0},"f":{},"b":{"0":[0,0],"1":[0,0]}}
,"/Users/sanskritikhanal/Desktop/Assignment/Cineghar-Web/cineghar/frontend/playwright.config.ts": {"path":"/Users/sanskritikhanal/Desktop/Assignment/Cineghar-Web/cineghar/frontend/playwright.config.ts","statementMap":{"0":{"start":{"line":17,"column":0},"end":{"line":17,"column":15}},"1":{"start":{"line":3,"column":37},"end":{"line":15,"column":null}},"2":{"start":{"line":17,"column":15},"end":{"line":17,"column":null}}},"fnMap":{},"branchMap":{"0":{"loc":{"start":{"line":6,"column":13},"end":{"line":6,"column":null}},"type":"binary-expr","locations":[{"start":{"line":6,"column":13},"end":{"line":6,"column":37}},{"start":{"line":6,"column":41},"end":{"line":6,"column":null}}]}},"s":{"0":0,"1":0,"2":0},"f":{},"b":{"0":[0,0]}}
,"/Users/sanskritikhanal/Desktop/Assignment/Cineghar-Web/cineghar/frontend/app/layout.tsx": {"path":"/Users/sanskritikhanal/Desktop/Assignment/Cineghar-Web/cineghar/frontend/app/layout.tsx","statementMap":{"0":{"start":{"line":21,"column":24},"end":{"line":21,"column":35}},"1":{"start":{"line":16,"column":13},"end":{"line":16,"column":34}},"2":{"start":{"line":2,"column":34},"end":{"line":2,"column":null}},"3":{"start":{"line":3,"column":7},"end":{"line":3,"column":null}},"4":{"start":{"line":4,"column":26},"end":{"line":4,"column":null}},"5":{"start":{"line":6,"column":18},"end":{"line":9,"column":null}},"6":{"start":{"line":11,"column":18},"end":{"line":14,"column":null}},"7":{"start":{"line":16,"column":34},"end":{"line":19,"column":null}}},"fnMap":{"0":{"name":"RootLayout","decl":{"start":{"line":21,"column":24},"end":{"line":21,"column":35}},"loc":{"start":{"line":25,"column":2},"end":{"line":37,"column":null}}}},"branchMap":{},"s":{"0":0,"1":0,"2":0,"3":0,"4":0,"5":0,"6":0,"7":0},"f":{"0":0},"b":{}}
,"/Users/sanskritikhanal/Desktop/Assignment/Cineghar-Web/cineghar/frontend/app/page.tsx": {"path":"/Users/sanskritikhanal/Desktop/Assignment/Cineghar-Web/cineghar/frontend/app/page.tsx","statementMap":{"0":{"start":{"line":16,"column":24},"end":{"line":16,"column":null}},"1":{"start":{"line":3,"column":26},"end":{"line":3,"column":null}},"2":{"start":{"line":4,"column":26},"end":{"line":4,"column":null}},"3":{"start":{"line":6,"column":19},"end":{"line":6,"column":null}},"4":{"start":{"line":7,"column":24},"end":{"line":7,"column":null}},"5":{"start":{"line":8,"column":28},"end":{"line":8,"column":null}},"6":{"start":{"line":9,"column":33},"end":{"line":9,"column":null}},"7":{"start":{"line":10,"column":30},"end":{"line":10,"column":null}},"8":{"start":{"line":11,"column":23},"end":{"line":11,"column":null}},"9":{"start":{"line":12,"column":19},"end":{"line":12,"column":null}},"10":{"start":{"line":13,"column":24},"end":{"line":13,"column":null}},"11":{"start":{"line":14,"column":23},"end":{"line":14,"column":null}},"12":{"start":{"line":17,"column":47},"end":{"line":17,"column":null}},"13":{"start":{"line":18,"column":17},"end":{"line":18,"column":null}},"14":{"start":{"line":20,"column":2},"end":{"line":28,"column":null}},"15":{"start":{"line":21,"column":4},"end":{"line":27,"column":null}},"16":{"start":{"line":22,"column":6},"end":{"line":26,"column":null}},"17":{"start":{"line":23,"column":8},"end":{"line":23,"column":null}},"18":{"start":{"line":25,"column":8},"end":{"line":25,"column":null}},"19":{"start":{"line":30,"column":2},"end":{"line":39,"column":null}},"20":{"start":{"line":41,"column":2},"end":{"line":44,"column":null}},"21":{"start":{"line":43,"column":4},"end":{"line":43,"column":null}}},"fnMap":{"0":{"name":"Home","decl":{"start":{"line":16,"column":24},"end":{"line":16,"column":null}},"loc":{"start":{"line":16,"column":24},"end":{"line":59,"column":null}}},"1":{"name":"(anonymous_3)","decl":{"start":{"line":20,"column":12},"end":{"line":20,"column":null}},"loc":{"start":{"line":20,"column":12},"end":{"line":28,"column":5}}}},"branchMap":{"0":{"loc":{"start":{"line":21,"column":4},"end":{"line":27,"column":null}},"type":"if","locations":[{"start":{"line":21,"column":4},"end":{"line":27,"column":null}},{"start":{},"end":{}}]},"1":{"loc":{"start":{"line":21,"column":8},"end":{"line":21,"column":39}},"type":"binary-expr","locations":[{"start":{"line":21,"column":8},"end":{"line":21,"column":22}},{"start":{"line":21,"column":22},"end":{"line":21,"column":39}}]},"2":{"loc":{"start":{"line":22,"column":6},"end":{"line":26,"column":null}},"type":"if","locations":[{"start":{"line":22,"column":6},"end":{"line":26,"column":null}},{"start":{"line":24,"column":13},"end":{"line":26,"column":null}}]},"3":{"loc":{"start":{"line":30,"column":2},"end":{"line":39,"column":null}},"type":"if","locations":[{"start":{"line":30,"column":2},"end":{"line":39,"column":null}},{"start":{},"end":{}}]},"4":{"loc":{"start":{"line":41,"column":2},"end":{"line":44,"column":null}},"type":"if","locations":[{"start":{"line":41,"column":2},"end":{"line":44,"column":null}},{"start":{},"end":{}}]}},"s":{"0":1,"1":1,"2":1,"3":1,"4":1,"5":1,"6":1,"7":1,"8":1,"9":1,"10":1,"11":1,"12":1,"13":1,"14":1,"15":1,"16":0,"17":0,"18":0,"19":1,"20":1,"21":0},"f":{"0":1,"1":1},"b":{"0":[0,1],"1":[1,1],"2":[0,0],"3":[0,1],"4":[0,1]}}
,"/Users/sanskritikhanal/Desktop/Assignment/Cineghar-Web/cineghar/frontend/app/providers.tsx": {"path":"/Users/sanskritikhanal/Desktop/Assignment/Cineghar-Web/cineghar/frontend/app/providers.tsx","statementMap":{"0":{"start":{"line":5,"column":16},"end":{"line":5,"column":26}},"1":{"start":{"line":3,"column":29},"end":{"line":3,"column":null}}},"fnMap":{"0":{"name":"Providers","decl":{"start":{"line":5,"column":16},"end":{"line":5,"column":26}},"loc":{"start":{"line":5,"column":69},"end":{"line":7,"column":null}}}},"branchMap":{},"s":{"0":0,"1":0},"f":{"0":0},"b":{}}
,"/Users/sanskritikhanal/Desktop/Assignment/Cineghar-Web/cineghar/frontend/app/(auth)/layout.tsx": {"path":"/Users/sanskritikhanal/Desktop/Assignment/Cineghar-Web/cineghar/frontend/app/(auth)/layout.tsx","statementMap":{"0":{"start":{"line":7,"column":24},"end":{"line":7,"column":35}},"1":{"start":{"line":3,"column":18},"end":{"line":3,"column":null}},"2":{"start":{"line":4,"column":18},"end":{"line":4,"column":null}},"3":{"start":{"line":5,"column":28},"end":{"line":5,"column":null}},"4":{"start":{"line":12,"column":19},"end":{"line":12,"column":null}},"5":{"start":{"line":13,"column":21},"end":{"line":13,"column":null}},"6":{"start":{"line":14,"column":22},"end":{"line":14,"column":null}},"7":{"start":{"line":15,"column":22},"end":{"line":15,"column":null}},"8":{"start":{"line":18,"column":2},"end":{"line":20,"column":null}}},"fnMap":{"0":{"name":"AuthLayout","decl":{"start":{"line":7,"column":24},"end":{"line":7,"column":35}},"loc":{"start":{"line":11,"column":1},"end":{"line":42,"column":null}}}},"branchMap":{"0":{"loc":{"start":{"line":15,"column":22},"end":{"line":15,"column":null}},"type":"cond-expr","locations":[{"start":{"line":15,"column":35},"end":{"line":15,"column":67}},{"start":{"line":15,"column":67},"end":{"line":15,"column":null}}]},"1":{"loc":{"start":{"line":18,"column":2},"end":{"line":20,"column":null}},"type":"if","locations":[{"start":{"line":18,"column":2},"end":{"line":20,"column":null}},{"start":{},"end":{}}]}},"s":{"0":0,"1":0,"2":0,"3":0,"4":0,"5":0,"6":0,"7":0,"8":0},"f":{"0":0},"b":{"0":[0,0],"1":[0,0]}}
,"/Users/sanskritikhanal/Desktop/Assignment/Cineghar-Web/cineghar/frontend/app/(auth)/schema.ts": {"path":"/Users/sanskritikhanal/Desktop/Assignment/Cineghar-Web/cineghar/frontend/app/(auth)/schema.ts","statementMap":{"0":{"start":{"line":20,"column":13},"end":{"line":20,"column":36}},"1":{"start":{"line":12,"column":13},"end":{"line":12,"column":27}},"2":{"start":{"line":3,"column":13},"end":{"line":3,"column":30}},"3":{"start":{"line":26,"column":13},"end":{"line":26,"column":35}},"4":{"start":{"line":1,"column":18},"end":{"line":1,"column":null}},"5":{"start":{"line":3,"column":30},"end":{"line":8,"column":null}},"6":{"start":{"line":12,"column":27},"end":{"line":16,"column":null}},"7":{"start":{"line":20,"column":36},"end":{"line":22,"column":null}},"8":{"start":{"line":26,"column":35},"end":{"line":34,"column":null}},"9":{"start":{"line":31,"column":20},"end":{"line":31,"column":58}}},"fnMap":{"0":{"name":"(anonymous_5)","decl":{"start":{"line":31,"column":10},"end":{"line":31,"column":11}},"loc":{"start":{"line":31,"column":20},"end":{"line":31,"column":58}}}},"branchMap":{},"s":{"0":0,"1":6,"2":0,"3":0,"4":1,"5":1,"6":1,"7":1,"8":1,"9":0},"f":{"0":0},"b":{}}
,"/Users/sanskritikhanal/Desktop/Assignment/Cineghar-Web/cineghar/frontend/app/(auth)/_components/ForgotPasswordForm.tsx": {"path":"/Users/sanskritikhanal/Desktop/Assignment/Cineghar-Web/cineghar/frontend/app/(auth)/_components/ForgotPasswordForm.tsx","statementMap":{"0":{"start":{"line":98,"column":0},"end":{"line":98,"column":15}},"1":{"start":{"line":3,"column":25},"end":{"line":3,"column":null}},"2":{"start":{"line":4,"column":24},"end":{"line":4,"column":null}},"3":{"start":{"line":5,"column":28},"end":{"line":5,"column":null}},"4":{"start":{"line":6,"column":17},"end":{"line":6,"column":null}},"5":{"start":{"line":7,"column":63},"end":{"line":7,"column":null}},"6":{"start":{"line":8,"column":34},"end":{"line":8,"column":null}},"7":{"start":{"line":9,"column":22},"end":{"line":9,"column":null}},"8":{"start":{"line":10,"column":19},"end":{"line":10,"column":null}},"9":{"start":{"line":11,"column":18},"end":{"line":11,"column":null}},"10":{"start":{"line":13,"column":27},"end":{"line":96,"column":null}},"11":{"start":{"line":14,"column":28},"end":{"line":14,"column":null}},"12":{"start":{"line":15,"column":32},"end":{"line":15,"column":null}},"13":{"start":{"line":16,"column":42},"end":{"line":16,"column":null}},"14":{"start":{"line":23,"column":6},"end":{"line":25,"column":null}},"15":{"start":{"line":27,"column":19},"end":{"line":44,"column":null}},"16":{"start":{"line":28,"column":4},"end":{"line":28,"column":null}},"17":{"start":{"line":29,"column":4},"end":{"line":29,"column":null}},"18":{"start":{"line":30,"column":4},"end":{"line":30,"column":null}},"19":{"start":{"line":31,"column":4},"end":{"line":43,"column":null}},"20":{"start":{"line":32,"column":23},"end":{"line":32,"column":null}},"21":{"start":{"line":33,"column":6},"end":{"line":38,"column":null}},"22":{"start":{"line":34,"column":8},"end":{"line":34,"column":null}},"23":{"start":{"line":35,"column":8},"end":{"line":35,"column":null}},"24":{"start":{"line":37,"column":8},"end":{"line":37,"column":null}},"25":{"start":{"line":40,"column":6},"end":{"line":40,"column":null}},"26":{"start":{"line":42,"column":6},"end":{"line":42,"column":null}},"27":{"start":{"line":59,"column":65},"end":{"line":59,"column":null}},"28":{"start":{"line":64,"column":67},"end":{"line":64,"column":null}},"29":{"start":{"line":98,"column":15},"end":{"line":98,"column":null}}},"fnMap":{"0":{"name":"(anonymous_2)","decl":{"start":{"line":13,"column":27},"end":{"line":13,"column":null}},"loc":{"start":{"line":13,"column":27},"end":{"line":96,"column":null}}},"1":{"name":"(anonymous_3)","decl":{"start":{"line":27,"column":19},"end":{"line":27,"column":26}},"loc":{"start":{"line":27,"column":26},"end":{"line":44,"column":null}}},"2":{"name":"(anonymous_4)","decl":{"start":{"line":59,"column":59},"end":{"line":59,"column":65}},"loc":{"start":{"line":59,"column":65},"end":{"line":59,"column":null}}},"3":{"name":"(anonymous_5)","decl":{"start":{"line":64,"column":61},"end":{"line":64,"column":67}},"loc":{"start":{"line":64,"column":67},"end":{"line":64,"column":null}}}},"branchMap":{"0":{"loc":{"start":{"line":33,"column":6},"end":{"line":38,"column":null}},"type":"if","locations":[{"start":{"line":33,"column":6},"end":{"line":38,"column":null}},{"start":{"line":36,"column":13},"end":{"line":38,"column":null}}]},"1":{"loc":{"start":{"line":34,"column":19},"end":{"line":34,"column":null}},"type":"binary-expr","locations":[{"start":{"line":34,"column":19},"end":{"line":34,"column":35}},{"start":{"line":34,"column":39},"end":{"line":34,"column":null}}]},"2":{"loc":{"start":{"line":37,"column":17},"end":{"line":37,"column":null}},"type":"binary-expr","locations":[{"start":{"line":37,"column":17},"end":{"line":37,"column":33}},{"start":{"line":37,"column":37},"end":{"line":37,"column":null}}]},"3":{"loc":{"start":{"line":40,"column":15},"end":{"line":40,"column":null}},"type":"cond-expr","locations":[{"start":{"line":40,"column":38},"end":{"line":40,"column":49}},{"start":{"line":40,"column":52},"end":{"line":40,"column":null}}]},"4":{"loc":{"start":{"line":58,"column":9},"end":{"line":58,"column":null}},"type":"binary-expr","locations":[{"start":{"line":58,"column":9},"end":{"line":58,"column":null}}]},"5":{"loc":{"start":{"line":63,"column":9},"end":{"line":63,"column":null}},"type":"binary-expr","locations":[{"start":{"line":63,"column":9},"end":{"line":63,"column":null}}]}},"s":{"0":0,"1":0,"2":0,"3":0,"4":0,"5":0,"6":0,"7":0,"8":0,"9":0,"10":0,"11":0,"12":0,"13":0,"14":0,"15":0,"16":0,"17":0,"18":0,"19":0,"20":0,"21":0,"22":0,"23":0,"24":0,"25":0,"26":0,"27":0,"28":0,"29":0},"f":{"0":0,"1":0,"2":0,"3":0},"b":{"0":[0,0],"1":[0,0],"2":[0,0],"3":[0,0],"4":[0],"5":[0]}}
,"/Users/sanskritikhanal/Desktop/Assignment/Cineghar-Web/cineghar/frontend/app/(auth)/_components/LoginForm.tsx": {"path":"/Users/sanskritikhanal/Desktop/Assignment/Cineghar-Web/cineghar/frontend/app/(auth)/_components/LoginForm.tsx","statementMap":{"0":{"start":{"line":128,"column":0},"end":{"line":128,"column":15}},"1":{"start":{"line":3,"column":36},"end":{"line":3,"column":null}},"2":{"start":{"line":4,"column":24},"end":{"line":4,"column":null}},"3":{"start":{"line":5,"column":28},"end":{"line":5,"column":null}},"4":{"start":{"line":6,"column":32},"end":{"line":6,"column":null}},"5":{"start":{"line":7,"column":17},"end":{"line":7,"column":null}},"6":{"start":{"line":8,"column":45},"end":{"line":8,"column":null}},"7":{"start":{"line":9,"column":24},"end":{"line":9,"column":null}},"8":{"start":{"line":10,"column":22},"end":{"line":10,"column":null}},"9":{"start":{"line":11,"column":26},"end":{"line":11,"column":null}},"10":{"start":{"line":12,"column":21},"end":{"line":12,"column":null}},"11":{"start":{"line":13,"column":19},"end":{"line":13,"column":null}},"12":{"start":{"line":14,"column":22},"end":{"line":14,"column":null}},"13":{"start":{"line":15,"column":25},"end":{"line":15,"column":null}},"14":{"start":{"line":16,"column":18},"end":{"line":16,"column":null}},"15":{"start":{"line":18,"column":18},"end":{"line":126,"column":null}},"16":{"start":{"line":19,"column":23},"end":{"line":19,"column":null}},"17":{"start":{"line":20,"column":28},"end":{"line":20,"column":null}},"18":{"start":{"line":21,"column":32},"end":{"line":21,"column":null}},"19":{"start":{"line":22,"column":20},"end":{"line":22,"column":null}},"20":{"start":{"line":24,"column":2},"end":{"line":28,"column":null}},"21":{"start":{"line":25,"column":4},"end":{"line":27,"column":null}},"22":{"start":{"line":26,"column":6},"end":{"line":26,"column":null}},"23":{"start":{"line":34,"column":6},"end":{"line":39,"column":null}},"24":{"start":{"line":41,"column":19},"end":{"line":49,"column":null}},"25":{"start":{"line":42,"column":4},"end":{"line":42,"column":null}},"26":{"start":{"line":43,"column":4},"end":{"line":48,"column":null}},"27":{"start":{"line":44,"column":6},"end":{"line":44,"column":null}},"28":{"start":{"line":47,"column":6},"end":{"line":47,"column":null}},"29":{"start":{"line":51,"column":29},"end":{"line":54,"column":null}},"30":{"start":{"line":53,"column":4},"end":{"line":53,"column":null}},"31":{"start":{"line":69,"column":65},"end":{"line":69,"column":null}},"32":{"start":{"line":74,"column":67},"end":{"line":74,"column":null}},"33":{"start":{"line":128,"column":15},"end":{"line":128,"column":null}}},"fnMap":{"0":{"name":"(anonymous_2)","decl":{"start":{"line":18,"column":18},"end":{"line":18,"column":null}},"loc":{"start":{"line":18,"column":18},"end":{"line":126,"column":null}}},"1":{"name":"(anonymous_3)","decl":{"start":{"line":24,"column":12},"end":{"line":24,"column":null}},"loc":{"start":{"line":24,"column":12},"end":{"line":28,"column":5}}},"2":{"name":"(anonymous_4)","decl":{"start":{"line":41,"column":19},"end":{"line":41,"column":26}},"loc":{"start":{"line":41,"column":26},"end":{"line":49,"column":null}}},"3":{"name":"(anonymous_5)","decl":{"start":{"line":51,"column":29},"end":{"line":51,"column":null}},"loc":{"start":{"line":51,"column":29},"end":{"line":54,"column":null}}},"4":{"name":"(anonymous_6)","decl":{"start":{"line":69,"column":59},"end":{"line":69,"column":65}},"loc":{"start":{"line":69,"column":65},"end":{"line":69,"column":null}}},"5":{"name":"(anonymous_7)","decl":{"start":{"line":74,"column":61},"end":{"line":74,"column":67}},"loc":{"start":{"line":74,"column":67},"end":{"line":74,"column":null}}}},"branchMap":{"0":{"loc":{"start":{"line":25,"column":4},"end":{"line":27,"column":null}},"type":"if","locations":[{"start":{"line":25,"column":4},"end":{"line":27,"column":null}},{"start":{},"end":{}}]},"1":{"loc":{"start":{"line":47,"column":15},"end":{"line":47,"column":null}},"type":"cond-expr","locations":[{"start":{"line":47,"column":38},"end":{"line":47,"column":49}},{"start":{"line":47,"column":52},"end":{"line":47,"column":null}}]},"2":{"loc":{"start":{"line":68,"column":9},"end":{"line":68,"column":null}},"type":"binary-expr","locations":[{"start":{"line":68,"column":9},"end":{"line":68,"column":null}}]},"3":{"loc":{"start":{"line":73,"column":9},"end":{"line":73,"column":null}},"type":"binary-expr","locations":[{"start":{"line":73,"column":9},"end":{"line":73,"column":null}}]}},"s":{"0":2,"1":1,"2":1,"3":1,"4":1,"5":1,"6":1,"7":1,"8":1,"9":1,"10":1,"11":1,"12":1,"13":1,"14":1,"15":1,"16":6,"17":6,"18":6,"19":6,"20":6,"21":6,"22":0,"23":6,"24":6,"25":1,"26":1,"27":1,"28":0,"29":6,"30":0,"31":0,"32":0,"33":1},"f":{"0":6,"1":6,"2":1,"3":0,"4":0,"5":0},"b":{"0":[0,6],"1":[0,0],"2":[6],"3":[6]}}
,"/Users/sanskritikhanal/Desktop/Assignment/Cineghar-Web/cineghar/frontend/app/(auth)/_components/RegisterForm.tsx": {"path":"/Users/sanskritikhanal/Desktop/Assignment/Cineghar-Web/cineghar/frontend/app/(auth)/_components/RegisterForm.tsx","statementMap":{"0":{"start":{"line":121,"column":0},"end":{"line":121,"column":15}},"1":{"start":{"line":3,"column":25},"end":{"line":3,"column":null}},"2":{"start":{"line":4,"column":24},"end":{"line":4,"column":null}},"3":{"start":{"line":5,"column":28},"end":{"line":5,"column":null}},"4":{"start":{"line":6,"column":17},"end":{"line":6,"column":null}},"5":{"start":{"line":7,"column":51},"end":{"line":7,"column":null}},"6":{"start":{"line":8,"column":24},"end":{"line":8,"column":null}},"7":{"start":{"line":9,"column":22},"end":{"line":9,"column":null}},"8":{"start":{"line":10,"column":22},"end":{"line":10,"column":null}},"9":{"start":{"line":11,"column":26},"end":{"line":11,"column":null}},"10":{"start":{"line":12,"column":19},"end":{"line":12,"column":null}},"11":{"start":{"line":13,"column":22},"end":{"line":13,"column":null}},"12":{"start":{"line":14,"column":25},"end":{"line":14,"column":null}},"13":{"start":{"line":15,"column":18},"end":{"line":15,"column":null}},"14":{"start":{"line":17,"column":21},"end":{"line":119,"column":null}},"15":{"start":{"line":18,"column":28},"end":{"line":18,"column":null}},"16":{"start":{"line":19,"column":37},"end":{"line":19,"column":null}},"17":{"start":{"line":25,"column":6},"end":{"line":27,"column":null}},"18":{"start":{"line":29,"column":19},"end":{"line":42,"column":null}},"19":{"start":{"line":30,"column":4},"end":{"line":30,"column":null}},"20":{"start":{"line":31,"column":4},"end":{"line":41,"column":null}},"21":{"start":{"line":32,"column":6},"end":{"line":36,"column":null}},"22":{"start":{"line":40,"column":6},"end":{"line":40,"column":null}},"23":{"start":{"line":44,"column":29},"end":{"line":47,"column":null}},"24":{"start":{"line":46,"column":4},"end":{"line":46,"column":null}},"25":{"start":{"line":62,"column":65},"end":{"line":62,"column":null}},"26":{"start":{"line":121,"column":15},"end":{"line":121,"column":null}}},"fnMap":{"0":{"name":"(anonymous_2)","decl":{"start":{"line":17,"column":21},"end":{"line":17,"column":null}},"loc":{"start":{"line":17,"column":21},"end":{"line":119,"column":null}}},"1":{"name":"(anonymous_3)","decl":{"start":{"line":29,"column":19},"end":{"line":29,"column":26}},"loc":{"start":{"line":29,"column":26},"end":{"line":42,"column":null}}},"2":{"name":"(anonymous_4)","decl":{"start":{"line":44,"column":29},"end":{"line":44,"column":null}},"loc":{"start":{"line":44,"column":29},"end":{"line":47,"column":null}}},"3":{"name":"(anonymous_5)","decl":{"start":{"line":62,"column":59},"end":{"line":62,"column":65}},"loc":{"start":{"line":62,"column":65},"end":{"line":62,"column":null}}}},"branchMap":{"0":{"loc":{"start":{"line":40,"column":15},"end":{"line":40,"column":null}},"type":"cond-expr","locations":[{"start":{"line":40,"column":38},"end":{"line":40,"column":49}},{"start":{"line":40,"column":52},"end":{"line":40,"column":null}}]},"1":{"loc":{"start":{"line":61,"column":9},"end":{"line":61,"column":null}},"type":"binary-expr","locations":[{"start":{"line":61,"column":9},"end":{"line":61,"column":null}}]}},"s":{"0":0,"1":0,"2":0,"3":0,"4":0,"5":0,"6":0,"7":0,"8":0,"9":0,"10":0,"11":0,"12":0,"13":0,"14":0,"15":0,"16":0,"17":0,"18":0,"19":0,"20":0,"21":0,"22":0,"23":0,"24":0,"25":0,"26":0},"f":{"0":0,"1":0,"2":0,"3":0},"b":{"0":[0,0],"1":[0]}}
,"/Users/sanskritikhanal/Desktop/Assignment/Cineghar-Web/cineghar/frontend/app/(auth)/_components/ResetPasswordForm.tsx": {"path":"/Users/sanskritikhanal/Desktop/Assignment/Cineghar-Web/cineghar/frontend/app/(auth)/_components/ResetPasswordForm.tsx","statementMap":{"0":{"start":{"line":139,"column":0},"end":{"line":139,"column":15}},"1":{"start":{"line":3,"column":36},"end":{"line":3,"column":null}},"2":{"start":{"line":4,"column":24},"end":{"line":4,"column":null}},"3":{"start":{"line":5,"column":28},"end":{"line":5,"column":null}},"4":{"start":{"line":6,"column":43},"end":{"line":6,"column":null}},"5":{"start":{"line":7,"column":17},"end":{"line":7,"column":null}},"6":{"start":{"line":8,"column":61},"end":{"line":8,"column":null}},"7":{"start":{"line":9,"column":33},"end":{"line":9,"column":null}},"8":{"start":{"line":10,"column":26},"end":{"line":10,"column":null}},"9":{"start":{"line":11,"column":19},"end":{"line":11,"column":null}},"10":{"start":{"line":12,"column":18},"end":{"line":12,"column":null}},"11":{"start":{"line":14,"column":26},"end":{"line":137,"column":null}},"12":{"start":{"line":15,"column":17},"end":{"line":15,"column":null}},"13":{"start":{"line":16,"column":23},"end":{"line":16,"column":null}},"14":{"start":{"line":17,"column":16},"end":{"line":17,"column":null}},"15":{"start":{"line":19,"column":28},"end":{"line":19,"column":null}},"16":{"start":{"line":20,"column":42},"end":{"line":20,"column":null}},"17":{"start":{"line":21,"column":38},"end":{"line":21,"column":null}},"18":{"start":{"line":27,"column":6},"end":{"line":29,"column":null}},"19":{"start":{"line":31,"column":2},"end":{"line":35,"column":null}},"20":{"start":{"line":32,"column":4},"end":{"line":34,"column":null}},"21":{"start":{"line":33,"column":6},"end":{"line":33,"column":null}},"22":{"start":{"line":37,"column":19},"end":{"line":62,"column":null}},"23":{"start":{"line":38,"column":4},"end":{"line":41,"column":null}},"24":{"start":{"line":39,"column":6},"end":{"line":39,"column":null}},"25":{"start":{"line":40,"column":6},"end":{"line":40,"column":null}},"26":{"start":{"line":43,"column":4},"end":{"line":43,"column":null}},"27":{"start":{"line":44,"column":4},"end":{"line":44,"column":null}},"28":{"start":{"line":45,"column":4},"end":{"line":61,"column":null}},"29":{"start":{"line":46,"column":23},"end":{"line":50,"column":null}},"30":{"start":{"line":51,"column":6},"end":{"line":56,"column":null}},"31":{"start":{"line":53,"column":8},"end":{"line":53,"column":null}},"32":{"start":{"line":55,"column":8},"end":{"line":55,"column":null}},"33":{"start":{"line":58,"column":6},"end":{"line":58,"column":null}},"34":{"start":{"line":60,"column":6},"end":{"line":60,"column":null}},"35":{"start":{"line":64,"column":2},"end":{"line":84,"column":null}},"36":{"start":{"line":99,"column":65},"end":{"line":99,"column":null}},"37":{"start":{"line":139,"column":15},"end":{"line":139,"column":null}}},"fnMap":{"0":{"name":"(anonymous_2)","decl":{"start":{"line":14,"column":26},"end":{"line":14,"column":null}},"loc":{"start":{"line":14,"column":26},"end":{"line":137,"column":null}}},"1":{"name":"(anonymous_3)","decl":{"start":{"line":31,"column":12},"end":{"line":31,"column":null}},"loc":{"start":{"line":31,"column":12},"end":{"line":35,"column":5}}},"2":{"name":"(anonymous_4)","decl":{"start":{"line":37,"column":19},"end":{"line":37,"column":26}},"loc":{"start":{"line":37,"column":26},"end":{"line":62,"column":null}}},"3":{"name":"(anonymous_5)","decl":{"start":{"line":99,"column":59},"end":{"line":99,"column":65}},"loc":{"start":{"line":99,"column":65},"end":{"line":99,"column":null}}}},"branchMap":{"0":{"loc":{"start":{"line":32,"column":4},"end":{"line":34,"column":null}},"type":"if","locations":[{"start":{"line":32,"column":4},"end":{"line":34,"column":null}},{"start":{},"end":{}}]},"1":{"loc":{"start":{"line":38,"column":4},"end":{"line":41,"column":null}},"type":"if","locations":[{"start":{"line":38,"column":4},"end":{"line":41,"column":null}},{"start":{},"end":{}}]},"2":{"loc":{"start":{"line":51,"column":6},"end":{"line":56,"column":null}},"type":"if","locations":[{"start":{"line":51,"column":6},"end":{"line":56,"column":null}},{"start":{"line":54,"column":13},"end":{"line":56,"column":null}}]},"3":{"loc":{"start":{"line":55,"column":17},"end":{"line":55,"column":null}},"type":"binary-expr","locations":[{"start":{"line":55,"column":17},"end":{"line":55,"column":33}},{"start":{"line":55,"column":37},"end":{"line":55,"column":null}}]},"4":{"loc":{"start":{"line":58,"column":15},"end":{"line":58,"column":null}},"type":"cond-expr","locations":[{"start":{"line":58,"column":38},"end":{"line":58,"column":49}},{"start":{"line":58,"column":52},"end":{"line":58,"column":null}}]},"5":{"loc":{"start":{"line":64,"column":2},"end":{"line":84,"column":null}},"type":"if","locations":[{"start":{"line":64,"column":2},"end":{"line":84,"column":null}},{"start":{},"end":{}}]},"6":{"loc":{"start":{"line":98,"column":9},"end":{"line":98,"column":null}},"type":"binary-expr","locations":[{"start":{"line":98,"column":9},"end":{"line":98,"column":null}}]}},"s":{"0":0,"1":0,"2":0,"3":0,"4":0,"5":0,"6":0,"7":0,"8":0,"9":0,"10":0,"11":0,"12":0,"13":0,"14":0,"15":0,"16":0,"17":0,"18":0,"19":0,"20":0,"21":0,"22":0,"23":0,"24":0,"25":0,"26":0,"27":0,"28":0,"29":0,"30":0,"31":0,"32":0,"33":0,"34":0,"35":0,"36":0,"37":0},"f":{"0":0,"1":0,"2":0,"3":0},"b":{"0":[0,0],"1":[0,0],"2":[0,0],"3":[0,0],"4":[0,0],"5":[0,0],"6":[0]}}
,"/Users/sanskritikhanal/Desktop/Assignment/Cineghar-Web/cineghar/frontend/app/(auth)/dashboard/page.tsx": {"path":"/Users/sanskritikhanal/Desktop/Assignment/Cineghar-Web/cineghar/frontend/app/(auth)/dashboard/page.tsx","statementMap":{"0":{"start":{"line":6,"column":24},"end":{"line":6,"column":null}},"1":{"start":{"line":3,"column":17},"end":{"line":3,"column":null}},"2":{"start":{"line":4,"column":24},"end":{"line":4,"column":null}},"3":{"start":{"line":7,"column":19},"end":{"line":7,"column":null}}},"fnMap":{"0":{"name":"DashboardPage","decl":{"start":{"line":6,"column":24},"end":{"line":6,"column":null}},"loc":{"start":{"line":6,"column":24},"end":{"line":34,"column":null}}}},"branchMap":{"0":{"loc":{"start":{"line":22,"column":11},"end":{"line":22,"column":null}},"type":"binary-expr","locations":[{"start":{"line":22,"column":11},"end":{"line":22,"column":null}}]}},"s":{"0":0,"1":0,"2":0,"3":0},"f":{"0":0},"b":{"0":[0]}}
,"/Users/sanskritikhanal/Desktop/Assignment/Cineghar-Web/cineghar/frontend/app/(auth)/forgot-password/page.tsx": {"path":"/Users/sanskritikhanal/Desktop/Assignment/Cineghar-Web/cineghar/frontend/app/(auth)/forgot-password/page.tsx","statementMap":{"0":{"start":{"line":5,"column":24},"end":{"line":5,"column":null}},"1":{"start":{"line":3,"column":31},"end":{"line":3,"column":null}},"2":{"start":{"line":6,"column":2},"end":{"line":6,"column":null}}},"fnMap":{"0":{"name":"ForgotPasswordPage","decl":{"start":{"line":5,"column":24},"end":{"line":5,"column":null}},"loc":{"start":{"line":5,"column":24},"end":{"line":7,"column":null}}}},"branchMap":{},"s":{"0":0,"1":0,"2":0},"f":{"0":0},"b":{}}
,"/Users/sanskritikhanal/Desktop/Assignment/Cineghar-Web/cineghar/frontend/app/(auth)/login/page.tsx": {"path":"/Users/sanskritikhanal/Desktop/Assignment/Cineghar-Web/cineghar/frontend/app/(auth)/login/page.tsx","statementMap":{"0":{"start":{"line":43,"column":24},"end":{"line":43,"column":null}},"1":{"start":{"line":3,"column":36},"end":{"line":3,"column":null}},"2":{"start":{"line":4,"column":26},"end":{"line":4,"column":null}},"3":{"start":{"line":6,"column":22},"end":{"line":6,"column":null}},"4":{"start":{"line":7,"column":24},"end":{"line":7,"column":null}},"5":{"start":{"line":8,"column":23},"end":{"line":8,"column":null}},"6":{"start":{"line":11,"column":47},"end":{"line":11,"column":null}},"7":{"start":{"line":12,"column":17},"end":{"line":12,"column":null}},"8":{"start":{"line":14,"column":2},"end":{"line":22,"column":null}},"9":{"start":{"line":15,"column":4},"end":{"line":21,"column":null}},"10":{"start":{"line":16,"column":6},"end":{"line":20,"column":null}},"11":{"start":{"line":17,"column":8},"end":{"line":17,"column":null}},"12":{"start":{"line":19,"column":8},"end":{"line":19,"column":null}},"13":{"start":{"line":24,"column":2},"end":{"line":33,"column":null}},"14":{"start":{"line":35,"column":2},"end":{"line":38,"column":null}},"15":{"start":{"line":37,"column":4},"end":{"line":37,"column":null}},"16":{"start":{"line":40,"column":2},"end":{"line":40,"column":null}}},"fnMap":{"0":{"name":"LoginContent","decl":{"start":{"line":10,"column":9},"end":{"line":10,"column":null}},"loc":{"start":{"line":10,"column":9},"end":{"line":41,"column":null}}},"1":{"name":"(anonymous_3)","decl":{"start":{"line":14,"column":12},"end":{"line":14,"column":null}},"loc":{"start":{"line":14,"column":12},"end":{"line":22,"column":5}}},"2":{"name":"LoginPage","decl":{"start":{"line":43,"column":24},"end":{"line":43,"column":null}},"loc":{"start":{"line":43,"column":24},"end":{"line":56,"column":null}}}},"branchMap":{"0":{"loc":{"start":{"line":15,"column":4},"end":{"line":21,"column":null}},"type":"if","locations":[{"start":{"line":15,"column":4},"end":{"line":21,"column":null}},{"start":{},"end":{}}]},"1":{"loc":{"start":{"line":15,"column":8},"end":{"line":15,"column":39}},"type":"binary-expr","locations":[{"start":{"line":15,"column":8},"end":{"line":15,"column":22}},{"start":{"line":15,"column":22},"end":{"line":15,"column":39}}]},"2":{"loc":{"start":{"line":16,"column":6},"end":{"line":20,"column":null}},"type":"if","locations":[{"start":{"line":16,"column":6},"end":{"line":20,"column":null}},{"start":{"line":18,"column":13},"end":{"line":20,"column":null}}]},"3":{"loc":{"start":{"line":24,"column":2},"end":{"line":33,"column":null}},"type":"if","locations":[{"start":{"line":24,"column":2},"end":{"line":33,"column":null}},{"start":{},"end":{}}]},"4":{"loc":{"start":{"line":35,"column":2},"end":{"line":38,"column":null}},"type":"if","locations":[{"start":{"line":35,"column":2},"end":{"line":38,"column":null}},{"start":{},"end":{}}]}},"s":{"0":0,"1":0,"2":0,"3":0,"4":0,"5":0,"6":0,"7":0,"8":0,"9":0,"10":0,"11":0,"12":0,"13":0,"14":0,"15":0,"16":0},"f":{"0":0,"1":0,"2":0},"b":{"0":[0,0],"1":[0,0],"2":[0,0],"3":[0,0],"4":[0,0]}}
,"/Users/sanskritikhanal/Desktop/Assignment/Cineghar-Web/cineghar/frontend/app/(auth)/register/page.tsx": {"path":"/Users/sanskritikhanal/Desktop/Assignment/Cineghar-Web/cineghar/frontend/app/(auth)/register/page.tsx","statementMap":{"0":{"start":{"line":3,"column":24},"end":{"line":3,"column":null}},"1":{"start":{"line":1,"column":25},"end":{"line":1,"column":null}},"2":{"start":{"line":4,"column":2},"end":{"line":4,"column":null}}},"fnMap":{"0":{"name":"RegisterPage","decl":{"start":{"line":3,"column":24},"end":{"line":3,"column":null}},"loc":{"start":{"line":3,"column":24},"end":{"line":5,"column":null}}}},"branchMap":{},"s":{"0":0,"1":0,"2":0},"f":{"0":0},"b":{}}
,"/Users/sanskritikhanal/Desktop/Assignment/Cineghar-Web/cineghar/frontend/app/(auth)/reset-password/page.tsx": {"path":"/Users/sanskritikhanal/Desktop/Assignment/Cineghar-Web/cineghar/frontend/app/(auth)/reset-password/page.tsx","statementMap":{"0":{"start":{"line":10,"column":24},"end":{"line":10,"column":null}},"1":{"start":{"line":3,"column":25},"end":{"line":3,"column":null}},"2":{"start":{"line":4,"column":30},"end":{"line":4,"column":null}},"3":{"start":{"line":7,"column":2},"end":{"line":7,"column":null}}},"fnMap":{"0":{"name":"ResetPasswordContent","decl":{"start":{"line":6,"column":9},"end":{"line":6,"column":null}},"loc":{"start":{"line":6,"column":9},"end":{"line":8,"column":null}}},"1":{"name":"ResetPasswordPage","decl":{"start":{"line":10,"column":24},"end":{"line":10,"column":null}},"loc":{"start":{"line":10,"column":24},"end":{"line":28,"column":null}}}},"branchMap":{},"s":{"0":0,"1":0,"2":0,"3":0},"f":{"0":0,"1":0},"b":{}}
,"/Users/sanskritikhanal/Desktop/Assignment/Cineghar-Web/cineghar/frontend/app/_components/AdminProtectedRoute.tsx": {"path":"/Users/sanskritikhanal/Desktop/Assignment/Cineghar-Web/cineghar/frontend/app/_components/AdminProtectedRoute.tsx","statementMap":{"0":{"start":{"line":7,"column":24},"end":{"line":7,"column":44}},"1":{"start":{"line":3,"column":26},"end":{"line":3,"column":null}},"2":{"start":{"line":4,"column":26},"end":{"line":4,"column":null}},"3":{"start":{"line":5,"column":24},"end":{"line":5,"column":null}},"4":{"start":{"line":12,"column":30},"end":{"line":12,"column":null}},"5":{"start":{"line":13,"column":17},"end":{"line":13,"column":null}},"6":{"start":{"line":15,"column":2},"end":{"line":23,"column":null}},"7":{"start":{"line":16,"column":4},"end":{"line":22,"column":null}},"8":{"start":{"line":17,"column":6},"end":{"line":21,"column":null}},"9":{"start":{"line":18,"column":8},"end":{"line":18,"column":null}},"10":{"start":{"line":19,"column":13},"end":{"line":21,"column":null}},"11":{"start":{"line":20,"column":8},"end":{"line":20,"column":null}},"12":{"start":{"line":25,"column":2},"end":{"line":34,"column":null}},"13":{"start":{"line":36,"column":2},"end":{"line":38,"column":null}},"14":{"start":{"line":37,"column":4},"end":{"line":37,"column":null}}},"fnMap":{"0":{"name":"AdminProtectedRoute","decl":{"start":{"line":7,"column":24},"end":{"line":7,"column":44}},"loc":{"start":{"line":11,"column":1},"end":{"line":41,"column":null}}},"1":{"name":"(anonymous_2)","decl":{"start":{"line":15,"column":12},"end":{"line":15,"column":null}},"loc":{"start":{"line":15,"column":12},"end":{"line":23,"column":5}}}},"branchMap":{"0":{"loc":{"start":{"line":16,"column":4},"end":{"line":22,"column":null}},"type":"if","locations":[{"start":{"line":16,"column":4},"end":{"line":22,"column":null}},{"start":{},"end":{}}]},"1":{"loc":{"start":{"line":17,"column":6},"end":{"line":21,"column":null}},"type":"if","locations":[{"start":{"line":17,"column":6},"end":{"line":21,"column":null}},{"start":{"line":19,"column":13},"end":{"line":21,"column":null}}]},"2":{"loc":{"start":{"line":19,"column":13},"end":{"line":21,"column":null}},"type":"if","locations":[{"start":{"line":19,"column":13},"end":{"line":21,"column":null}},{"start":{},"end":{}}]},"3":{"loc":{"start":{"line":25,"column":2},"end":{"line":34,"column":null}},"type":"if","locations":[{"start":{"line":25,"column":2},"end":{"line":34,"column":null}},{"start":{},"end":{}}]},"4":{"loc":{"start":{"line":36,"column":2},"end":{"line":38,"column":null}},"type":"if","locations":[{"start":{"line":36,"column":2},"end":{"line":38,"column":null}},{"start":{},"end":{}}]},"5":{"loc":{"start":{"line":36,"column":6},"end":{"line":36,"column":38}},"type":"binary-expr","locations":[{"start":{"line":36,"column":6},"end":{"line":36,"column":15}},{"start":{"line":36,"column":15},"end":{"line":36,"column":38}}]}},"s":{"0":0,"1":0,"2":0,"3":0,"4":0,"5":0,"6":0,"7":0,"8":0,"9":0,"10":0,"11":0,"12":0,"13":0,"14":0},"f":{"0":0,"1":0},"b":{"0":[0,0],"1":[0,0],"2":[0,0],"3":[0,0],"4":[0,0],"5":[0,0]}}
,"/Users/sanskritikhanal/Desktop/Assignment/Cineghar-Web/cineghar/frontend/app/_components/Alert.tsx": {"path":"/Users/sanskritikhanal/Desktop/Assignment/Cineghar-Web/cineghar/frontend/app/_components/Alert.tsx","statementMap":{"0":{"start":{"line":71,"column":0},"end":{"line":71,"column":15}},"1":{"start":{"line":10,"column":14},"end":{"line":69,"column":null}},"2":{"start":{"line":11,"column":24},"end":{"line":15,"column":null}},"3":{"start":{"line":71,"column":15},"end":{"line":71,"column":null}}},"fnMap":{"0":{"name":"(anonymous_1)","decl":{"start":{"line":10,"column":14},"end":{"line":10,"column":15}},"loc":{"start":{"line":10,"column":82},"end":{"line":69,"column":null}}}},"branchMap":{"0":{"loc":{"start":{"line":10,"column":27},"end":{"line":10,"column":43}},"type":"default-arg","locations":[{"start":{"line":10,"column":37},"end":{"line":10,"column":43}}]},"1":{"loc":{"start":{"line":10,"column":54},"end":{"line":10,"column":68}},"type":"default-arg","locations":[{"start":{"line":10,"column":66},"end":{"line":10,"column":68}}]},"2":{"loc":{"start":{"line":24,"column":11},"end":{"line":24,"column":null}},"type":"binary-expr","locations":[{"start":{"line":24,"column":11},"end":{"line":24,"column":null}}]},"3":{"loc":{"start":{"line":37,"column":11},"end":{"line":37,"column":null}},"type":"binary-expr","locations":[{"start":{"line":37,"column":11},"end":{"line":37,"column":null}}]},"4":{"loc":{"start":{"line":52,"column":9},"end":{"line":52,"column":null}},"type":"binary-expr","locations":[{"start":{"line":52,"column":9},"end":{"line":52,"column":null}}]}},"s":{"0":0,"1":1,"2":0,"3":1},"f":{"0":0},"b":{"0":[0],"1":[0],"2":[0],"3":[0],"4":[0]}}
,"/Users/sanskritikhanal/Desktop/Assignment/Cineghar-Web/cineghar/frontend/app/_components/Button.tsx": {"path":"/Users/sanskritikhanal/Desktop/Assignment/Cineghar-Web/cineghar/frontend/app/_components/Button.tsx","statementMap":{"0":{"start":{"line":36,"column":0},"end":{"line":36,"column":15}},"1":{"start":{"line":9,"column":15},"end":{"line":34,"column":null}},"2":{"start":{"line":17,"column":21},"end":{"line":17,"column":null}},"3":{"start":{"line":19,"column":24},"end":{"line":23,"column":null}},"4":{"start":{"line":36,"column":15},"end":{"line":36,"column":null}}},"fnMap":{"0":{"name":"(anonymous_1)","decl":{"start":{"line":9,"column":15},"end":{"line":9,"column":16}},"loc":{"start":{"line":16,"column":14},"end":{"line":34,"column":null}}}},"branchMap":{"0":{"loc":{"start":{"line":11,"column":2},"end":{"line":11,"column":21}},"type":"default-arg","locations":[{"start":{"line":11,"column":12},"end":{"line":11,"column":21}}]},"1":{"loc":{"start":{"line":12,"column":2},"end":{"line":12,"column":19}},"type":"default-arg","locations":[{"start":{"line":12,"column":14},"end":{"line":12,"column":19}}]},"2":{"loc":{"start":{"line":13,"column":2},"end":{"line":13,"column":16}},"type":"default-arg","locations":[{"start":{"line":13,"column":14},"end":{"line":13,"column":16}}]},"3":{"loc":{"start":{"line":28,"column":16},"end":{"line":28,"column":null}},"type":"binary-expr","locations":[{"start":{"line":28,"column":16},"end":{"line":28,"column":28}},{"start":{"line":28,"column":28},"end":{"line":28,"column":null}}]},"4":{"loc":{"start":{"line":31,"column":7},"end":{"line":31,"column":null}},"type":"cond-expr","locations":[{"start":{"line":31,"column":19},"end":{"line":31,"column":34}},{"start":{"line":31,"column":34},"end":{"line":31,"column":null}}]}},"s":{"0":6,"1":1,"2":6,"3":6,"4":1},"f":{"0":6},"b":{"0":[0],"1":[0],"2":[6],"3":[6,6],"4":[1,5]}}
,"/Users/sanskritikhanal/Desktop/Assignment/Cineghar-Web/cineghar/frontend/app/_components/CTASection.tsx": {"path":"/Users/sanskritikhanal/Desktop/Assignment/Cineghar-Web/cineghar/frontend/app/_components/CTASection.tsx","statementMap":{"0":{"start":{"line":6,"column":24},"end":{"line":6,"column":null}},"1":{"start":{"line":3,"column":17},"end":{"line":3,"column":null}},"2":{"start":{"line":4,"column":25},"end":{"line":4,"column":null}}},"fnMap":{"0":{"name":"CTASection","decl":{"start":{"line":6,"column":24},"end":{"line":6,"column":null}},"loc":{"start":{"line":6,"column":24},"end":{"line":47,"column":null}}}},"branchMap":{},"s":{"0":0,"1":0,"2":0},"f":{"0":0},"b":{}}
,"/Users/sanskritikhanal/Desktop/Assignment/Cineghar-Web/cineghar/frontend/app/_components/CategoriesSection.tsx": {"path":"/Users/sanskritikhanal/Desktop/Assignment/Cineghar-Web/cineghar/frontend/app/_components/CategoriesSection.tsx","statementMap":{"0":{"start":{"line":13,"column":24},"end":{"line":13,"column":null}},"1":{"start":{"line":3,"column":25},"end":{"line":3,"column":null}},"2":{"start":{"line":11,"column":7},"end":{"line":11,"column":null}},"3":{"start":{"line":14,"column":21},"end":{"line":21,"column":null}},"4":{"start":{"line":33,"column":27},"end":{"line":33,"column":40}},"5":{"start":{"line":34,"column":14},"end":{"line":36,"column":null}}},"fnMap":{"0":{"name":"CategoriesSection","decl":{"start":{"line":13,"column":24},"end":{"line":13,"column":null}},"loc":{"start":{"line":13,"column":24},"end":{"line":52,"column":null}}},"1":{"name":"(anonymous_3)","decl":{"start":{"line":32,"column":28},"end":{"line":32,"column":29}},"loc":{"start":{"line":32,"column":39},"end":{"line":46,"column":null}}}},"branchMap":{},"s":{"0":0,"1":0,"2":0,"3":0,"4":0,"5":0},"f":{"0":0,"1":0},"b":{}}
,"/Users/sanskritikhanal/Desktop/Assignment/Cineghar-Web/cineghar/frontend/app/_components/Checkbox.tsx": {"path":"/Users/sanskritikhanal/Desktop/Assignment/Cineghar-Web/cineghar/frontend/app/_components/Checkbox.tsx","statementMap":{"0":{"start":{"line":36,"column":0},"end":{"line":36,"column":15}},"1":{"start":{"line":1,"column":27},"end":{"line":1,"column":null}},"2":{"start":{"line":9,"column":17},"end":{"line":31,"column":null}},"3":{"start":{"line":34,"column":0},"end":{"line":34,"column":null}},"4":{"start":{"line":36,"column":15},"end":{"line":36,"column":null}}},"fnMap":{"0":{"name":"(anonymous_1)","decl":{"start":{"line":10,"column":2},"end":{"line":10,"column":3}},"loc":{"start":{"line":10,"column":37},"end":{"line":31,"column":null}}}},"branchMap":{"0":{"loc":{"start":{"line":26,"column":9},"end":{"line":26,"column":null}},"type":"binary-expr","locations":[{"start":{"line":26,"column":9},"end":{"line":26,"column":null}}]}},"s":{"0":6,"1":1,"2":1,"3":1,"4":1},"f":{"0":6},"b":{"0":[6]}}
,"/Users/sanskritikhanal/Desktop/Assignment/Cineghar-Web/cineghar/frontend/app/_components/DateInput.tsx": {"path":"/Users/sanskritikhanal/Desktop/Assignment/Cineghar-Web/cineghar/frontend/app/_components/DateInput.tsx","statementMap":{"0":{"start":{"line":59,"column":0},"end":{"line":59,"column":15}},"1":{"start":{"line":1,"column":27},"end":{"line":1,"column":null}},"2":{"start":{"line":11,"column":18},"end":{"line":54,"column":null}},"3":{"start":{"line":57,"column":0},"end":{"line":57,"column":null}},"4":{"start":{"line":59,"column":15},"end":{"line":59,"column":null}}},"fnMap":{"0":{"name":"(anonymous_1)","decl":{"start":{"line":12,"column":2},"end":{"line":12,"column":3}},"loc":{"start":{"line":12,"column":50},"end":{"line":54,"column":null}}}},"branchMap":{"0":{"loc":{"start":{"line":44,"column":14},"end":{"line":44,"column":null}},"type":"cond-expr","locations":[{"start":{"line":44,"column":22},"end":{"line":44,"column":41}},{"start":{"line":44,"column":41},"end":{"line":44,"column":null}}]},"1":{"loc":{"start":{"line":49,"column":9},"end":{"line":49,"column":null}},"type":"binary-expr","locations":[{"start":{"line":49,"column":9},"end":{"line":49,"column":null}}]}},"s":{"0":0,"1":0,"2":0,"3":0,"4":0},"f":{"0":0},"b":{"0":[0,0],"1":[0]}}
,"/Users/sanskritikhanal/Desktop/Assignment/Cineghar-Web/cineghar/frontend/app/_components/FeaturesSection.tsx": {"path":"/Users/sanskritikhanal/Desktop/Assignment/Cineghar-Web/cineghar/frontend/app/_components/FeaturesSection.tsx","statementMap":{"0":{"start":{"line":5,"column":24},"end":{"line":5,"column":null}},"1":{"start":{"line":3,"column":25},"end":{"line":3,"column":null}},"2":{"start":{"line":6,"column":19},"end":{"line":22,"column":null}},"3":{"start":{"line":39,"column":14},"end":{"line":40,"column":null}}},"fnMap":{"0":{"name":"FeaturesSection","decl":{"start":{"line":5,"column":24},"end":{"line":5,"column":null}},"loc":{"start":{"line":5,"column":24},"end":{"line":56,"column":null}}},"1":{"name":"(anonymous_3)","decl":{"start":{"line":38,"column":26},"end":{"line":38,"column":27}},"loc":{"start":{"line":39,"column":14},"end":{"line":40,"column":null}}}},"branchMap":{},"s":{"0":0,"1":0,"2":0,"3":0},"f":{"0":0,"1":0},"b":{}}
,"/Users/sanskritikhanal/Desktop/Assignment/Cineghar-Web/cineghar/frontend/app/_components/Footer.tsx": {"path":"/Users/sanskritikhanal/Desktop/Assignment/Cineghar-Web/cineghar/frontend/app/_components/Footer.tsx","statementMap":{"0":{"start":{"line":5,"column":24},"end":{"line":5,"column":null}},"1":{"start":{"line":3,"column":18},"end":{"line":3,"column":null}},"2":{"start":{"line":6,"column":22},"end":{"line":6,"column":null}}},"fnMap":{"0":{"name":"Footer","decl":{"start":{"line":5,"column":24},"end":{"line":5,"column":null}},"loc":{"start":{"line":5,"column":24},"end":{"line":31,"column":null}}}},"branchMap":{},"s":{"0":0,"1":0,"2":0},"f":{"0":0},"b":{}}
,"/Users/sanskritikhanal/Desktop/Assignment/Cineghar-Web/cineghar/frontend/app/_components/FormInput.tsx": {"path":"/Users/sanskritikhanal/Desktop/Assignment/Cineghar-Web/cineghar/frontend/app/_components/FormInput.tsx","statementMap":{"0":{"start":{"line":43,"column":0},"end":{"line":43,"column":15}},"1":{"start":{"line":1,"column":27},"end":{"line":1,"column":null}},"2":{"start":{"line":12,"column":18},"end":{"line":38,"column":null}},"3":{"start":{"line":41,"column":0},"end":{"line":41,"column":null}},"4":{"start":{"line":43,"column":15},"end":{"line":43,"column":null}}},"fnMap":{"0":{"name":"(anonymous_1)","decl":{"start":{"line":13,"column":2},"end":{"line":13,"column":3}},"loc":{"start":{"line":13,"column":65},"end":{"line":38,"column":null}}}},"branchMap":{"0":{"loc":{"start":{"line":13,"column":18},"end":{"line":13,"column":31}},"type":"default-arg","locations":[{"start":{"line":13,"column":25},"end":{"line":13,"column":31}}]},"1":{"loc":{"start":{"line":29,"column":12},"end":{"line":29,"column":null}},"type":"cond-expr","locations":[{"start":{"line":29,"column":20},"end":{"line":29,"column":39}},{"start":{"line":29,"column":39},"end":{"line":29,"column":null}}]},"2":{"loc":{"start":{"line":33,"column":9},"end":{"line":33,"column":null}},"type":"binary-expr","locations":[{"start":{"line":33,"column":9},"end":{"line":33,"column":null}}]}},"s":{"0":6,"1":1,"2":1,"3":1,"4":1},"f":{"0":6},"b":{"0":[0],"1":[0,6],"2":[6]}}
,"/Users/sanskritikhanal/Desktop/Assignment/Cineghar-Web/cineghar/frontend/app/_components/GoogleButton.tsx": {"path":"/Users/sanskritikhanal/Desktop/Assignment/Cineghar-Web/cineghar/frontend/app/_components/GoogleButton.tsx","statementMap":{"0":{"start":{"line":36,"column":0},"end":{"line":36,"column":15}},"1":{"start":{"line":6,"column":21},"end":{"line":34,"column":null}},"2":{"start":{"line":36,"column":15},"end":{"line":36,"column":null}}},"fnMap":{"0":{"name":"(anonymous_1)","decl":{"start":{"line":6,"column":21},"end":{"line":6,"column":22}},"loc":{"start":{"line":6,"column":83},"end":{"line":34,"column":null}}}},"branchMap":{"0":{"loc":{"start":{"line":6,"column":33},"end":{"line":6,"column":62}},"type":"default-arg","locations":[{"start":{"line":6,"column":40},"end":{"line":6,"column":62}}]}},"s":{"0":6,"1":1,"2":1},"f":{"0":6},"b":{"0":[0]}}
,"/Users/sanskritikhanal/Desktop/Assignment/Cineghar-Web/cineghar/frontend/app/_components/HeroSection.tsx": {"path":"/Users/sanskritikhanal/Desktop/Assignment/Cineghar-Web/cineghar/frontend/app/_components/HeroSection.tsx","statementMap":{"0":{"start":{"line":6,"column":24},"end":{"line":6,"column":null}},"1":{"start":{"line":3,"column":17},"end":{"line":3,"column":null}}},"fnMap":{"0":{"name":"HeroSection","decl":{"start":{"line":6,"column":24},"end":{"line":6,"column":null}},"loc":{"start":{"line":6,"column":24},"end":{"line":153,"column":null}}}},"branchMap":{},"s":{"0":0,"1":0},"f":{"0":0},"b":{}}
,"/Users/sanskritikhanal/Desktop/Assignment/Cineghar-Web/cineghar/frontend/app/_components/MoviesPreviewSection.tsx": {"path":"/Users/sanskritikhanal/Desktop/Assignment/Cineghar-Web/cineghar/frontend/app/_components/MoviesPreviewSection.tsx","statementMap":{"0":{"start":{"line":5,"column":24},"end":{"line":5,"column":null}},"1":{"start":{"line":3,"column":25},"end":{"line":3,"column":null}},"2":{"start":{"line":6,"column":17},"end":{"line":38,"column":null}},"3":{"start":{"line":55,"column":14},"end":{"line":56,"column":null}},"4":{"start":{"line":76,"column":20},"end":{"line":77,"column":null}}},"fnMap":{"0":{"name":"MoviesPreviewSection","decl":{"start":{"line":5,"column":24},"end":{"line":5,"column":null}},"loc":{"start":{"line":5,"column":24},"end":{"line":106,"column":null}}},"1":{"name":"(anonymous_3)","decl":{"start":{"line":54,"column":24},"end":{"line":54,"column":25}},"loc":{"start":{"line":55,"column":14},"end":{"line":56,"column":null}}},"2":{"name":"(anonymous_4)","decl":{"start":{"line":75,"column":38},"end":{"line":75,"column":39}},"loc":{"start":{"line":76,"column":20},"end":{"line":77,"column":null}}}},"branchMap":{"0":{"loc":{"start":{"line":65,"column":22},"end":{"line":67,"column":null}},"type":"cond-expr","locations":[{"start":{"line":66,"column":26},"end":{"line":66,"column":null}},{"start":{"line":67,"column":26},"end":{"line":67,"column":null}}]},"1":{"loc":{"start":{"line":89,"column":23},"end":{"line":89,"column":44}},"type":"binary-expr","locations":[{"start":{"line":89,"column":23},"end":{"line":89,"column":44}},{"start":{"line":89,"column":44},"end":{"line":89,"column":56}}]}},"s":{"0":0,"1":0,"2":0,"3":0,"4":0},"f":{"0":0,"1":0,"2":0},"b":{"0":[0,0],"1":[0,0]}}
,"/Users/sanskritikhanal/Desktop/Assignment/Cineghar-Web/cineghar/frontend/app/_components/Navbar.tsx": {"path":"/Users/sanskritikhanal/Desktop/Assignment/Cineghar-Web/cineghar/frontend/app/_components/Navbar.tsx","statementMap":{"0":{"start":{"line":283,"column":0},"end":{"line":283,"column":15}},"1":{"start":{"line":3,"column":36},"end":{"line":3,"column":null}},"2":{"start":{"line":4,"column":18},"end":{"line":4,"column":null}},"3":{"start":{"line":5,"column":17},"end":{"line":5,"column":null}},"4":{"start":{"line":6,"column":28},"end":{"line":6,"column":null}},"5":{"start":{"line":7,"column":24},"end":{"line":7,"column":null}},"6":{"start":{"line":8,"column":32},"end":{"line":8,"column":null}},"7":{"start":{"line":16,"column":15},"end":{"line":281,"column":null}},"8":{"start":{"line":17,"column":19},"end":{"line":17,"column":null}},"9":{"start":{"line":18,"column":44},"end":{"line":18,"column":null}},"10":{"start":{"line":19,"column":44},"end":{"line":19,"column":null}},"11":{"start":{"line":20,"column":38},"end":{"line":20,"column":null}},"12":{"start":{"line":21,"column":40},"end":{"line":21,"column":null}},"13":{"start":{"line":22,"column":38},"end":{"line":22,"column":null}},"14":{"start":{"line":23,"column":44},"end":{"line":23,"column":null}},"15":{"start":{"line":26,"column":21},"end":{"line":26,"column":null}},"16":{"start":{"line":27,"column":24},"end":{"line":27,"column":null}},"17":{"start":{"line":29,"column":2},"end":{"line":77,"column":null}},"18":{"start":{"line":30,"column":4},"end":{"line":30,"column":null}},"19":{"start":{"line":30,"column":21},"end":{"line":30,"column":null}},"20":{"start":{"line":32,"column":25},"end":{"line":71,"column":null}},"21":{"start":{"line":33,"column":29},"end":{"line":33,"column":43}},"22":{"start":{"line":34,"column":6},"end":{"line":34,"column":null}},"23":{"start":{"line":37,"column":6},"end":{"line":41,"column":null}},"24":{"start":{"line":38,"column":8},"end":{"line":38,"column":null}},"25":{"start":{"line":39,"column":13},"end":{"line":41,"column":null}},"26":{"start":{"line":40,"column":8},"end":{"line":40,"column":null}},"27":{"start":{"line":42,"column":6},"end":{"line":42,"column":null}},"28":{"start":{"line":45,"column":23},"end":{"line":51,"column":null}},"29":{"start":{"line":54,"column":6},"end":{"line":59,"column":null}},"30":{"start":{"line":55,"column":24},"end":{"line":55,"column":null}},"31":{"start":{"line":56,"column":8},"end":{"line":58,"column":null}},"32":{"start":{"line":57,"column":10},"end":{"line":57,"column":52}},"33":{"start":{"line":62,"column":20},"end":{"line":62,"column":null}},"34":{"start":{"line":63,"column":6},"end":{"line":68,"column":null}},"35":{"start":{"line":63,"column":19},"end":{"line":63,"column":40}},"36":{"start":{"line":64,"column":8},"end":{"line":67,"column":null}},"37":{"start":{"line":65,"column":10},"end":{"line":65,"column":null}},"38":{"start":{"line":66,"column":10},"end":{"line":66,"column":null}},"39":{"start":{"line":70,"column":6},"end":{"line":70,"column":null}},"40":{"start":{"line":73,"column":4},"end":{"line":73,"column":null}},"41":{"start":{"line":74,"column":4},"end":{"line":74,"column":20}},"42":{"start":{"line":76,"column":4},"end":{"line":76,"column":null}},"43":{"start":{"line":76,"column":17},"end":{"line":76,"column":null}},"44":{"start":{"line":79,"column":34},"end":{"line":84,"column":null}},"45":{"start":{"line":86,"column":39},"end":{"line":91,"column":null}},"46":{"start":{"line":93,"column":30},"end":{"line":93,"column":null}},"47":{"start":{"line":95,"column":25},"end":{"line":104,"column":null}},"48":{"start":{"line":96,"column":4},"end":{"line":103,"column":null}},"49":{"start":{"line":97,"column":6},"end":{"line":97,"column":null}},"50":{"start":{"line":98,"column":24},"end":{"line":98,"column":null}},"51":{"start":{"line":99,"column":22},"end":{"line":99,"column":null}},"52":{"start":{"line":100,"column":6},"end":{"line":102,"column":null}},"53":{"start":{"line":101,"column":8},"end":{"line":101,"column":null}},"54":{"start":{"line":106,"column":2},"end":{"line":128,"column":null}},"55":{"start":{"line":107,"column":4},"end":{"line":110,"column":null}},"56":{"start":{"line":108,"column":6},"end":{"line":108,"column":null}},"57":{"start":{"line":109,"column":6},"end":{"line":109,"column":null}},"58":{"start":{"line":111,"column":20},"end":{"line":111,"column":null}},"59":{"start":{"line":112,"column":25},"end":{"line":123,"column":null}},"60":{"start":{"line":113,"column":6},"end":{"line":122,"column":null}},"61":{"start":{"line":114,"column":20},"end":{"line":114,"column":null}},"62":{"start":{"line":115,"column":8},"end":{"line":117,"column":null}},"63":{"start":{"line":116,"column":10},"end":{"line":116,"column":null}},"64":{"start":{"line":119,"column":8},"end":{"line":121,"column":null}},"65":{"start":{"line":120,"column":10},"end":{"line":120,"column":null}},"66":{"start":{"line":124,"column":4},"end":{"line":124,"column":null}},"67":{"start":{"line":125,"column":4},"end":{"line":127,"column":null}},"68":{"start":{"line":126,"column":6},"end":{"line":126,"column":null}},"69":{"start":{"line":160,"column":16},"end":{"line":165,"column":null}},"70":{"start":{"line":167,"column":14},"end":{"line":169,"column":null}},"71":{"start":{"line":171,"column":34},"end":{"line":171,"column":null}},"72":{"start":{"line":283,"column":15},"end":{"line":283,"column":null}}},"fnMap":{"0":{"name":"(anonymous_2)","decl":{"start":{"line":16,"column":15},"end":{"line":16,"column":null}},"loc":{"start":{"line":16,"column":15},"end":{"line":281,"column":null}}},"1":{"name":"(anonymous_3)","decl":{"start":{"line":29,"column":12},"end":{"line":29,"column":null}},"loc":{"start":{"line":29,"column":12},"end":{"line":77,"column":5}}},"2":{"name":"(anonymous_4)","decl":{"start":{"line":32,"column":25},"end":{"line":32,"column":null}},"loc":{"start":{"line":32,"column":25},"end":{"line":71,"column":null}}},"3":{"name":"(anonymous_5)","decl":{"start":{"line":54,"column":23},"end":{"line":54,"column":24}},"loc":{"start":{"line":54,"column":24},"end":{"line":59,"column":null}}},"4":{"name":"(anonymous_6)","decl":{"start":{"line":76,"column":11},"end":{"line":76,"column":17}},"loc":{"start":{"line":76,"column":17},"end":{"line":76,"column":null}}},"5":{"name":"(anonymous_7)","decl":{"start":{"line":95,"column":25},"end":{"line":95,"column":26}},"loc":{"start":{"line":95,"column":66},"end":{"line":104,"column":null}}},"6":{"name":"(anonymous_8)","decl":{"start":{"line":106,"column":12},"end":{"line":106,"column":null}},"loc":{"start":{"line":106,"column":12},"end":{"line":128,"column":5}}},"7":{"name":"(anonymous_9)","decl":{"start":{"line":112,"column":25},"end":{"line":112,"column":null}},"loc":{"start":{"line":112,"column":25},"end":{"line":123,"column":null}}},"8":{"name":"(anonymous_10)","decl":{"start":{"line":125,"column":11},"end":{"line":125,"column":null}},"loc":{"start":{"line":125,"column":11},"end":{"line":127,"column":null}}},"9":{"name":"(anonymous_11)","decl":{"start":{"line":158,"column":26},"end":{"line":158,"column":27}},"loc":{"start":{"line":158,"column":27},"end":{"line":181,"column":null}}},"10":{"name":"(anonymous_12)","decl":{"start":{"line":171,"column":27},"end":{"line":171,"column":28}},"loc":{"start":{"line":171,"column":34},"end":{"line":171,"column":null}}}},"branchMap":{"0":{"loc":{"start":{"line":30,"column":4},"end":{"line":30,"column":null}},"type":"if","locations":[{"start":{"line":30,"column":4},"end":{"line":30,"column":null}},{"start":{},"end":{}}]},"1":{"loc":{"start":{"line":37,"column":6},"end":{"line":41,"column":null}},"type":"if","locations":[{"start":{"line":37,"column":6},"end":{"line":41,"column":null}},{"start":{"line":39,"column":13},"end":{"line":41,"column":null}}]},"2":{"loc":{"start":{"line":37,"column":10},"end":{"line":37,"column":64}},"type":"binary-expr","locations":[{"start":{"line":37,"column":10},"end":{"line":37,"column":42}},{"start":{"line":37,"column":42},"end":{"line":37,"column":64}}]},"3":{"loc":{"start":{"line":39,"column":13},"end":{"line":41,"column":null}},"type":"if","locations":[{"start":{"line":39,"column":13},"end":{"line":41,"column":null}},{"start":{},"end":{}}]},"4":{"loc":{"start":{"line":39,"column":17},"end":{"line":39,"column":71}},"type":"binary-expr","locations":[{"start":{"line":39,"column":17},"end":{"line":39,"column":49}},{"start":{"line":39,"column":49},"end":{"line":39,"column":71}}]},"5":{"loc":{"start":{"line":56,"column":8},"end":{"line":58,"column":null}},"type":"if","locations":[{"start":{"line":56,"column":8},"end":{"line":58,"column":null}},{"start":{},"end":{}}]},"6":{"loc":{"start":{"line":64,"column":8},"end":{"line":67,"column":null}},"type":"if","locations":[{"start":{"line":64,"column":8},"end":{"line":67,"column":null}},{"start":{},"end":{}}]},"7":{"loc":{"start":{"line":93,"column":30},"end":{"line":93,"column":null}},"type":"cond-expr","locations":[{"start":{"line":93,"column":46},"end":{"line":93,"column":66}},{"start":{"line":93,"column":66},"end":{"line":93,"column":null}}]},"8":{"loc":{"start":{"line":96,"column":4},"end":{"line":103,"column":null}},"type":"if","locations":[{"start":{"line":96,"column":4},"end":{"line":103,"column":null}},{"start":{},"end":{}}]},"9":{"loc":{"start":{"line":100,"column":6},"end":{"line":102,"column":null}},"type":"if","locations":[{"start":{"line":100,"column":6},"end":{"line":102,"column":null}},{"start":{},"end":{}}]},"10":{"loc":{"start":{"line":107,"column":4},"end":{"line":110,"column":null}},"type":"if","locations":[{"start":{"line":107,"column":4},"end":{"line":110,"column":null}},{"start":{},"end":{}}]},"11":{"loc":{"start":{"line":115,"column":8},"end":{"line":117,"column":null}},"type":"if","locations":[{"start":{"line":115,"column":8},"end":{"line":117,"column":null}},{"start":{},"end":{}}]},"12":{"loc":{"start":{"line":115,"column":12},"end":{"line":115,"column":49}},"type":"binary-expr","locations":[{"start":{"line":115,"column":12},"end":{"line":115,"column":26}},{"start":{"line":115,"column":26},"end":{"line":115,"column":37}},{"start":{"line":115,"column":41},"end":{"line":115,"column":49}}]},"13":{"loc":{"start":{"line":116,"column":27},"end":{"line":116,"column":null}},"type":"binary-expr","locations":[{"start":{"line":116,"column":27},"end":{"line":116,"column":49}},{"start":{"line":116,"column":53},"end":{"line":116,"column":null}}]},"14":{"loc":{"start":{"line":119,"column":8},"end":{"line":121,"column":null}},"type":"if","locations":[{"start":{"line":119,"column":8},"end":{"line":121,"column":null}},{"start":{},"end":{}}]},"15":{"loc":{"start":{"line":133,"column":8},"end":{"line":133,"column":null}},"type":"cond-expr","locations":[{"start":{"line":133,"column":21},"end":{"line":133,"column":39}},{"start":{"line":133,"column":39},"end":{"line":133,"column":null}}]},"16":{"loc":{"start":{"line":134,"column":10},"end":{"line":134,"column":73}},"type":"cond-expr","locations":[{"start":{"line":134,"column":55},"end":{"line":134,"column":69}},{"start":{"line":134,"column":69},"end":{"line":134,"column":73}}]},"17":{"loc":{"start":{"line":134,"column":10},"end":{"line":134,"column":55}},"type":"binary-expr","locations":[{"start":{"line":134,"column":10},"end":{"line":134,"column":24}},{"start":{"line":134,"column":24},"end":{"line":134,"column":39}},{"start":{"line":134,"column":39},"end":{"line":134,"column":55}}]},"18":{"loc":{"start":{"line":160,"column":16},"end":{"line":165,"column":null}},"type":"cond-expr","locations":[{"start":{"line":161,"column":20},"end":{"line":161,"column":42}},{"start":{"line":162,"column":20},"end":{"line":165,"column":null}}]},"19":{"loc":{"start":{"line":162,"column":20},"end":{"line":165,"column":null}},"type":"binary-expr","locations":[{"start":{"line":162,"column":20},"end":{"line":162,"column":null}},{"start":{"line":163,"column":20},"end":{"line":163,"column":34}},{"start":{"line":164,"column":20},"end":{"line":164,"column":50}},{"start":{"line":165,"column":21},"end":{"line":165,"column":42}},{"start":{"line":165,"column":42},"end":{"line":165,"column":67}}]},"20":{"loc":{"start":{"line":173,"column":20},"end":{"line":175,"column":null}},"type":"cond-expr","locations":[{"start":{"line":174,"column":24},"end":{"line":174,"column":null}},{"start":{"line":175,"column":24},"end":{"line":175,"column":null}}]},"21":{"loc":{"start":{"line":192,"column":18},"end":{"line":194,"column":null}},"type":"cond-expr","locations":[{"start":{"line":193,"column":22},"end":{"line":193,"column":null}},{"start":{"line":194,"column":22},"end":{"line":194,"column":null}}]},"22":{"loc":{"start":{"line":192,"column":18},"end":{"line":192,"column":null}},"type":"binary-expr","locations":[{"start":{"line":192,"column":18},"end":{"line":192,"column":32}},{"start":{"line":192,"column":32},"end":{"line":192,"column":47}},{"start":{"line":192,"column":47},"end":{"line":192,"column":null}}]},"23":{"loc":{"start":{"line":207,"column":28},"end":{"line":207,"column":null}},"type":"cond-expr","locations":[{"start":{"line":207,"column":73},"end":{"line":207,"column":82}},{"start":{"line":207,"column":82},"end":{"line":207,"column":null}}]},"24":{"loc":{"start":{"line":207,"column":28},"end":{"line":207,"column":73}},"type":"binary-expr","locations":[{"start":{"line":207,"column":28},"end":{"line":207,"column":42}},{"start":{"line":207,"column":42},"end":{"line":207,"column":57}},{"start":{"line":207,"column":57},"end":{"line":207,"column":73}}]},"25":{"loc":{"start":{"line":217,"column":14},"end":{"line":261,"column":15}},"type":"cond-expr","locations":[{"start":{"line":217,"column":14},"end":{"line":261,"column":15}}]},"26":{"loc":{"start":{"line":218,"column":17},"end":{"line":218,"column":null}},"type":"binary-expr","locations":[{"start":{"line":218,"column":17},"end":{"line":218,"column":null}}]},"27":{"loc":{"start":{"line":231,"column":22},"end":{"line":237,"column":45}},"type":"cond-expr","locations":[{"start":{"line":231,"column":22},"end":{"line":237,"column":45}}]},"28":{"loc":{"start":{"line":232,"column":32},"end":{"line":232,"column":98}},"type":"binary-expr","locations":[{"start":{"line":232,"column":32},"end":{"line":232,"column":68}},{"start":{"line":232,"column":72},"end":{"line":232,"column":98}}]},"29":{"loc":{"start":{"line":233,"column":29},"end":{"line":233,"column":null}},"type":"binary-expr","locations":[{"start":{"line":233,"column":29},"end":{"line":233,"column":43}},{"start":{"line":233,"column":43},"end":{"line":233,"column":58}},{"start":{"line":233,"column":58},"end":{"line":233,"column":null}}]},"30":{"loc":{"start":{"line":239,"column":25},"end":{"line":241,"column":null}},"type":"binary-expr","locations":[{"start":{"line":239,"column":25},"end":{"line":239,"column":null}},{"start":{"line":240,"column":26},"end":{"line":240,"column":null}},{"start":{"line":241,"column":26},"end":{"line":241,"column":null}}]},"31":{"loc":{"start":{"line":247,"column":22},"end":{"line":247,"column":null}},"type":"cond-expr","locations":[{"start":{"line":247,"column":67},"end":{"line":247,"column":82}},{"start":{"line":247,"column":82},"end":{"line":247,"column":null}}]},"32":{"loc":{"start":{"line":247,"column":22},"end":{"line":247,"column":67}},"type":"binary-expr","locations":[{"start":{"line":247,"column":22},"end":{"line":247,"column":36}},{"start":{"line":247,"column":36},"end":{"line":247,"column":51}},{"start":{"line":247,"column":51},"end":{"line":247,"column":67}}]},"33":{"loc":{"start":{"line":250,"column":21},"end":{"line":250,"column":null}},"type":"binary-expr","locations":[{"start":{"line":250,"column":21},"end":{"line":250,"column":35}},{"start":{"line":250,"column":35},"end":{"line":250,"column":null}}]}},"s":{"0":1,"1":1,"2":1,"3":1,"4":1,"5":1,"6":1,"7":1,"8":2,"9":2,"10":2,"11":2,"12":2,"13":2,"14":2,"15":2,"16":2,"17":2,"18":1,"19":0,"20":1,"21":1,"22":1,"23":1,"24":1,"25":0,"26":0,"27":1,"28":1,"29":1,"30":5,"31":5,"32":0,"33":1,"34":1,"35":1,"36":1,"37":1,"38":1,"39":1,"40":1,"41":1,"42":1,"43":1,"44":2,"45":2,"46":2,"47":2,"48":0,"49":0,"50":0,"51":0,"52":0,"53":0,"54":2,"55":1,"56":1,"57":1,"58":0,"59":0,"60":0,"61":0,"62":0,"63":0,"64":0,"65":0,"66":0,"67":0,"68":0,"69":8,"70":8,"71":0,"72":1},"f":{"0":2,"1":1,"2":1,"3":5,"4":1,"5":0,"6":1,"7":0,"8":0,"9":8,"10":0},"b":{"0":[0,1],"1":[1,0],"2":[1,1],"3":[0,0],"4":[0,0],"5":[0,5],"6":[1,0],"7":[0,2],"8":[0,0],"9":[0,0],"10":[1,0],"11":[0,0],"12":[0,0,0],"13":[0,0],"14":[0,0],"15":[2,0],"16":[0,2],"17":[2,2,2],"18":[0,8],"19":[8,8,8,1,0],"20":[1,7],"21":[0,2],"22":[2,2,2],"23":[0,2],"24":[2,2,2],"25":[0],"26":[0],"27":[0],"28":[0,0],"29":[0,0,0],"30":[0,0,0],"31":[0,0],"32":[0,0,0],"33":[0,0]}}
,"/Users/sanskritikhanal/Desktop/Assignment/Cineghar-Web/cineghar/frontend/app/_components/PasswordInput.tsx": {"path":"/Users/sanskritikhanal/Desktop/Assignment/Cineghar-Web/cineghar/frontend/app/_components/PasswordInput.tsx","statementMap":{"0":{"start":{"line":87,"column":0},"end":{"line":87,"column":15}},"1":{"start":{"line":1,"column":37},"end":{"line":1,"column":null}},"2":{"start":{"line":11,"column":22},"end":{"line":82,"column":null}},"3":{"start":{"line":13,"column":44},"end":{"line":13,"column":null}},"4":{"start":{"line":37,"column":27},"end":{"line":37,"column":null}},"5":{"start":{"line":85,"column":0},"end":{"line":85,"column":null}},"6":{"start":{"line":87,"column":15},"end":{"line":87,"column":null}}},"fnMap":{"0":{"name":"(anonymous_1)","decl":{"start":{"line":12,"column":2},"end":{"line":12,"column":3}},"loc":{"start":{"line":12,"column":50},"end":{"line":82,"column":null}}},"1":{"name":"(anonymous_2)","decl":{"start":{"line":37,"column":21},"end":{"line":37,"column":27}},"loc":{"start":{"line":37,"column":27},"end":{"line":37,"column":null}}}},"branchMap":{"0":{"loc":{"start":{"line":27,"column":18},"end":{"line":27,"column":null}},"type":"cond-expr","locations":[{"start":{"line":27,"column":33},"end":{"line":27,"column":42}},{"start":{"line":27,"column":42},"end":{"line":27,"column":null}}]},"1":{"loc":{"start":{"line":31,"column":14},"end":{"line":31,"column":null}},"type":"cond-expr","locations":[{"start":{"line":31,"column":22},"end":{"line":31,"column":41}},{"start":{"line":31,"column":41},"end":{"line":31,"column":null}}]},"2":{"loc":{"start":{"line":41,"column":14},"end":{"line":55,"column":15}},"type":"cond-expr","locations":[{"start":{"line":41,"column":14},"end":{"line":55,"column":15}}]},"3":{"loc":{"start":{"line":77,"column":9},"end":{"line":77,"column":null}},"type":"binary-expr","locations":[{"start":{"line":77,"column":9},"end":{"line":77,"column":null}}]}},"s":{"0":6,"1":1,"2":1,"3":6,"4":0,"5":1,"6":1},"f":{"0":6,"1":0},"b":{"0":[0,6],"1":[0,6],"2":[0],"3":[6]}}
,"/Users/sanskritikhanal/Desktop/Assignment/Cineghar-Web/cineghar/frontend/app/_components/ProtectedRoute.tsx": {"path":"/Users/sanskritikhanal/Desktop/Assignment/Cineghar-Web/cineghar/frontend/app/_components/ProtectedRoute.tsx","statementMap":{"0":{"start":{"line":8,"column":24},"end":{"line":8,"column":39}},"1":{"start":{"line":3,"column":26},"end":{"line":3,"column":null}},"2":{"start":{"line":4,"column":26},"end":{"line":4,"column":null}},"3":{"start":{"line":5,"column":24},"end":{"line":5,"column":null}},"4":{"start":{"line":6,"column":23},"end":{"line":6,"column":null}},"5":{"start":{"line":13,"column":47},"end":{"line":13,"column":null}},"6":{"start":{"line":14,"column":17},"end":{"line":14,"column":null}},"7":{"start":{"line":16,"column":2},"end":{"line":27,"column":null}},"8":{"start":{"line":17,"column":4},"end":{"line":17,"column":null}},"9":{"start":{"line":17,"column":19},"end":{"line":17,"column":null}},"10":{"start":{"line":19,"column":4},"end":{"line":22,"column":null}},"11":{"start":{"line":20,"column":6},"end":{"line":20,"column":null}},"12":{"start":{"line":21,"column":6},"end":{"line":21,"column":null}},"13":{"start":{"line":24,"column":4},"end":{"line":26,"column":null}},"14":{"start":{"line":25,"column":6},"end":{"line":25,"column":null}},"15":{"start":{"line":29,"column":2},"end":{"line":38,"column":null}},"16":{"start":{"line":41,"column":2},"end":{"line":43,"column":null}},"17":{"start":{"line":42,"column":4},"end":{"line":42,"column":null}}},"fnMap":{"0":{"name":"ProtectedRoute","decl":{"start":{"line":8,"column":24},"end":{"line":8,"column":39}},"loc":{"start":{"line":12,"column":1},"end":{"line":46,"column":null}}},"1":{"name":"(anonymous_2)","decl":{"start":{"line":16,"column":12},"end":{"line":16,"column":null}},"loc":{"start":{"line":16,"column":12},"end":{"line":27,"column":5}}}},"branchMap":{"0":{"loc":{"start":{"line":17,"column":4},"end":{"line":17,"column":null}},"type":"if","locations":[{"start":{"line":17,"column":4},"end":{"line":17,"column":null}},{"start":{},"end":{}}]},"1":{"loc":{"start":{"line":19,"column":4},"end":{"line":22,"column":null}},"type":"if","locations":[{"start":{"line":19,"column":4},"end":{"line":22,"column":null}},{"start":{},"end":{}}]},"2":{"loc":{"start":{"line":24,"column":4},"end":{"line":26,"column":null}},"type":"if","locations":[{"start":{"line":24,"column":4},"end":{"line":26,"column":null}},{"start":{},"end":{}}]},"3":{"loc":{"start":{"line":29,"column":2},"end":{"line":38,"column":null}},"type":"if","locations":[{"start":{"line":29,"column":2},"end":{"line":38,"column":null}},{"start":{},"end":{}}]},"4":{"loc":{"start":{"line":41,"column":2},"end":{"line":43,"column":null}},"type":"if","locations":[{"start":{"line":41,"column":2},"end":{"line":43,"column":null}},{"start":{},"end":{}}]},"5":{"loc":{"start":{"line":41,"column":6},"end":{"line":41,"column":50}},"type":"binary-expr","locations":[{"start":{"line":41,"column":6},"end":{"line":41,"column":26}},{"start":{"line":41,"column":26},"end":{"line":41,"column":50}}]}},"s":{"0":1,"1":1,"2":1,"3":1,"4":1,"5":1,"6":1,"7":1,"8":1,"9":0,"10":1,"11":0,"12":0,"13":1,"14":0,"15":1,"16":1,"17":0},"f":{"0":1,"1":1},"b":{"0":[0,1],"1":[0,1],"2":[0,1],"3":[0,1],"4":[0,1],"5":[1,1]}}
,"/Users/sanskritikhanal/Desktop/Assignment/Cineghar-Web/cineghar/frontend/app/_components/ScrollReveal.tsx": {"path":"/Users/sanskritikhanal/Desktop/Assignment/Cineghar-Web/cineghar/frontend/app/_components/ScrollReveal.tsx","statementMap":{"0":{"start":{"line":10,"column":24},"end":{"line":10,"column":37}},"1":{"start":{"line":3,"column":45},"end":{"line":3,"column":null}},"2":{"start":{"line":11,"column":14},"end":{"line":11,"column":null}},"3":{"start":{"line":13,"column":2},"end":{"line":36,"column":null}},"4":{"start":{"line":14,"column":20},"end":{"line":14,"column":31}},"5":{"start":{"line":15,"column":4},"end":{"line":15,"column":null}},"6":{"start":{"line":15,"column":18},"end":{"line":15,"column":null}},"7":{"start":{"line":17,"column":21},"end":{"line":26,"column":null}},"8":{"start":{"line":19,"column":8},"end":{"line":24,"column":null}},"9":{"start":{"line":20,"column":10},"end":{"line":23,"column":null}},"10":{"start":{"line":21,"column":12},"end":{"line":21,"column":null}},"11":{"start":{"line":22,"column":12},"end":{"line":22,"column":null}},"12":{"start":{"line":29,"column":4},"end":{"line":29,"column":null}},"13":{"start":{"line":31,"column":4},"end":{"line":35,"column":null}},"14":{"start":{"line":32,"column":6},"end":{"line":34,"column":null}},"15":{"start":{"line":33,"column":8},"end":{"line":33,"column":null}}},"fnMap":{"0":{"name":"ScrollReveal","decl":{"start":{"line":10,"column":24},"end":{"line":10,"column":37}},"loc":{"start":{"line":10,"column":84},"end":{"line":43,"column":null}}},"1":{"name":"(anonymous_2)","decl":{"start":{"line":13,"column":12},"end":{"line":13,"column":null}},"loc":{"start":{"line":13,"column":12},"end":{"line":36,"column":5}}},"2":{"name":"(anonymous_3)","decl":{"start":{"line":18,"column":6},"end":{"line":18,"column":7}},"loc":{"start":{"line":18,"column":7},"end":{"line":25,"column":null}}},"3":{"name":"(anonymous_4)","decl":{"start":{"line":19,"column":24},"end":{"line":19,"column":25}},"loc":{"start":{"line":19,"column":25},"end":{"line":24,"column":null}}},"4":{"name":"(anonymous_5)","decl":{"start":{"line":31,"column":11},"end":{"line":31,"column":null}},"loc":{"start":{"line":31,"column":11},"end":{"line":35,"column":null}}}},"branchMap":{"0":{"loc":{"start":{"line":10,"column":49},"end":{"line":10,"column":63}},"type":"default-arg","locations":[{"start":{"line":10,"column":61},"end":{"line":10,"column":63}}]},"1":{"loc":{"start":{"line":15,"column":4},"end":{"line":15,"column":null}},"type":"if","locations":[{"start":{"line":15,"column":4},"end":{"line":15,"column":null}},{"start":{},"end":{}}]},"2":{"loc":{"start":{"line":20,"column":10},"end":{"line":23,"column":null}},"type":"if","locations":[{"start":{"line":20,"column":10},"end":{"line":23,"column":null}},{"start":{},"end":{}}]},"3":{"loc":{"start":{"line":32,"column":6},"end":{"line":34,"column":null}},"type":"if","locations":[{"start":{"line":32,"column":6},"end":{"line":34,"column":null}},{"start":{},"end":{}}]}},"s":{"0":0,"1":0,"2":0,"3":0,"4":0,"5":0,"6":0,"7":0,"8":0,"9":0,"10":0,"11":0,"12":0,"13":0,"14":0,"15":0},"f":{"0":0,"1":0,"2":0,"3":0,"4":0},"b":{"0":[0],"1":[0,0],"2":[0,0],"3":[0,0]}}
,"/Users/sanskritikhanal/Desktop/Assignment/Cineghar-Web/cineghar/frontend/app/_components/Separator.tsx": {"path":"/Users/sanskritikhanal/Desktop/Assignment/Cineghar-Web/cineghar/frontend/app/_components/Separator.tsx","statementMap":{"0":{"start":{"line":11,"column":0},"end":{"line":11,"column":15}},"1":{"start":{"line":1,"column":18},"end":{"line":9,"column":null}},"2":{"start":{"line":11,"column":15},"end":{"line":11,"column":null}}},"fnMap":{"0":{"name":"(anonymous_1)","decl":{"start":{"line":1,"column":18},"end":{"line":1,"column":19}},"loc":{"start":{"line":1,"column":53},"end":{"line":9,"column":null}}}},"branchMap":{"0":{"loc":{"start":{"line":1,"column":21},"end":{"line":1,"column":32}},"type":"default-arg","locations":[{"start":{"line":1,"column":28},"end":{"line":1,"column":32}}]}},"s":{"0":6,"1":1,"2":1},"f":{"0":6},"b":{"0":[6]}}
,"/Users/sanskritikhanal/Desktop/Assignment/Cineghar-Web/cineghar/frontend/app/_components/Toast.tsx": {"path":"/Users/sanskritikhanal/Desktop/Assignment/Cineghar-Web/cineghar/frontend/app/_components/Toast.tsx","statementMap":{"0":{"start":{"line":79,"column":0},"end":{"line":79,"column":15}},"1":{"start":{"line":3,"column":26},"end":{"line":3,"column":null}},"2":{"start":{"line":12,"column":14},"end":{"line":77,"column":null}},"3":{"start":{"line":13,"column":2},"end":{"line":19,"column":null}},"4":{"start":{"line":14,"column":18},"end":{"line":16,"column":null}},"5":{"start":{"line":15,"column":6},"end":{"line":15,"column":null}},"6":{"start":{"line":18,"column":4},"end":{"line":18,"column":null}},"7":{"start":{"line":18,"column":17},"end":{"line":18,"column":null}},"8":{"start":{"line":21,"column":24},"end":{"line":25,"column":null}},"9":{"start":{"line":79,"column":15},"end":{"line":79,"column":null}}},"fnMap":{"0":{"name":"(anonymous_1)","decl":{"start":{"line":12,"column":14},"end":{"line":12,"column":15}},"loc":{"start":{"line":12,"column":82},"end":{"line":77,"column":null}}},"1":{"name":"(anonymous_2)","decl":{"start":{"line":13,"column":12},"end":{"line":13,"column":null}},"loc":{"start":{"line":13,"column":12},"end":{"line":19,"column":5}}},"2":{"name":"(anonymous_3)","decl":{"start":{"line":14,"column":29},"end":{"line":14,"column":null}},"loc":{"start":{"line":14,"column":29},"end":{"line":16,"column":7}}},"3":{"name":"(anonymous_4)","decl":{"start":{"line":18,"column":11},"end":{"line":18,"column":17}},"loc":{"start":{"line":18,"column":17},"end":{"line":18,"column":null}}}},"branchMap":{"0":{"loc":{"start":{"line":12,"column":26},"end":{"line":12,"column":42}},"type":"default-arg","locations":[{"start":{"line":12,"column":36},"end":{"line":12,"column":42}}]},"1":{"loc":{"start":{"line":12,"column":53},"end":{"line":12,"column":68}},"type":"default-arg","locations":[{"start":{"line":12,"column":64},"end":{"line":12,"column":68}}]},"2":{"loc":{"start":{"line":34,"column":11},"end":{"line":34,"column":null}},"type":"binary-expr","locations":[{"start":{"line":34,"column":11},"end":{"line":34,"column":null}}]},"3":{"loc":{"start":{"line":47,"column":11},"end":{"line":47,"column":null}},"type":"binary-expr","locations":[{"start":{"line":47,"column":11},"end":{"line":47,"column":null}}]}},"s":{"0":0,"1":0,"2":0,"3":0,"4":0,"5":0,"6":0,"7":0,"8":0,"9":0},"f":{"0":0,"1":0,"2":0,"3":0},"b":{"0":[0],"1":[0],"2":[0],"3":[0]}}
[...]
,"/Users/sanskritikhanal/Desktop/Assignment/Cineghar-Web/cineghar/frontend/lib/api/loyalty.ts": {"path":"/Users/sanskritikhanal/Desktop/Assignment/Cineghar-Web/cineghar/frontend/lib/api/loyalty.ts","statementMap":{"0":{"start":{"line":21,"column":13},"end":{"line":21,"column":31}},"1":{"start":{"line":1,"column":18},"end":{"line":1,"column":null}},"2":{"start":{"line":2,"column":20},"end":{"line":2,"column":null}},"3":{"start":{"line":21,"column":31},"end":{"line":24,"column":null}},"4":{"start":{"line":22,"column":19},"end":{"line":22,"column":null}},"5":{"start":{"line":23,"column":2},"end":{"line":23,"column":null}}},"fnMap":{"0":{"name":"(anonymous_2)","decl":{"start":{"line":21,"column":31},"end":{"line":21,"column":null}},"loc":{"start":{"line":21,"column":31},"end":{"line":24,"column":null}}}},"branchMap":{},"s":{"0":0,"1":0,"2":0,"3":0,"4":0,"5":0},"f":{"0":0},"b":{}}
,"/Users/sanskritikhanal/Desktop/Assignment/Cineghar-Web/cineghar/frontend/lib/api/movies.ts": {"path":"/Users/sanskritikhanal/Desktop/Assignment/Cineghar-Web/cineghar/frontend/lib/api/movies.ts","statementMap":{"0":{"start":{"line":80,"column":13},"end":{"line":80,"column":27}},"1":{"start":{"line":36,"column":13},"end":{"line":36,"column":25}},"2":{"start":{"line":1,"column":26},"end":{"line":1,"column":null}},"3":{"start":{"line":36,"column":25},"end":{"line":74,"column":null}},"4":{"start":{"line":41,"column":21},"end":{"line":43,"column":null}},"5":{"start":{"line":44,"column":4},"end":{"line":44,"column":null}},"6":{"start":{"line":51,"column":21},"end":{"line":53,"column":null}},"7":{"start":{"line":54,"column":4},"end":{"line":54,"column":null}},"8":{"start":{"line":61,"column":21},"end":{"line":63,"column":null}},"9":{"start":{"line":64,"column":4},"end":{"line":64,"column":null}},"10":{"start":{"line":71,"column":21},"end":{"line":71,"column":null}},"11":{"start":{"line":72,"column":4},"end":{"line":72,"column":null}},"12":{"start":{"line":80,"column":27},"end":{"line":83,"column":null}},"13":{"start":{"line":81,"column":2},"end":{"line":81,"column":null}},"14":{"start":{"line":81,"column":13},"end":{"line":81,"column":null}},"15":{"start":{"line":82,"column":2},"end":{"line":82,"column":null}}},"fnMap":{"0":{"name":"(anonymous_4)","decl":{"start":{"line":40,"column":20},"end":{"line":40,"column":27}},"loc":{"start":{"line":40,"column":43},"end":{"line":45,"column":null}}},"1":{"name":"(anonymous_5)","decl":{"start":{"line":50,"column":21},"end":{"line":50,"column":28}},"loc":{"start":{"line":50,"column":44},"end":{"line":55,"column":null}}},"2":{"name":"(anonymous_6)","decl":{"start":{"line":60,"column":16},"end":{"line":60,"column":23}},"loc":{"start":{"line":60,"column":54},"end":{"line":65,"column":null}}},"3":{"name":"(anonymous_7)","decl":{"start":{"line":70,"column":19},"end":{"line":70,"column":26}},"loc":{"start":{"line":70,"column":26},"end":{"line":73,"column":null}}},"4":{"name":"(anonymous_8)","decl":{"start":{"line":80,"column":27},"end":{"line":80,"column":28}},"loc":{"start":{"line":80,"column":70},"end":{"line":83,"column":null}}}},"branchMap":{"0":{"loc":{"start":{"line":40,"column":27},"end":{"line":40,"column":43}},"type":"default-arg","locations":[{"start":{"line":40,"column":42},"end":{"line":40,"column":43}}]},"1":{"loc":{"start":{"line":50,"column":28},"end":{"line":50,"column":44}},"type":"default-arg","locations":[{"start":{"line":50,"column":43},"end":{"line":50,"column":44}}]},"2":{"loc":{"start":{"line":60,"column":38},"end":{"line":60,"column":54}},"type":"default-arg","locations":[{"start":{"line":60,"column":53},"end":{"line":60,"column":54}}]},"3":{"loc":{"start":{"line":80,"column":49},"end":{"line":80,"column":70}},"type":"default-arg","locations":[{"start":{"line":80,"column":64},"end":{"line":80,"column":70}}]},"4":{"loc":{"start":{"line":81,"column":2},"end":{"line":81,"column":null}},"type":"if","locations":[{"start":{"line":81,"column":2},"end":{"line":81,"column":null}},{"start":{},"end":{}}]}},"s":{"0":0,"1":0,"2":0,"3":0,"4":0,"5":0,"6":0,"7":0,"8":0,"9":0,"10":0,"11":0,"12":0,"13":0,"14":0,"15":0},"f":{"0":0,"1":0,"2":0,"3":0,"4":0},"b":{"0":[0],"1":[0],"2":[0],"3":[0],"4":[0,0]}}
,"/Users/sanskritikhanal/Desktop/Assignment/Cineghar-Web/cineghar/frontend/lib/api/offers.ts": {"path":"/Users/sanskritikhanal/Desktop/Assignment/Cineghar-Web/cineghar/frontend/lib/api/offers.ts","statementMap":{"0":{"start":{"line":21,"column":13},"end":{"line":21,"column":34}},"1":{"start":{"line":1,"column":18},"end":{"line":1,"column":null}},"2":{"start":{"line":2,"column":20},"end":{"line":2,"column":null}},"3":{"start":{"line":21,"column":34},"end":{"line":24,"column":null}},"4":{"start":{"line":22,"column":19},"end":{"line":22,"column":null}},"5":{"start":{"line":23,"column":2},"end":{"line":23,"column":null}}},"fnMap":{"0":{"name":"(anonymous_2)","decl":{"start":{"line":21,"column":34},"end":{"line":21,"column":null}},"loc":{"start":{"line":21,"column":34},"end":{"line":24,"column":null}}}},"branchMap":{},"s":{"0":0,"1":0,"2":0,"3":0,"4":0,"5":0},"f":{"0":0},"b":{}}
,"/Users/sanskritikhanal/Desktop/Assignment/Cineghar-Web/cineghar/frontend/lib/api/orders.ts": {"path":"/Users/sanskritikhanal/Desktop/Assignment/Cineghar-Web/cineghar/frontend/lib/api/orders.ts","statementMap":{"0":{"start":{"line":22,"column":13},"end":{"line":22,"column":30}},"1":{"start":{"line":1,"column":18},"end":{"line":1,"column":null}},"2":{"start":{"line":2,"column":20},"end":{"line":2,"column":null}},"3":{"start":{"line":22,"column":30},"end":{"line":27,"column":null}},"4":{"start":{"line":23,"column":19},"end":{"line":25,"column":null}},"5":{"start":{"line":26,"column":2},"end":{"line":26,"column":null}}},"fnMap":{"0":{"name":"(anonymous_2)","decl":{"start":{"line":22,"column":30},"end":{"line":22,"column":37}},"loc":{"start":{"line":22,"column":37},"end":{"line":27,"column":null}}}},"branchMap":{"0":{"loc":{"start":{"line":24,"column":12},"end":{"line":24,"column":null}},"type":"binary-expr","locations":[{"start":{"line":24,"column":12},"end":{"line":24,"column":22}},{"start":{"line":24,"column":22},"end":{"line":24,"column":null}}]}},"s":{"0":0,"1":0,"2":0,"3":0,"4":0,"5":0},"f":{"0":0},"b":{"0":[0,0]}}
,"/Users/sanskritikhanal/Desktop/Assignment/Cineghar-Web/cineghar/frontend/lib/api/payment.ts": {"path":"/Users/sanskritikhanal/Desktop/Assignment/Cineghar-Web/cineghar/frontend/lib/api/payment.ts","statementMap":{"0":{"start":{"line":60,"column":13},"end":{"line":60,"column":33}},"1":{"start":{"line":42,"column":13},"end":{"line":42,"column":40}},"2":{"start":{"line":52,"column":13},"end":{"line":52,"column":38}},"3":{"start":{"line":1,"column":18},"end":{"line":1,"column":null}},"4":{"start":{"line":2,"column":20},"end":{"line":2,"column":null}},"5":{"start":{"line":42,"column":40},"end":{"line":50,"column":null}},"6":{"start":{"line":45,"column":19},"end":{"line":47,"column":null}},"7":{"start":{"line":49,"column":2},"end":{"line":49,"column":null}},"8":{"start":{"line":52,"column":38},"end":{"line":58,"column":null}},"9":{"start":{"line":53,"column":19},"end":{"line":55,"column":null}},"10":{"start":{"line":57,"column":2},"end":{"line":57,"column":null}},"11":{"start":{"line":60,"column":33},"end":{"line":69,"column":null}},"12":{"start":{"line":64,"column":19},"end":{"line":66,"column":null}},"13":{"start":{"line":68,"column":2},"end":{"line":68,"column":null}}},"fnMap":{"0":{"name":"(anonymous_5)","decl":{"start":{"line":42,"column":40},"end":{"line":42,"column":null}},"loc":{"start":{"line":43,"column":2},"end":{"line":50,"column":null}}},"1":{"name":"(anonymous_6)","decl":{"start":{"line":52,"column":38},"end":{"line":52,"column":45}},"loc":{"start":{"line":52,"column":45},"end":{"line":58,"column":null}}},"2":{"name":"(anonymous_7)","decl":{"start":{"line":60,"column":33},"end":{"line":60,"column":40}},"loc":{"start":{"line":60,"column":40},"end":{"line":69,"column":null}}}},"branchMap":{},"s":{"0":0,"1":0,"2":0,"3":0,"4":0,"5":0,"6":0,"7":0,"8":0,"9":0,"10":0,"11":0,"12":0,"13":0},"f":{"0":0,"1":0,"2":0},"b":{}}
,"/Users/sanskritikhanal/Desktop/Assignment/Cineghar-Web/cineghar/frontend/lib/api/publicMovies.ts": {"path":"/Users/sanskritikhanal/Desktop/Assignment/Cineghar-Web/cineghar/frontend/lib/api/publicMovies.ts","statementMap":{"0":{"start":{"line":45,"column":13},"end":{"line":45,"column":31}},"1":{"start":{"line":34,"column":13},"end":{"line":34,"column":28}},"2":{"start":{"line":53,"column":13},"end":{"line":53,"column":28}},"3":{"start":{"line":1,"column":18},"end":{"line":1,"column":null}},"4":{"start":{"line":2,"column":20},"end":{"line":2,"column":null}},"5":{"start":{"line":4,"column":17},"end":{"line":4,"column":null}},"6":{"start":{"line":34,"column":28},"end":{"line":43,"column":null}},"7":{"start":{"line":39,"column":19},"end":{"line":41,"column":null}},"8":{"start":{"line":42,"column":2},"end":{"line":42,"column":null}},"9":{"start":{"line":45,"column":31},"end":{"line":48,"column":null}},"10":{"start":{"line":46,"column":19},"end":{"line":46,"column":null}},"11":{"start":{"line":47,"column":2},"end":{"line":47,"column":null}},"12":{"start":{"line":53,"column":28},"end":{"line":57,"column":null}},"13":{"start":{"line":54,"column":2},"end":{"line":54,"column":null}},"14":{"start":{"line":54,"column":18},"end":{"line":54,"column":null}},"15":{"start":{"line":55,"column":2},"end":{"line":55,"column":null}},"16":{"start":{"line":55,"column":36},"end":{"line":55,"column":null}},"17":{"start":{"line":56,"column":2},"end":{"line":56,"column":null}}},"fnMap":{"0":{"name":"(anonymous_5)","decl":{"start":{"line":34,"column":28},"end":{"line":34,"column":35}},"loc":{"start":{"line":34,"column":35},"end":{"line":43,"column":null}}},"1":{"name":"(anonymous_6)","decl":{"start":{"line":45,"column":31},"end":{"line":45,"column":38}},"loc":{"start":{"line":45,"column":38},"end":{"line":48,"column":null}}},"2":{"name":"(anonymous_7)","decl":{"start":{"line":53,"column":28},"end":{"line":53,"column":29}},"loc":{"start":{"line":53,"column":29},"end":{"line":57,"column":null}}}},"branchMap":{"0":{"loc":{"start":{"line":4,"column":17},"end":{"line":4,"column":null}},"type":"binary-expr","locations":[{"start":{"line":4,"column":17},"end":{"line":4,"column":53}},{"start":{"line":4,"column":57},"end":{"line":4,"column":null}}]},"1":{"loc":{"start":{"line":40,"column":12},"end":{"line":40,"column":null}},"type":"binary-expr","locations":[{"start":{"line":40,"column":12},"end":{"line":40,"column":22}},{"start":{"line":40,"column":22},"end":{"line":40,"column":null}}]},"2":{"loc":{"start":{"line":54,"column":2},"end":{"line":54,"column":null}},"type":"if","locations":[{"start":{"line":54,"column":2},"end":{"line":54,"column":null}},{"start":{},"end":{}}]},"3":{"loc":{"start":{"line":55,"column":2},"end":{"line":55,"column":null}},"type":"if","locations":[{"start":{"line":55,"column":2},"end":{"line":55,"column":null}},{"start":{},"end":{}}]}},"s":{"0":0,"1":0,"2":0,"3":0,"4":0,"5":0,"6":0,"7":0,"8":0,"9":0,"10":0,"11":0,"12":0,"13":0,"14":0,"15":0,"16":0,"17":0},"f":{"0":0,"1":0,"2":0},"b":{"0":[0,0],"1":[0,0],"2":[0,0],"3":[0,0]}}
,"/Users/sanskritikhanal/Desktop/Assignment/Cineghar-Web/cineghar/frontend/lib/api/rewards.ts": {"path":"/Users/sanskritikhanal/Desktop/Assignment/Cineghar-Web/cineghar/frontend/lib/api/rewards.ts","statementMap":{"0":{"start":{"line":20,"column":13},"end":{"line":20,"column":29}},"1":{"start":{"line":1,"column":18},"end":{"line":1,"column":null}},"2":{"start":{"line":2,"column":20},"end":{"line":2,"column":null}},"3":{"start":{"line":20,"column":29},"end":{"line":23,"column":null}},"4":{"start":{"line":21,"column":19},"end":{"line":21,"column":null}},"5":{"start":{"line":22,"column":2},"end":{"line":22,"column":null}}},"fnMap":{"0":{"name":"(anonymous_2)","decl":{"start":{"line":20,"column":29},"end":{"line":20,"column":null}},"loc":{"start":{"line":20,"column":29},"end":{"line":23,"column":null}}}},"branchMap":{},"s":{"0":0,"1":0,"2":0,"3":0,"4":0,"5":0},"f":{"0":0},"b":{}}
,"/Users/sanskritikhanal/Desktop/Assignment/Cineghar-Web/cineghar/frontend/utils/api.ts": {"path":"/Users/sanskritikhanal/Desktop/Assignment/Cineghar-Web/cineghar/frontend/utils/api.ts","statementMap":{"0":{"start":{"line":6,"column":13},"end":{"line":6,"column":19}},"1":{"start":{"line":1,"column":18},"end":{"line":1,"column":null}},"2":{"start":{"line":4,"column":2},"end":{"line":4,"column":null}},"3":{"start":{"line":6,"column":19},"end":{"line":9,"column":null}},"4":{"start":{"line":11,"column":0},"end":{"line":19,"column":null}},"5":{"start":{"line":12,"column":16},"end":{"line":12,"column":null}},"6":{"start":{"line":15,"column":6},"end":{"line":17,"column":null}},"7":{"start":{"line":18,"column":4},"end":{"line":18,"column":null}}},"fnMap":{"0":{"name":"(anonymous_2)","decl":{"start":{"line":12,"column":2},"end":{"line":12,"column":3}},"loc":{"start":{"line":12,"column":16},"end":{"line":12,"column":null}}},"1":{"name":"(anonymous_3)","decl":{"start":{"line":13,"column":2},"end":{"line":13,"column":3}},"loc":{"start":{"line":13,"column":3},"end":{"line":19,"column":null}}}},"branchMap":{"0":{"loc":{"start":{"line":4,"column":2},"end":{"line":4,"column":null}},"type":"binary-expr","locations":[{"start":{"line":4,"column":2},"end":{"line":4,"column":38}},{"start":{"line":4,"column":42},"end":{"line":4,"column":null}}]},"1":{"loc":{"start":{"line":15,"column":6},"end":{"line":17,"column":null}},"type":"binary-expr","locations":[{"start":{"line":15,"column":6},"end":{"line":15,"column":null}},{"start":{"line":16,"column":6},"end":{"line":16,"column":null}},{"start":{"line":17,"column":6},"end":{"line":17,"column":null}}]}},"s":{"0":0,"1":0,"2":0,"3":0,"4":0,"5":0,"6":0,"7":0},"f":{"0":0,"1":0},"b":{"0":[0,0],"1":[0,0,0]}}
,"/Users/sanskritikhanal/Desktop/Assignment/Cineghar-Web/cineghar/frontend/utils/authApi.ts": {"path":"/Users/sanskritikhanal/Desktop/Assignment/Cineghar-Web/cineghar/frontend/utils/authApi.ts","statementMap":{"0":{"start":{"line":38,"column":13},"end":{"line":38,"column":28}},"1":{"start":{"line":19,"column":13},"end":{"line":19,"column":31}},"2":{"start":{"line":1,"column":20},"end":{"line":1,"column":null}},"3":{"start":{"line":2,"column":30},"end":{"line":2,"column":null}},"4":{"start":{"line":19,"column":31},"end":{"line":36,"column":null}},"5":{"start":{"line":25,"column":19},"end":{"line":33,"column":null}},"6":{"start":{"line":35,"column":2},"end":{"line":35,"column":null}},"7":{"start":{"line":38,"column":28},"end":{"line":59,"column":null}},"8":{"start":{"line":42,"column":19},"end":{"line":47,"column":null}},"9":{"start":{"line":50,"column":2},"end":{"line":52,"column":null}},"10":{"start":{"line":51,"column":4},"end":{"line":51,"column":null}},"11":{"start":{"line":54,"column":2},"end":{"line":58,"column":null}}},"fnMap":{"0":{"name":"(anonymous_3)","decl":{"start":{"line":19,"column":31},"end":{"line":19,"column":38}},"loc":{"start":{"line":19,"column":38},"end":{"line":36,"column":null}}},"1":{"name":"(anonymous_4)","decl":{"start":{"line":38,"column":28},"end":{"line":38,"column":35}},"loc":{"start":{"line":38,"column":35},"end":{"line":59,"column":null}}}},"branchMap":{"0":{"loc":{"start":{"line":50,"column":2},"end":{"line":52,"column":null}},"type":"if","locations":[{"start":{"line":50,"column":2},"end":{"line":52,"column":null}},{"start":{},"end":{}}]}},"s":{"0":0,"1":0,"2":0,"3":0,"4":0,"5":0,"6":0,"7":0,"8":0,"9":0,"10":0,"11":0},"f":{"0":0,"1":0},"b":{"0":[0,0]}}
,"/Users/sanskritikhanal/Desktop/Assignment/Cineghar-Web/cineghar/frontend/utils/constants.ts": {"path":"/Users/sanskritikhanal/Desktop/Assignment/Cineghar-Web/cineghar/frontend/utils/constants.ts","statementMap":{"0":{"start":{"line":6,"column":13},"end":{"line":6,"column":29}},"1":{"start":{"line":2,"column":13},"end":{"line":2,"column":24}},"2":{"start":{"line":3,"column":13},"end":{"line":3,"column":27}},"3":{"start":{"line":18,"column":13},"end":{"line":18,"column":22}},"4":{"start":{"line":2,"column":24},"end":{"line":2,"column":null}},"5":{"start":{"line":3,"column":27},"end":{"line":3,"column":null}},"6":{"start":{"line":6,"column":29},"end":{"line":15,"column":null}},"7":{"start":{"line":18,"column":22},"end":{"line":31,"column":null}}},"fnMap":{},"branchMap":{},"s":{"0":0,"1":0,"2":0,"3":0,"4":2,"5":2,"6":2,"7":2},"f":{},"b":{}}
,"/Users/sanskritikhanal/Desktop/Assignment/Cineghar-Web/cineghar/frontend/utils/helpers.ts": {"path":"/Users/sanskritikhanal/Desktop/Assignment/Cineghar-Web/cineghar/frontend/utils/helpers.ts","statementMap":{"0":{"start":{"line":6,"column":13},"end":{"line":6,"column":26}},"1":{"start":{"line":18,"column":13},"end":{"line":18,"column":28}},"2":{"start":{"line":26,"column":13},"end":{"line":26,"column":28}},"3":{"start":{"line":6,"column":26},"end":{"line":13,"column":null}},"4":{"start":{"line":7,"column":12},"end":{"line":7,"column":null}},"5":{"start":{"line":8,"column":2},"end":{"line":12,"column":null}},"6":{"start":{"line":18,"column":28},"end":{"line":21,"column":null}},"7":{"start":{"line":19,"column":21},"end":{"line":19,"column":null}},"8":{"start":{"line":20,"column":2},"end":{"line":20,"column":null}},"9":{"start":{"line":26,"column":28},"end":{"line":29,"column":null}},"10":{"start":{"line":27,"column":2},"end":{"line":27,"column":null}},"11":{"start":{"line":27,"column":32},"end":{"line":27,"column":null}},"12":{"start":{"line":28,"column":2},"end":{"line":28,"column":null}}},"fnMap":{"0":{"name":"(anonymous_4)","decl":{"start":{"line":6,"column":26},"end":{"line":6,"column":27}},"loc":{"start":{"line":6,"column":27},"end":{"line":13,"column":null}}},"1":{"name":"(anonymous_5)","decl":{"start":{"line":18,"column":28},"end":{"line":18,"column":29}},"loc":{"start":{"line":18,"column":29},"end":{"line":21,"column":null}}},"2":{"name":"(anonymous_6)","decl":{"start":{"line":26,"column":28},"end":{"line":26,"column":29}},"loc":{"start":{"line":26,"column":43},"end":{"line":29,"column":null}}}},"branchMap":{"0":{"loc":{"start":{"line":7,"column":12},"end":{"line":7,"column":null}},"type":"cond-expr","locations":[{"start":{"line":7,"column":39},"end":{"line":7,"column":56}},{"start":{"line":7,"column":56},"end":{"line":7,"column":null}}]},"1":{"loc":{"start":{"line":27,"column":2},"end":{"line":27,"column":null}},"type":"if","locations":[{"start":{"line":27,"column":2},"end":{"line":27,"column":null}},{"start":{},"end":{}}]}},"s":{"0":0,"1":0,"2":0,"3":0,"4":0,"5":0,"6":0,"7":0,"8":0,"9":0,"10":0,"11":0,"12":0},"f":{"0":0,"1":0,"2":0},"b":{"0":[0,0],"1":[0,0]}}
}
