TN:
SF:next.config.ts
FNF:0
FNH:0
DA:4,0
DA:5,0
DA:7,0
DA:37,0
LF:4
LH:0
BRDA:5,0,0,0
BRDA:5,0,1,0
BRDA:15,1,0,0
BRDA:15,1,1,0
BRF:4
BRH:0
end_of_record
TN:
SF:playwright.config.ts
FNF:0
FNH:0
DA:3,0
DA:17,0
LF:2
LH:0
BRDA:6,0,0,0
BRDA:6,0,1,0
BRF:2
BRH:0
end_of_record
TN:
SF:app/layout.tsx
FN:21,RootLayout
FNF:1
FNH:0
FNDA:0,RootLayout
DA:2,0
DA:3,0
DA:4,0
DA:6,0
DA:11,0
DA:16,0
DA:21,0
LF:7
LH:0
BRF:0
BRH:0
end_of_record
TN:
SF:app/page.tsx
FN:16,Home
FN:20,(anonymous_3)
FNF:2
FNH:2
FNDA:1,Home
FNDA:1,(anonymous_3)
DA:3,1
DA:4,1
DA:6,1
DA:7,1
DA:8,1
DA:9,1
DA:10,1
DA:11,1
DA:12,1
DA:13,1
DA:14,1
DA:16,1
DA:17,1
DA:18,1
DA:20,1
DA:21,1
DA:22,0
DA:23,0
DA:25,0
DA:30,1
DA:41,1
DA:43,0
LF:22
LH:18
BRDA:21,0,0,0
BRDA:21,0,1,1
BRDA:21,1,0,1
BRDA:21,1,1,1
BRDA:22,2,0,0
BRDA:22,2,1,0
BRDA:30,3,0,0
BRDA:30,3,1,1
BRDA:41,4,0,0
BRDA:41,4,1,1
BRF:10
BRH:5
end_of_record
TN:
SF:app/providers.tsx
FN:5,Providers
FNF:1
FNH:0
FNDA:0,Providers
DA:3,0
DA:5,0
LF:2
LH:0
BRF:0
BRH:0
end_of_record
TN:
SF:app/(auth)/layout.tsx
FN:7,AuthLayout
FNF:1
FNH:0
FNDA:0,AuthLayout
DA:3,0
DA:4,0
DA:5,0
DA:7,0
DA:12,0
DA:13,0
DA:14,0
DA:15,0
DA:18,0
LF:9
LH:0
BRDA:15,0,0,0
BRDA:15,0,1,0
BRDA:18,1,0,0
BRDA:18,1,1,0
BRF:4
BRH:0
end_of_record
TN:
SF:app/(auth)/schema.ts
FN:31,(anonymous_5)
FNF:1
FNH:0
FNDA:0,(anonymous_5)
DA:1,1
DA:3,1
DA:12,6
DA:20,1
DA:26,1
DA:31,0
LF:6
LH:5
BRF:0
BRH:0
end_of_record
TN:
SF:app/(auth)/_components/ForgotPasswordForm.tsx
FN:13,(anonymous_2)
FN:27,(anonymous_3)
FN:59,(anonymous_4)
FN:64,(anonymous_5)
FNF:4
FNH:0
FNDA:0,(anonymous_2)
FNDA:0,(anonymous_3)
FNDA:0,(anonymous_4)
FNDA:0,(anonymous_5)
DA:3,0
DA:4,0
DA:5,0
DA:6,0
DA:7,0
DA:8,0
DA:9,0
DA:10,0
DA:11,0
DA:13,0
DA:14,0
DA:15,0
DA:16,0
DA:23,0
DA:27,0
DA:28,0
DA:29,0
DA:30,0
DA:31,0
DA:32,0
DA:33,0
DA:34,0
DA:35,0
DA:37,0
DA:40,0
DA:42,0
DA:59,0
DA:64,0
DA:98,0
LF:29
LH:0
BRDA:33,0,0,0
BRDA:33,0,1,0
BRDA:34,1,0,0
BRDA:34,1,1,0
BRDA:37,2,0,0
BRDA:37,2,1,0
BRDA:40,3,0,0
BRDA:40,3,1,0
BRDA:58,4,0,0
BRDA:63,5,0,0
BRF:10
BRH:0
end_of_record
TN:
SF:app/(auth)/_components/LoginForm.tsx
FN:18,(anonymous_2)
FN:24,(anonymous_3)
FN:41,(anonymous_4)
FN:51,(anonymous_5)
FN:69,(anonymous_6)
FN:74,(anonymous_7)
FNF:6
FNH:3
FNDA:6,(anonymous_2)
FNDA:6,(anonymous_3)
FNDA:1,(anonymous_4)
FNDA:0,(anonymous_5)
FNDA:0,(anonymous_6)
FNDA:0,(anonymous_7)
DA:3,1
DA:4,1
DA:5,1
DA:6,1
DA:7,1
DA:8,1
DA:9,1
DA:10,1
DA:11,1
DA:12,1
DA:13,1
DA:14,1
DA:15,1
DA:16,1
DA:18,1
DA:19,6
DA:20,6
DA:21,6
DA:22,6
DA:24,6
DA:25,6
DA:26,0
DA:34,6
DA:41,6
DA:42,1
DA:43,1
DA:44,1
DA:47,0
DA:51,6
DA:53,0
DA:69,0
DA:74,0
DA:128,2
LF:33
LH:28
BRDA:25,0,0,0
BRDA:25,0,1,6
BRDA:47,1,0,0
BRDA:47,1,1,0
BRDA:68,2,0,6
BRDA:73,3,0,6
BRF:6
BRH:3
end_of_record
TN:
SF:app/(auth)/_components/RegisterForm.tsx
FN:17,(anonymous_2)
FN:29,(anonymous_3)
FN:44,(anonymous_4)
FN:62,(anonymous_5)
FNF:4
FNH:0
FNDA:0,(anonymous_2)
FNDA:0,(anonymous_3)
FNDA:0,(anonymous_4)
FNDA:0,(anonymous_5)
DA:3,0
DA:4,0
DA:5,0
DA:6,0
DA:7,0
DA:8,0
DA:9,0
DA:10,0
DA:11,0
DA:12,0
DA:13,0
DA:14,0
DA:15,0
DA:17,0
DA:18,0
DA:19,0
DA:25,0
DA:29,0
DA:30,0
DA:31,0
DA:32,0
DA:40,0
DA:44,0
DA:46,0
DA:62,0
DA:121,0
LF:26
LH:0
BRDA:40,0,0,0
BRDA:40,0,1,0
BRDA:61,1,0,0
BRF:3
BRH:0
end_of_record
TN:
SF:app/(auth)/_components/ResetPasswordForm.tsx
FN:14,(anonymous_2)
FN:31,(anonymous_3)
FN:37,(anonymous_4)
FN:99,(anonymous_5)
FNF:4
FNH:0
FNDA:0,(anonymous_2)
FNDA:0,(anonymous_3)
FNDA:0,(anonymous_4)
FNDA:0,(anonymous_5)
DA:3,0
DA:4,0
DA:5,0
DA:6,0
DA:7,0
DA:8,0
DA:9,0
DA:10,0
DA:11,0
DA:12,0
DA:14,0
DA:15,0
DA:16,0
DA:17,0
DA:19,0
DA:20,0
DA:21,0
DA:27,0
DA:31,0
DA:32,0
DA:33,0
DA:37,0
DA:38,0
DA:39,0
DA:40,0
DA:43,0
DA:44,0
DA:45,0
DA:46,0
DA:51,0
DA:53,0
DA:55,0
DA:58,0
DA:60,0
DA:64,0
DA:99,0
DA:139,0
LF:37
LH:0
BRDA:32,0,0,0
BRDA:32,0,1,0
BRDA:38,1,0,0
BRDA:38,1,1,0
BRDA:51,2,0,0
BRDA:51,2,1,0
BRDA:55,3,0,0
BRDA:55,3,1,0
BRDA:58,4,0,0
BRDA:58,4,1,0
BRDA:64,5,0,0
BRDA:64,5,1,0
BRDA:98,6,0,0
BRF:13
BRH:0
end_of_record
TN:
SF:app/(auth)/dashboard/page.tsx
FN:6,DashboardPage
FNF:1
FNH:0
FNDA:0,DashboardPage
DA:3,0
DA:4,0
DA:6,0
DA:7,0
LF:4
LH:0
BRDA:22,0,0,0
BRF:1
BRH:0
end_of_record
TN:
SF:app/(auth)/forgot-password/page.tsx
FN:5,ForgotPasswordPage
FNF:1
FNH:0
FNDA:0,ForgotPasswordPage
DA:3,0
DA:5,0
DA:6,0
LF:3
LH:0
BRF:0
BRH:0
end_of_record
TN:
SF:app/(auth)/login/page.tsx
FN:10,LoginContent
FN:14,(anonymous_3)
FN:43,LoginPage
FNF:3
FNH:0
FNDA:0,LoginContent
FNDA:0,(anonymous_3)
FNDA:0,LoginPage
DA:3,0
DA:4,0
DA:6,0
DA:7,0
DA:8,0
DA:11,0
DA:12,0
DA:14,0
DA:15,0
DA:16,0
DA:17,0
DA:19,0
DA:24,0
DA:35,0
DA:37,0
DA:40,0
DA:43,0
LF:17
LH:0
BRDA:15,0,0,0
BRDA:15,0,1,0
BRDA:15,1,0,0
BRDA:15,1,1,0
BRDA:16,2,0,0
BRDA:16,2,1,0
BRDA:24,3,0,0
BRDA:24,3,1,0
BRDA:35,4,0,0
BRDA:35,4,1,0
BRF:10
BRH:0
end_of_record
TN:
SF:app/(auth)/register/page.tsx
FN:3,RegisterPage
FNF:1
FNH:0
FNDA:0,RegisterPage
DA:1,0
DA:3,0
DA:4,0
LF:3
LH:0
BRF:0
BRH:0
end_of_record
TN:
SF:app/(auth)/reset-password/page.tsx
FN:6,ResetPasswordContent
FN:10,ResetPasswordPage
FNF:2
FNH:0
FNDA:0,ResetPasswordContent
FNDA:0,ResetPasswordPage
DA:3,0
DA:4,0
DA:7,0
DA:10,0
LF:4
LH:0
BRF:0
BRH:0
end_of_record
TN:
SF:app/_components/AdminProtectedRoute.tsx
FN:7,AdminProtectedRoute
FN:15,(anonymous_2)
FNF:2
FNH:0
FNDA:0,AdminProtectedRoute
FNDA:0,(anonymous_2)
DA:3,0
DA:4,0
DA:5,0
DA:7,0
DA:12,0
DA:13,0
DA:15,0
DA:16,0
DA:17,0
DA:18,0
DA:19,0
DA:20,0
DA:25,0
DA:36,0
DA:37,0
LF:15
LH:0
BRDA:16,0,0,0
BRDA:16,0,1,0
BRDA:17,1,0,0
BRDA:17,1,1,0
BRDA:19,2,0,0
BRDA:19,2,1,0
BRDA:25,3,0,0
BRDA:25,3,1,0
BRDA:36,4,0,0
BRDA:36,4,1,0
BRDA:36,5,0,0
BRDA:36,5,1,0
BRF:12
BRH:0
end_of_record
TN:
SF:app/_components/Alert.tsx
FN:10,(anonymous_1)
FNF:1
FNH:0
FNDA:0,(anonymous_1)
DA:10,1
DA:11,0
DA:71,1
LF:3
LH:2
BRDA:10,0,0,0
BRDA:10,1,0,0
BRDA:24,2,0,0
BRDA:37,3,0,0
BRDA:52,4,0,0
BRF:5
BRH:0
end_of_record
TN:
SF:app/_components/Button.tsx
FN:9,(anonymous_1)
FNF:1
FNH:1
FNDA:6,(anonymous_1)
DA:9,1
DA:17,6
DA:19,6
DA:36,6
LF:4
LH:4
BRDA:11,0,0,0
BRDA:12,1,0,0
BRDA:13,2,0,6
BRDA:28,3,0,6
BRDA:28,3,1,6
BRDA:31,4,0,1
BRDA:31,4,1,5
BRF:7
BRH:5
end_of_record
TN:
SF:app/_components/CTASection.tsx
FN:6,CTASection
FNF:1
FNH:0
FNDA:0,CTASection
DA:3,0
DA:4,0
DA:6,0
LF:3
LH:0
BRF:0
BRH:0
end_of_record
TN:
SF:app/_components/CategoriesSection.tsx
FN:13,CategoriesSection
FN:32,(anonymous_3)
FNF:2
FNH:0
FNDA:0,CategoriesSection
FNDA:0,(anonymous_3)
DA:3,0
DA:11,0
DA:13,0
DA:14,0
DA:33,0
DA:34,0
LF:6
LH:0
BRF:0
BRH:0
end_of_record
TN:
SF:app/_components/Checkbox.tsx
FN:10,(anonymous_1)
FNF:1
FNH:1
FNDA:6,(anonymous_1)
DA:1,1
DA:9,1
DA:34,1
DA:36,6
LF:4
LH:4
BRDA:26,0,0,6
BRF:1
BRH:1
end_of_record
TN:
SF:app/_components/DateInput.tsx
FN:12,(anonymous_1)
FNF:1
FNH:0
FNDA:0,(anonymous_1)
DA:1,0
DA:11,0
DA:57,0
DA:59,0
LF:4
LH:0
BRDA:44,0,0,0
BRDA:44,0,1,0
BRDA:49,1,0,0
BRF:3
BRH:0
end_of_record
TN:
SF:app/_components/FeaturesSection.tsx
FN:5,FeaturesSection
FN:38,(anonymous_3)
FNF:2
FNH:0
FNDA:0,FeaturesSection
FNDA:0,(anonymous_3)
DA:3,0
DA:5,0
DA:6,0
DA:39,0
LF:4
LH:0
BRF:0
BRH:0
end_of_record
TN:
SF:app/_components/Footer.tsx
FN:5,Footer
FNF:1
FNH:0
FNDA:0,Footer
DA:3,0
DA:5,0
DA:6,0
LF:3
LH:0
BRF:0
BRH:0
end_of_record
TN:
SF:app/_components/FormInput.tsx
FN:13,(anonymous_1)
FNF:1
FNH:1
FNDA:6,(anonymous_1)
DA:1,1
DA:12,1
DA:41,1
DA:43,6
LF:4
LH:4
BRDA:13,0,0,0
BRDA:29,1,0,0
BRDA:29,1,1,6
BRDA:33,2,0,6
BRF:4
BRH:2
end_of_record
TN:
SF:app/_components/GoogleButton.tsx
FN:6,(anonymous_1)
FNF:1
FNH:1
FNDA:6,(anonymous_1)
DA:6,1
DA:36,6
LF:2
LH:2
BRDA:6,0,0,0
BRF:1
BRH:0
end_of_record
TN:
SF:app/_components/HeroSection.tsx
FN:6,HeroSection
FNF:1
FNH:0
FNDA:0,HeroSection
DA:3,0
DA:6,0
LF:2
LH:0
BRF:0
BRH:0
end_of_record
TN:
SF:app/_components/MoviesPreviewSection.tsx
FN:5,MoviesPreviewSection
FN:54,(anonymous_3)
FN:75,(anonymous_4)
FNF:3
FNH:0
FNDA:0,MoviesPreviewSection
FNDA:0,(anonymous_3)
FNDA:0,(anonymous_4)
DA:3,0
DA:5,0
DA:6,0
DA:55,0
DA:76,0
LF:5
LH:0
BRDA:65,0,0,0
BRDA:65,0,1,0
BRDA:89,1,0,0
BRDA:89,1,1,0
BRF:4
BRH:0
end_of_record
TN:
SF:app/_components/Navbar.tsx
FN:16,(anonymous_2)
FN:29,(anonymous_3)
FN:32,(anonymous_4)
FN:54,(anonymous_5)
FN:76,(anonymous_6)
FN:95,(anonymous_7)
FN:106,(anonymous_8)
FN:112,(anonymous_9)
FN:125,(anonymous_10)
FN:158,(anonymous_11)
FN:171,(anonymous_12)
FNF:11
FNH:7
FNDA:2,(anonymous_2)
FNDA:1,(anonymous_3)
FNDA:1,(anonymous_4)
FNDA:5,(anonymous_5)
FNDA:1,(anonymous_6)
FNDA:0,(anonymous_7)
FNDA:1,(anonymous_8)
FNDA:0,(anonymous_9)
FNDA:0,(anonymous_10)
FNDA:8,(anonymous_11)
FNDA:0,(anonymous_12)
DA:3,1
DA:4,1
DA:5,1
DA:6,1
DA:7,1
DA:8,1
DA:16,1
DA:17,2
DA:18,2
DA:19,2
DA:20,2
DA:21,2
DA:22,2
DA:23,2
DA:26,2
DA:27,2
DA:29,2
DA:30,1
DA:32,1
DA:33,1
DA:34,1
DA:37,1
DA:38,1
DA:39,0
DA:40,0
DA:42,1
DA:45,1
DA:54,1
DA:55,5
DA:56,5
DA:57,0
DA:62,1
DA:63,1
DA:64,1
DA:65,1
DA:66,1
DA:70,1
DA:73,1
DA:74,1
DA:76,1
DA:79,2
DA:86,2
DA:93,2
DA:95,2
DA:96,0
DA:97,0
DA:98,0
DA:99,0
DA:100,0
DA:101,0
DA:106,2
DA:107,1
DA:108,1
DA:109,1
DA:111,0
DA:112,0
DA:113,0
DA:114,0
DA:115,0
DA:116,0
DA:119,0
DA:120,0
DA:124,0
DA:125,0
DA:126,0
DA:160,8
DA:167,8
DA:171,0
DA:283,1
LF:69
LH:48
BRDA:30,0,0,0
BRDA:30,0,1,1
BRDA:37,1,0,1
BRDA:37,1,1,0
BRDA:37,2,0,1
BRDA:37,2,1,1
BRDA:39,3,0,0
BRDA:39,3,1,0
BRDA:39,4,0,0
BRDA:39,4,1,0
BRDA:56,5,0,0
BRDA:56,5,1,5
BRDA:64,6,0,1
BRDA:64,6,1,0
BRDA:93,7,0,0
BRDA:93,7,1,2
BRDA:96,8,0,0
BRDA:96,8,1,0
BRDA:100,9,0,0
BRDA:100,9,1,0
BRDA:107,10,0,1
BRDA:107,10,1,0
BRDA:115,11,0,0
BRDA:115,11,1,0
BRDA:115,12,0,0
BRDA:115,12,1,0
BRDA:115,12,2,0
BRDA:116,13,0,0
BRDA:116,13,1,0
BRDA:119,14,0,0
BRDA:119,14,1,0
BRDA:133,15,0,2
BRDA:133,15,1,0
BRDA:134,16,0,0
BRDA:134,16,1,2
BRDA:134,17,0,2
BRDA:134,17,1,2
BRDA:134,17,2,2
BRDA:160,18,0,0
BRDA:160,18,1,8
BRDA:162,19,0,8
BRDA:162,19,1,8
BRDA:162,19,2,8
BRDA:162,19,3,1
BRDA:162,19,4,0
BRDA:173,20,0,1
BRDA:173,20,1,7
BRDA:192,21,0,0
BRDA:192,21,1,2
BRDA:192,22,0,2
BRDA:192,22,1,2
BRDA:192,22,2,2
BRDA:207,23,0,0
BRDA:207,23,1,2
BRDA:207,24,0,2
BRDA:207,24,1,2
BRDA:207,24,2,2
BRDA:217,25,0,0
BRDA:218,26,0,0
BRDA:231,27,0,0
BRDA:232,28,0,0
BRDA:232,28,1,0
BRDA:233,29,0,0
BRDA:233,29,1,0
BRDA:233,29,2,0
BRDA:239,30,0,0
BRDA:239,30,1,0
BRDA:239,30,2,0
BRDA:247,31,0,0
BRDA:247,31,1,0
BRDA:247,32,0,0
BRDA:247,32,1,0
BRDA:247,32,2,0
BRDA:250,33,0,0
BRDA:250,33,1,0
BRF:75
BRH:28
end_of_record
TN:
SF:app/_components/PasswordInput.tsx
FN:12,(anonymous_1)
FN:37,(anonymous_2)
FNF:2
FNH:1
FNDA:6,(anonymous_1)
FNDA:0,(anonymous_2)
DA:1,1
DA:11,1
DA:13,6
DA:37,0
DA:85,1
DA:87,6
LF:6
LH:5
BRDA:27,0,0,0
BRDA:27,0,1,6
BRDA:31,1,0,0
BRDA:31,1,1,6
BRDA:41,2,0,0
BRDA:77,3,0,6
BRF:6
BRH:3
end_of_record
TN:
SF:app/_components/ProtectedRoute.tsx
FN:8,ProtectedRoute
FN:16,(anonymous_2)
FNF:2
FNH:2
FNDA:1,ProtectedRoute
FNDA:1,(anonymous_2)
DA:3,1
DA:4,1
DA:5,1
DA:6,1
DA:8,1
DA:13,1
DA:14,1
DA:16,1
DA:17,1
DA:19,1
DA:20,0
DA:21,0
DA:24,1
DA:25,0
DA:29,1
DA:41,1
DA:42,0
LF:17
LH:13
BRDA:17,0,0,0
BRDA:17,0,1,1
BRDA:19,1,0,0
BRDA:19,1,1,1
BRDA:24,2,0,0
BRDA:24,2,1,1
BRDA:29,3,0,0
BRDA:29,3,1,1
BRDA:41,4,0,0
BRDA:41,4,1,1
BRDA:41,5,0,1
BRDA:41,5,1,1
BRF:12
BRH:7
end_of_record
TN:
SF:app/_components/ScrollReveal.tsx
FN:10,ScrollReveal
FN:13,(anonymous_2)
FN:18,(anonymous_3)
FN:19,(anonymous_4)
FN:31,(anonymous_5)
FNF:5
FNH:0
FNDA:0,ScrollReveal
FNDA:0,(anonymous_2)
FNDA:0,(anonymous_3)
FNDA:0,(anonymous_4)
FNDA:0,(anonymous_5)
DA:3,0
DA:10,0
DA:11,0
DA:13,0
DA:14,0
DA:15,0
DA:17,0
DA:19,0
DA:20,0
DA:21,0
DA:22,0
DA:29,0
DA:31,0
DA:32,0
DA:33,0
LF:15
LH:0
BRDA:10,0,0,0
BRDA:15,1,0,0
BRDA:15,1,1,0
BRDA:20,2,0,0
BRDA:20,2,1,0
BRDA:32,3,0,0
BRDA:32,3,1,0
BRF:7
BRH:0
end_of_record
TN:
SF:app/_components/Separator.tsx
FN:1,(anonymous_1)
FNF:1
FNH:1
FNDA:6,(anonymous_1)
DA:1,1
DA:11,6
LF:2
LH:2
BRDA:1,0,0,6
BRF:1
BRH:1
end_of_record
TN:
SF:app/_components/Toast.tsx
FN:12,(anonymous_1)
FN:13,(anonymous_2)
FN:14,(anonymous_3)
FN:18,(anonymous_4)
FNF:4
FNH:0
FNDA:0,(anonymous_1)
FNDA:0,(anonymous_2)
FNDA:0,(anonymous_3)
FNDA:0,(anonymous_4)
DA:3,0
DA:12,0
DA:13,0
DA:14,0
DA:15,0
DA:18,0
DA:21,0
DA:79,0
LF:8
LH:0
BRDA:12,0,0,0
BRDA:12,1,0,0
BRDA:34,2,0,0
BRDA:47,3,0,0
BRF:4
BRH:0
end_of_record
TN:
SF:app/admin/layout.tsx
FN:226,AdminLayout
FN:241,(anonymous_6)
FN:242,(anonymous_7)
FN:275,(anonymous_8)
FN:275,(anonymous_9)
FN:321,(anonymous_10)
FN:325,(anonymous_11)
FN:345,(anonymous_12)
FNF:8
FNH:0
FNDA:0,AdminLayout
FNDA:0,(anonymous_6)
FNDA:0,(anonymous_7)
FNDA:0,(anonymous_8)
FNDA:0,(anonymous_9)
FNDA:0,(anonymous_10)
FNDA:0,(anonymous_11)
FNDA:0,(anonymous_12)
DA:3,0
DA:4,0
DA:5,0
DA:6,0
DA:7,0
DA:8,0
DA:18,0
DA:226,0
DA:231,0
DA:232,0
DA:233,0
DA:234,0
DA:241,0
DA:242,0
DA:275,0
DA:322,0
DA:325,0
DA:346,0
DA:349,0
LF:19
LH:0
BRDA:251,0,0,0
BRDA:251,0,1,0
BRDA:266,1,0,0
BRDA:277,2,0,0
BRDA:277,2,1,0
BRDA:280,3,0,0
BRDA:280,3,1,0
BRDA:299,4,0,0
BRDA:314,5,0,0
BRDA:329,6,0,0
BRDA:330,7,0,0
BRDA:333,8,0,0
BRDA:333,8,1,0
BRDA:343,9,0,0
BRDA:346,10,0,0
BRDA:346,10,1,0
BRDA:355,11,0,0
BRDA:355,11,1,0
BRDA:362,12,0,0
BRDA:362,12,1,0
BRDA:366,13,0,0
BRDA:383,14,0,0
BRDA:383,14,1,0
BRDA:383,14,2,0
BRDA:385,15,0,0
BRDA:387,16,0,0
BRDA:387,16,1,0
BRDA:392,17,0,0
BRDA:415,18,0,0
BRDA:421,19,0,0
BRDA:421,19,1,0
BRF:31
BRH:0
end_of_record
TN:
SF:app/admin/page.tsx
FN:11,AdminDashboardPage
FN:17,(anonymous_2)
FN:18,(anonymous_3)
FN:86,(anonymous_4)
FN:144,(anonymous_5)
FN:189,(anonymous_6)
FN:215,(anonymous_7)
FN:268,(anonymous_8)
FNF:8
FNH:0
FNDA:0,AdminDashboardPage
FNDA:0,(anonymous_2)
FNDA:0,(anonymous_3)
FNDA:0,(anonymous_4)
FNDA:0,(anonymous_5)
FNDA:0,(anonymous_6)
FNDA:0,(anonymous_7)
FNDA:0,(anonymous_8)
DA:3,0
DA:9,0
DA:11,0
DA:12,0
DA:13,0
DA:14,0
DA:15,0
DA:17,0
DA:18,0
DA:19,0
DA:20,0
DA:21,0
DA:22,0
DA:26,0
DA:27,0
DA:29,0
DA:31,0
DA:34,0
DA:37,0
DA:51,0
DA:55,0
DA:57,0
DA:59,0
DA:87,0
DA:145,0
DA:190,0
DA:216,0
DA:269,0
LF:28
LH:0
BRDA:26,0,0,0
BRDA:26,0,1,0
BRDA:26,1,0,0
BRDA:26,1,1,0
BRDA:27,2,0,0
BRDA:27,2,1,0
BRDA:27,3,0,0
BRDA:27,3,1,0
BRDA:29,4,0,0
BRDA:29,4,1,0
BRDA:37,5,0,0
BRDA:37,5,1,0
BRDA:59,6,0,0
BRDA:59,6,1,0
BRDA:59,7,0,0
BRDA:59,7,1,0
BRDA:78,8,0,0
BRDA:134,9,0,0
BRDA:134,9,1,0
BRDA:147,10,0,0
BRDA:147,10,1,0
BRDA:147,10,2,0
BRDA:150,11,0,0
BRDA:150,11,1,0
BRDA:157,12,0,0
BRDA:157,12,1,0
BRDA:183,13,0,0
BRDA:183,13,1,0
BRDA:262,14,0,0
BRDA:272,15,0,0
BRDA:272,15,1,0
BRDA:274,16,0,0
BRDA:274,16,1,0
BRF:33
BRH:0
end_of_record
TN:
SF:app/admin/halls/page.tsx
FN:14,AdminHallsPage
FN:25,(anonymous_3)
FN:43,(anonymous_4)
FN:47,(anonymous_5)
FN:141,(anonymous_6)
FN:170,(anonymous_7)
FN:199,(anonymous_8)
FN:199,(anonymous_9)
FN:207,(anonymous_10)
FN:207,(anonymous_11)
FNF:10
FNH:0
FNDA:0,AdminHallsPage
FNDA:0,(anonymous_3)
FNDA:0,(anonymous_4)
FNDA:0,(anonymous_5)
FNDA:0,(anonymous_6)
FNDA:0,(anonymous_7)
FNDA:0,(anonymous_8)
FNDA:0,(anonymous_9)
FNDA:0,(anonymous_10)
FNDA:0,(anonymous_11)
DA:3,0
DA:4,0
DA:9,0
DA:11,0
DA:12,0
DA:14,0
DA:15,0
DA:16,0
DA:17,0
DA:18,0
DA:19,0
DA:20,0
DA:21,0
DA:22,0
DA:24,0
DA:26,0
DA:27,0
DA:28,0
DA:29,0
DA:30,0
DA:31,0
DA:32,0
DA:34,0
DA:35,0
DA:37,0
DA:43,0
DA:44,0
DA:47,0
DA:48,0
DA:51,0
DA:53,0
DA:54,0
DA:55,0
DA:56,0
DA:57,0
DA:58,0
DA:59,0
DA:60,0
DA:61,0
DA:63,0
DA:64,0
DA:65,0
DA:68,0
DA:70,0
DA:74,0
DA:142,0
DA:170,0
DA:199,0
DA:207,0
LF:49
LH:0
BRDA:30,0,0,0
BRDA:30,0,1,0
BRDA:31,1,0,0
BRDA:31,1,1,0
BRDA:32,2,0,0
BRDA:32,2,1,0
BRDA:34,3,0,0
BRDA:34,3,1,0
BRDA:51,4,0,0
BRDA:51,4,1,0
BRDA:58,5,0,0
BRDA:58,5,1,0
BRDA:59,6,0,0
BRDA:59,6,1,0
BRDA:60,7,0,0
BRDA:60,7,1,0
BRDA:60,8,0,0
BRDA:60,8,1,0
BRDA:60,8,2,0
BRDA:65,9,0,0
BRDA:65,9,1,0
BRDA:68,10,0,0
BRDA:68,10,1,0
BRDA:74,11,0,0
BRDA:74,11,1,0
BRDA:89,12,0,0
BRDA:89,12,1,0
BRDA:100,13,0,0
BRDA:131,14,0,0
BRDA:131,14,1,0
BRDA:153,15,0,0
BRDA:153,15,1,0
BRDA:156,16,0,0
BRDA:156,16,1,0
BRDA:174,17,0,0
BRDA:174,17,1,0
BRDA:184,18,0,0
BRDA:188,19,0,0
BRDA:188,19,1,0
BRDA:189,20,0,0
BRDA:191,21,0,0
BRDA:191,21,1,0
BRDA:200,22,0,0
BRDA:200,22,1,0
BRDA:208,23,0,0
BRDA:208,23,1,0
BRF:46
BRH:0
end_of_record
TN:
SF:app/admin/halls/[id]/edit/page.tsx
FN:28,AdminEditHallPage
FN:50,(anonymous_3)
FN:51,(anonymous_4)
FN:78,(anonymous_5)
FN:85,(anonymous_6)
FN:96,(anonymous_7)
FN:145,(anonymous_8)
FNF:7
FNH:0
FNDA:0,AdminEditHallPage
FNDA:0,(anonymous_3)
FNDA:0,(anonymous_4)
FNDA:0,(anonymous_5)
FNDA:0,(anonymous_6)
FNDA:0,(anonymous_7)
FNDA:0,(anonymous_8)
DA:3,0
DA:4,0
DA:5,0
DA:6,0
DA:7,0
DA:8,0
DA:13,0
DA:14,0
DA:15,0
DA:16,0
DA:18,0
DA:28,0
DA:29,0
DA:30,0
DA:31,0
DA:33,0
DA:34,0
DA:35,0
DA:36,0
DA:46,0
DA:50,0
DA:51,0
DA:52,0
DA:53,0
DA:54,0
DA:55,0
DA:56,0
DA:57,0
DA:58,0
DA:66,0
DA:69,0
DA:71,0
DA:75,0
DA:78,0
DA:79,0
DA:80,0
DA:81,0
DA:82,0
DA:85,0
DA:88,0
DA:95,0
DA:96,0
DA:97,0
DA:100,0
DA:107,0
DA:120,0
DA:145,0
LF:47
LH:0
BRDA:56,0,0,0
BRDA:56,0,1,0
BRDA:56,1,0,0
BRDA:56,1,1,0
BRDA:63,2,0,0
BRDA:63,2,1,0
BRDA:66,3,0,0
BRDA:66,3,1,0
BRDA:69,4,0,0
BRDA:69,4,1,0
BRDA:75,5,0,0
BRDA:75,5,1,0
BRDA:82,6,0,0
BRDA:82,6,1,0
BRDA:101,7,0,0
BRDA:101,7,1,0
BRDA:107,8,0,0
BRDA:107,8,1,0
BRDA:120,9,0,0
BRDA:120,9,1,0
BRDA:120,10,0,0
BRDA:120,10,1,0
BRDA:127,11,0,0
BRDA:127,11,1,0
BRDA:141,12,0,0
BRDA:178,13,0,0
BRDA:178,13,1,0
BRDA:186,14,0,0
BRF:28
BRH:0
end_of_record
TN:
SF:app/admin/halls/create/page.tsx
FN:23,AdminCreateHallPage
FN:39,(anonymous_3)
FN:46,(anonymous_4)
FN:80,(anonymous_5)
FN:89,(anonymous_6)
FNF:5
FNH:0
FNDA:0,AdminCreateHallPage
FNDA:0,(anonymous_3)
FNDA:0,(anonymous_4)
FNDA:0,(anonymous_5)
FNDA:0,(anonymous_6)
DA:3,0
DA:4,0
DA:5,0
DA:6,0
DA:7,0
DA:8,0
DA:9,0
DA:10,0
DA:11,0
DA:13,0
DA:23,0
DA:24,0
DA:25,0
DA:32,0
DA:39,0
DA:40,0
DA:41,0
DA:42,0
DA:43,0
DA:46,0
DA:49,0
DA:56,0
DA:57,0
DA:59,0
DA:80,0
DA:89,0
LF:26
LH:0
BRDA:43,0,0,0
BRDA:43,0,1,0
BRDA:59,1,0,0
BRDA:59,1,1,0
BRDA:76,2,0,0
BRDA:85,3,0,0
BRDA:112,4,0,0
BRDA:112,4,1,0
BRDA:120,5,0,0
BRF:9
BRH:0
end_of_record
TN:
SF:app/admin/loyalty/page.tsx
FN:12,AdminLoyaltyPage
FN:28,(anonymous_2)
FN:44,(anonymous_3)
FN:61,(anonymous_4)
FN:91,(anonymous_5)
FN:150,(anonymous_6)
FN:164,(anonymous_7)
FN:193,(anonymous_8)
FN:193,(anonymous_9)
FN:201,(anonymous_10)
FN:201,(anonymous_11)
FN:255,(anonymous_12)
FN:262,(anonymous_13)
FN:305,(anonymous_14)
FNF:14
FNH:0
FNDA:0,AdminLoyaltyPage
FNDA:0,(anonymous_2)
FNDA:0,(anonymous_3)
FNDA:0,(anonymous_4)
FNDA:0,(anonymous_5)
FNDA:0,(anonymous_6)
FNDA:0,(anonymous_7)
FNDA:0,(anonymous_8)
FNDA:0,(anonymous_9)
FNDA:0,(anonymous_10)
FNDA:0,(anonymous_11)
FNDA:0,(anonymous_12)
FNDA:0,(anonymous_13)
FNDA:0,(anonymous_14)
DA:3,0
DA:10,0
DA:12,0
DA:13,0
DA:14,0
DA:15,0
DA:16,0
DA:17,0
DA:18,0
DA:20,0
DA:21,0
DA:22,0
DA:23,0
DA:24,0
DA:25,0
DA:26,0
DA:28,0
DA:29,0
DA:30,0
DA:31,0
DA:32,0
DA:33,0
DA:34,0
DA:35,0
DA:37,0
DA:38,0
DA:40,0
DA:44,0
DA:45,0
DA:46,0
DA:47,0
DA:48,0
DA:49,0
DA:50,0
DA:51,0
DA:52,0
DA:54,0
DA:55,0
DA:57,0
DA:61,0
DA:62,0
DA:63,0
DA:64,0
DA:65,0
DA:66,0
DA:67,0
DA:69,0
DA:70,0
DA:71,0
DA:74,0
DA:75,0
DA:76,0
DA:77,0
DA:82,0
DA:83,0
DA:85,0
DA:87,0
DA:91,0
DA:92,0
DA:95,0
DA:151,0
DA:164,0
DA:193,0
DA:201,0
DA:255,0
DA:262,0
DA:306,0
DA:307,0
DA:308,0
LF:69
LH:0
BRDA:33,0,0,0
BRDA:33,0,1,0
BRDA:34,1,0,0
BRDA:34,1,1,0
BRDA:35,2,0,0
BRDA:35,2,1,0
BRDA:37,3,0,0
BRDA:37,3,1,0
BRDA:54,4,0,0
BRDA:54,4,1,0
BRDA:63,5,0,0
BRDA:63,5,1,0
BRDA:65,6,0,0
BRDA:65,6,1,0
BRDA:65,7,0,0
BRDA:65,7,1,0
BRDA:69,8,0,0
BRDA:69,8,1,0
BRDA:69,9,0,0
BRDA:69,9,1,0
BRDA:85,10,0,0
BRDA:85,10,1,0
BRDA:95,11,0,0
BRDA:95,11,1,0
BRDA:115,12,0,0
BRDA:140,13,0,0
BRDA:140,13,1,0
BRDA:153,14,0,0
BRDA:153,14,1,0
BRDA:159,15,0,0
BRDA:159,15,1,0
BRDA:177,16,0,0
BRDA:177,16,1,0
BRDA:181,17,0,0
BRDA:181,17,1,0
BRDA:182,18,0,0
BRDA:184,19,0,0
BRDA:184,19,1,0
BRDA:189,20,0,0
BRDA:194,21,0,0
BRDA:194,21,1,0
BRDA:202,22,0,0
BRDA:202,22,1,0
BRDA:222,23,0,0
BRDA:228,24,0,0
BRDA:228,24,1,0
BRDA:233,25,0,0
BRDA:233,25,1,0
BRDA:242,26,0,0
BRDA:242,26,1,0
BRDA:271,27,0,0
BRDA:271,27,1,0
BRDA:274,28,0,0
BRDA:295,29,0,0
BRDA:295,29,1,0
BRDA:315,30,0,0
BRDA:315,30,1,0
BRDA:318,31,0,0
BRDA:318,31,1,0
BRF:59
BRH:0
end_of_record
TN:
SF:app/admin/movies/page.tsx
FN:15,AdminMoviesPage
FN:25,(anonymous_3)
FN:41,(anonymous_4)
FN:45,(anonymous_5)
FN:142,(anonymous_6)
FN:193,(anonymous_7)
FN:223,(anonymous_8)
FN:223,(anonymous_9)
FN:231,(anonymous_10)
FN:231,(anonymous_11)
FNF:10
FNH:0
FNDA:0,AdminMoviesPage
FNDA:0,(anonymous_3)
FNDA:0,(anonymous_4)
FNDA:0,(anonymous_5)
FNDA:0,(anonymous_6)
FNDA:0,(anonymous_7)
FNDA:0,(anonymous_8)
FNDA:0,(anonymous_9)
FNDA:0,(anonymous_10)
FNDA:0,(anonymous_11)
DA:3,0
DA:4,0
DA:8,0
DA:9,0
DA:12,0
DA:13,0
DA:15,0
DA:16,0
DA:17,0
DA:18,0
DA:19,0
DA:20,0
DA:21,0
DA:22,0
DA:23,0
DA:25,0
DA:26,0
DA:27,0
DA:28,0
DA:29,0
DA:30,0
DA:31,0
DA:32,0
DA:34,0
DA:35,0
DA:37,0
DA:41,0
DA:42,0
DA:45,0
DA:46,0
DA:49,0
DA:51,0
DA:52,0
DA:53,0
DA:54,0
DA:55,0
DA:56,0
DA:57,0
DA:58,0
DA:59,0
DA:61,0
DA:62,0
DA:63,0
DA:66,0
DA:68,0
DA:72,0
DA:143,0
DA:193,0
DA:223,0
DA:231,0
LF:50
LH:0
BRDA:30,0,0,0
BRDA:30,0,1,0
BRDA:31,1,0,0
BRDA:31,1,1,0
BRDA:32,2,0,0
BRDA:32,2,1,0
BRDA:34,3,0,0
BRDA:34,3,1,0
BRDA:49,4,0,0
BRDA:49,4,1,0
BRDA:56,5,0,0
BRDA:56,5,1,0
BRDA:57,6,0,0
BRDA:57,6,1,0
BRDA:58,7,0,0
BRDA:58,7,1,0
BRDA:58,8,0,0
BRDA:58,8,1,0
BRDA:58,8,2,0
BRDA:63,9,0,0
BRDA:63,9,1,0
BRDA:66,10,0,0
BRDA:66,10,1,0
BRDA:72,11,0,0
BRDA:72,11,1,0
BRDA:87,12,0,0
BRDA:87,12,1,0
BRDA:98,13,0,0
BRDA:132,14,0,0
BRDA:132,14,1,0
BRDA:147,15,0,0
BRDA:163,16,0,0
BRDA:163,16,1,0
BRDA:174,17,0,0
BRDA:174,17,1,0
BRDA:197,18,0,0
BRDA:197,18,1,0
BRDA:207,19,0,0
BRDA:207,19,1,0
BRDA:211,20,0,0
BRDA:211,20,1,0
BRDA:212,21,0,0
BRDA:214,22,0,0
BRDA:214,22,1,0
BRDA:219,23,0,0
BRDA:224,24,0,0
BRDA:224,24,1,0
BRDA:232,25,0,0
BRDA:232,25,1,0
BRF:49
BRH:0
end_of_record
TN:
SF:app/admin/movies/[id]/page.tsx
FN:10,AdminMovieDetailPage
FN:17,(anonymous_3)
FN:18,(anonymous_4)
FN:38,(anonymous_5)
FNF:4
FNH:0
FNDA:0,AdminMovieDetailPage
FNDA:0,(anonymous_3)
FNDA:0,(anonymous_4)
FNDA:0,(anonymous_5)
DA:3,0
DA:4,0
DA:5,0
DA:6,0
DA:7,0
DA:10,0
DA:11,0
DA:12,0
DA:13,0
DA:14,0
DA:15,0
DA:17,0
DA:18,0
DA:19,0
DA:20,0
DA:21,0
DA:22,0
DA:23,0
DA:24,0
DA:26,0
DA:29,0
DA:31,0
DA:35,0
DA:38,0
DA:39,0
DA:40,0
DA:41,0
DA:47,0
DA:51,0
DA:70,0
LF:30
LH:0
BRDA:23,0,0,0
BRDA:23,0,1,0
BRDA:23,1,0,0
BRDA:23,1,1,0
BRDA:26,2,0,0
BRDA:26,2,1,0
BRDA:29,3,0,0
BRDA:29,3,1,0
BRDA:35,4,0,0
BRDA:35,4,1,0
BRDA:39,5,0,0
BRDA:39,5,1,0
BRDA:51,6,0,0
BRDA:51,6,1,0
BRDA:70,7,0,0
BRDA:70,7,1,0
BRDA:70,8,0,0
BRDA:70,8,1,0
BRDA:83,9,0,0
BRDA:83,9,1,0
BRDA:130,10,0,0
BRDA:164,11,0,0
BRDA:164,11,1,0
BRDA:184,12,0,0
BRF:24
BRH:0
end_of_record
TN:
SF:app/admin/movies/[id]/edit/page.tsx
FN:49,AdminMovieEditPage
FN:70,(anonymous_3)
FN:71,(anonymous_4)
FN:105,(anonymous_5)
FN:122,(anonymous_6)
FN:183,(anonymous_7)
FN:297,(anonymous_8)
FNF:7
FNH:0
FNDA:0,AdminMovieEditPage
FNDA:0,(anonymous_3)
FNDA:0,(anonymous_4)
FNDA:0,(anonymous_5)
FNDA:0,(anonymous_6)
FNDA:0,(anonymous_7)
FNDA:0,(anonymous_8)
DA:3,0
DA:4,0
DA:5,0
DA:6,0
DA:7,0
DA:8,0
DA:12,0
DA:14,0
DA:15,0
DA:16,0
DA:18,0
DA:36,0
DA:49,0
DA:50,0
DA:51,0
DA:52,0
DA:53,0
DA:54,0
DA:55,0
DA:56,0
DA:66,0
DA:70,0
DA:71,0
DA:72,0
DA:73,0
DA:74,0
DA:75,0
DA:76,0
DA:77,0
DA:78,0
DA:79,0
DA:82,0
DA:93,0
DA:96,0
DA:98,0
DA:102,0
DA:105,0
DA:106,0
DA:107,0
DA:108,0
DA:109,0
DA:110,0
DA:111,0
DA:112,0
DA:113,0
DA:114,0
DA:115,0
DA:116,0
DA:117,0
DA:118,0
DA:119,0
DA:120,0
DA:121,0
DA:122,0
DA:123,0
DA:126,0
DA:133,0
DA:152,0
DA:183,0
DA:298,0
LF:60
LH:0
BRDA:76,0,0,0
BRDA:76,0,1,0
BRDA:76,1,0,0
BRDA:76,1,1,0
BRDA:79,2,0,0
BRDA:79,2,1,0
BRDA:85,3,0,0
BRDA:85,3,1,0
BRDA:88,4,0,0
BRDA:88,4,1,0
BRDA:90,5,0,0
BRDA:90,5,1,0
BRDA:93,6,0,0
BRDA:93,6,1,0
BRDA:96,7,0,0
BRDA:96,7,1,0
BRDA:102,8,0,0
BRDA:102,8,1,0
BRDA:112,9,0,0
BRDA:112,9,1,0
BRDA:115,10,0,0
BRDA:115,10,1,0
BRDA:116,11,0,0
BRDA:116,11,1,0
BRDA:117,12,0,0
BRDA:117,12,1,0
BRDA:119,13,0,0
BRDA:119,13,1,0
BRDA:127,14,0,0
BRDA:127,14,1,0
BRDA:133,15,0,0
BRDA:133,15,1,0
BRDA:152,16,0,0
BRDA:152,16,1,0
BRDA:152,17,0,0
BRDA:152,17,1,0
BRDA:165,18,0,0
BRDA:165,18,1,0
BRDA:179,19,0,0
BRDA:223,20,0,0
BRDA:252,21,0,0
BRDA:252,21,1,0
BRDA:256,22,0,0
BRDA:293,23,0,0
BRDA:293,23,1,0
BRDA:299,24,0,0
BRDA:299,24,1,0
BRDA:298,25,0,0
BRDA:298,25,1,0
BRDA:302,26,0,0
BRDA:302,26,1,0
BRDA:306,27,0,0
BRF:52
BRH:0
end_of_record
TN:
SF:app/admin/movies/create/page.tsx
FN:44,AdminCreateMoviePage
FN:56,(anonymous_3)
FN:95,(anonymous_4)
FN:104,(anonymous_5)
FN:204,(anonymous_6)
FNF:5
FNH:0
FNDA:0,AdminCreateMoviePage
FNDA:0,(anonymous_3)
FNDA:0,(anonymous_4)
FNDA:0,(anonymous_5)
FNDA:0,(anonymous_6)
DA:3,0
DA:4,0
DA:5,0
DA:6,0
DA:7,0
DA:8,0
DA:9,0
DA:10,0
DA:11,0
DA:13,0
DA:31,0
DA:44,0
DA:45,0
DA:46,0
DA:52,0
DA:56,0
DA:57,0
DA:58,0
DA:59,0
DA:60,0
DA:61,0
DA:62,0
DA:63,0
DA:64,0
DA:65,0
DA:66,0
DA:67,0
DA:68,0
DA:69,0
DA:70,0
DA:71,0
DA:72,0
DA:74,0
DA:95,0
DA:104,0
DA:205,0
LF:36
LH:0
BRDA:63,0,0,0
BRDA:63,0,1,0
BRDA:66,1,0,0
BRDA:66,1,1,0
BRDA:67,2,0,0
BRDA:67,2,1,0
BRDA:68,3,0,0
BRDA:68,3,1,0
BRDA:70,4,0,0
BRDA:70,4,1,0
BRDA:74,5,0,0
BRDA:74,5,1,0
BRDA:91,6,0,0
BRDA:100,7,0,0
BRDA:130,8,0,0
BRDA:159,9,0,0
BRDA:159,9,1,0
BRDA:163,10,0,0
BRDA:200,11,0,0
BRDA:200,11,1,0
BRDA:206,12,0,0
BRDA:206,12,1,0
BRDA:205,13,0,0
BRDA:205,13,1,0
BRDA:210,14,0,0
BRF:25
BRH:0
end_of_record
TN:
SF:app/admin/offers/page.tsx
FN:40,AdminOffersPage
FN:50,(anonymous_2)
FN:64,(anonymous_3)
FN:68,(anonymous_4)
FN:73,(anonymous_5)
FN:92,(anonymous_6)
FN:123,(anonymous_7)
FN:140,(anonymous_8)
FN:201,(anonymous_9)
FN:276,(anonymous_10)
FN:283,(anonymous_11)
FN:328,(anonymous_12)
FN:328,(anonymous_13)
FN:340,(anonymous_14)
FN:341,(anonymous_15)
FN:351,(anonymous_16)
FN:352,(anonymous_17)
FN:366,(anonymous_18)
FN:367,(anonymous_19)
FN:371,(anonymous_20)
FN:386,(anonymous_21)
FN:387,(anonymous_22)
FN:409,(anonymous_23)
FN:410,(anonymous_24)
FN:431,(anonymous_25)
FN:432,(anonymous_26)
FN:453,(anonymous_27)
FN:454,(anonymous_28)
FN:475,(anonymous_29)
FN:476,(anonymous_30)
FN:488,(anonymous_31)
FN:489,(anonymous_32)
FN:505,(anonymous_33)
FN:506,(anonymous_34)
FN:524,(anonymous_35)
FN:525,(anonymous_36)
FN:542,(anonymous_37)
FN:543,(anonymous_38)
FNF:38
FNH:0
FNDA:0,AdminOffersPage
FNDA:0,(anonymous_2)
FNDA:0,(anonymous_3)
FNDA:0,(anonymous_4)
FNDA:0,(anonymous_5)
FNDA:0,(anonymous_6)
FNDA:0,(anonymous_7)
FNDA:0,(anonymous_8)
FNDA:0,(anonymous_9)
FNDA:0,(anonymous_10)
FNDA:0,(anonymous_11)
FNDA:0,(anonymous_12)
FNDA:0,(anonymous_13)
FNDA:0,(anonymous_14)
FNDA:0,(anonymous_15)
FNDA:0,(anonymous_16)
FNDA:0,(anonymous_17)
FNDA:0,(anonymous_18)
FNDA:0,(anonymous_19)
FNDA:0,(anonymous_20)
FNDA:0,(anonymous_21)
FNDA:0,(anonymous_22)
FNDA:0,(anonymous_23)
FNDA:0,(anonymous_24)
FNDA:0,(anonymous_25)
FNDA:0,(anonymous_26)
FNDA:0,(anonymous_27)
FNDA:0,(anonymous_28)
FNDA:0,(anonymous_29)
FNDA:0,(anonymous_30)
FNDA:0,(anonymous_31)
FNDA:0,(anonymous_32)
FNDA:0,(anonymous_33)
FNDA:0,(anonymous_34)
FNDA:0,(anonymous_35)
FNDA:0,(anonymous_36)
FNDA:0,(anonymous_37)
FNDA:0,(anonymous_38)
DA:3,0
DA:11,0
DA:13,0
DA:24,0
DA:40,0
DA:41,0
DA:42,0
DA:43,0
DA:45,0
DA:46,0
DA:47,0
DA:48,0
DA:50,0
DA:51,0
DA:52,0
DA:53,0
DA:54,0
DA:55,0
DA:57,0
DA:58,0
DA:60,0
DA:64,0
DA:65,0
DA:68,0
DA:69,0
DA:70,0
DA:73,0
DA:74,0
DA:75,0
DA:92,0
DA:93,0
DA:94,0
DA:95,0
DA:96,0
DA:98,0
DA:99,0
DA:100,0
DA:103,0
DA:109,0
DA:110,0
DA:112,0
DA:114,0
DA:115,0
DA:117,0
DA:119,0
DA:123,0
DA:124,0
DA:125,0
DA:126,0
DA:127,0
DA:128,0
DA:129,0
DA:130,0
DA:131,0
DA:134,0
DA:136,0
DA:140,0
DA:141,0
DA:142,0
DA:143,0
DA:144,0
DA:147,0
DA:202,0
DA:276,0
DA:283,0
DA:328,0
DA:341,0
DA:352,0
DA:367,0
DA:372,0
DA:387,0
DA:410,0
DA:432,0
DA:454,0
DA:476,0
DA:489,0
DA:506,0
DA:525,0
DA:543,0
LF:79
LH:0
BRDA:55,0,0,0
BRDA:55,0,1,0
BRDA:57,1,0,0
BRDA:57,1,1,0
BRDA:78,2,0,0
BRDA:78,2,1,0
BRDA:85,3,0,0
BRDA:85,3,1,0
BRDA:98,4,0,0
BRDA:98,4,1,0
BRDA:98,5,0,0
BRDA:98,5,1,0
BRDA:98,5,2,0
BRDA:106,6,0,0
BRDA:106,6,1,0
BRDA:109,7,0,0
BRDA:109,7,1,0
BRDA:117,8,0,0
BRDA:117,8,1,0
BRDA:124,9,0,0
BRDA:124,9,1,0
BRDA:130,10,0,0
BRDA:130,10,1,0
BRDA:134,11,0,0
BRDA:134,11,1,0
BRDA:141,12,0,0
BRDA:141,12,1,0
BRDA:143,13,0,0
BRDA:143,13,1,0
BRDA:147,14,0,0
BRDA:147,14,1,0
BRDA:166,15,0,0
BRDA:191,16,0,0
BRDA:191,16,1,0
BRDA:208,17,0,0
BRDA:217,18,0,0
BRDA:217,18,1,0
BRDA:219,19,0,0
BRDA:219,19,1,0
BRDA:223,20,0,0
BRDA:223,20,1,0
BRDA:228,21,0,0
BRDA:228,21,1,0
BRDA:233,22,0,0
BRDA:233,22,1,0
BRDA:238,23,0,0
BRDA:245,24,0,0
BRDA:261,25,0,0
BRDA:266,26,0,0
BRDA:287,27,0,0
BRDA:287,27,1,0
BRDA:303,28,0,0
BRDA:303,28,1,0
BRDA:309,29,0,0
BRDA:385,30,0,0
BRDA:385,30,1,0
BRDA:389,31,0,0
BRDA:389,31,1,0
BRDA:399,32,0,0
BRDA:408,33,0,0
BRDA:408,33,1,0
BRDA:412,34,0,0
BRDA:412,34,1,0
BRDA:422,35,0,0
BRDA:430,36,0,0
BRDA:430,36,1,0
BRDA:434,37,0,0
BRDA:434,37,1,0
BRDA:444,38,0,0
BRDA:452,39,0,0
BRDA:452,39,1,0
BRDA:456,40,0,0
BRDA:456,40,1,0
BRDA:504,41,0,0
BRDA:504,41,1,0
BRDA:508,42,0,0
BRDA:508,42,1,0
BRDA:523,43,0,0
BRDA:523,43,1,0
BRDA:527,44,0,0
BRDA:527,44,1,0
BRDA:557,45,0,0
BRDA:557,45,1,0
BRDA:558,46,0,0
BRDA:558,46,1,0
BRDA:561,47,0,0
BRDA:561,47,1,0
BRF:87
BRH:0
end_of_record
TN:
SF:app/admin/rewards/page.tsx
FN:22,AdminRewardsPage
FN:32,(anonymous_2)
FN:46,(anonymous_3)
FN:50,(anonymous_4)
FN:55,(anonymous_5)
FN:68,(anonymous_6)
FN:92,(anonymous_7)
FN:162,(anonymous_8)
FN:194,(anonymous_9)
FN:201,(anonymous_10)
FN:246,(anonymous_11)
FN:246,(anonymous_12)
FN:256,(anonymous_13)
FN:257,(anonymous_14)
FN:269,(anonymous_15)
FN:270,(anonymous_16)
FN:286,(anonymous_17)
FN:287,(anonymous_18)
FN:303,(anonymous_19)
FN:304,(anonymous_20)
FN:319,(anonymous_21)
FN:320,(anonymous_22)
FN:330,(anonymous_23)
FN:331,(anonymous_24)
FNF:24
FNH:0
FNDA:0,AdminRewardsPage
FNDA:0,(anonymous_2)
FNDA:0,(anonymous_3)
FNDA:0,(anonymous_4)
FNDA:0,(anonymous_5)
FNDA:0,(anonymous_6)
FNDA:0,(anonymous_7)
FNDA:0,(anonymous_8)
FNDA:0,(anonymous_9)
FNDA:0,(anonymous_10)
FNDA:0,(anonymous_11)
FNDA:0,(anonymous_12)
FNDA:0,(anonymous_13)
FNDA:0,(anonymous_14)
FNDA:0,(anonymous_15)
FNDA:0,(anonymous_16)
FNDA:0,(anonymous_17)
FNDA:0,(anonymous_18)
FNDA:0,(anonymous_19)
FNDA:0,(anonymous_20)
FNDA:0,(anonymous_21)
FNDA:0,(anonymous_22)
FNDA:0,(anonymous_23)
FNDA:0,(anonymous_24)
DA:3,0
DA:10,0
DA:12,0
DA:22,0
DA:23,0
DA:24,0
DA:25,0
DA:27,0
DA:28,0
DA:29,0
DA:30,0
DA:32,0
DA:33,0
DA:34,0
DA:35,0
DA:36,0
DA:37,0
DA:39,0
DA:40,0
DA:42,0
DA:46,0
DA:47,0
DA:50,0
DA:51,0
DA:52,0
DA:55,0
DA:56,0
DA:57,0
DA:68,0
DA:69,0
DA:70,0
DA:71,0
DA:72,0
DA:73,0
DA:74,0
DA:75,0
DA:78,0
DA:79,0
DA:81,0
DA:83,0
DA:84,0
DA:86,0
DA:88,0
DA:92,0
DA:93,0
DA:94,0
DA:95,0
DA:96,0
DA:97,0
DA:98,0
DA:99,0
DA:100,0
DA:103,0
DA:105,0
DA:109,0
DA:163,0
DA:194,0
DA:201,0
DA:246,0
DA:257,0
DA:270,0
DA:287,0
DA:304,0
DA:320,0
DA:331,0
LF:65
LH:0
BRDA:37,0,0,0
BRDA:37,0,1,0
BRDA:39,1,0,0
BRDA:39,1,1,0
BRDA:59,2,0,0
BRDA:59,2,1,0
BRDA:60,3,0,0
BRDA:60,3,1,0
BRDA:73,4,0,0
BRDA:73,4,1,0
BRDA:73,5,0,0
BRDA:73,5,1,0
BRDA:78,6,0,0
BRDA:78,6,1,0
BRDA:86,7,0,0
BRDA:86,7,1,0
BRDA:93,8,0,0
BRDA:93,8,1,0
BRDA:99,9,0,0
BRDA:99,9,1,0
BRDA:103,10,0,0
BRDA:103,10,1,0
BRDA:109,11,0,0
BRDA:109,11,1,0
BRDA:127,12,0,0
BRDA:152,13,0,0
BRDA:152,13,1,0
BRDA:166,14,0,0
BRDA:175,15,0,0
BRDA:181,16,0,0
BRDA:205,17,0,0
BRDA:205,17,1,0
BRDA:221,18,0,0
BRDA:221,18,1,0
BRDA:227,19,0,0
BRDA:289,20,0,0
BRDA:289,20,1,0
BRDA:306,21,0,0
BRDA:306,21,1,0
BRDA:344,22,0,0
BRDA:344,22,1,0
BRDA:345,23,0,0
BRDA:345,23,1,0
BRDA:348,24,0,0
BRDA:348,24,1,0
BRF:45
BRH:0
end_of_record
TN:
SF:app/admin/sales/page.tsx
FN:15,formatDate
FN:21,AdminSalesPage
FN:31,(anonymous_3)
FN:62,(anonymous_4)
FN:87,(anonymous_5)
FN:98,(anonymous_6)
FN:108,(anonymous_7)
FN:182,(anonymous_8)
FN:233,(anonymous_9)
FNF:9
FNH:0
FNDA:0,formatDate
FNDA:0,AdminSalesPage
FNDA:0,(anonymous_3)
FNDA:0,(anonymous_4)
FNDA:0,(anonymous_5)
FNDA:0,(anonymous_6)
FNDA:0,(anonymous_7)
FNDA:0,(anonymous_8)
FNDA:0,(anonymous_9)
DA:3,0
DA:11,0
DA:16,0
DA:17,0
DA:18,0
DA:21,0
DA:22,0
DA:23,0
DA:24,0
DA:25,0
DA:26,0
DA:27,0
DA:28,0
DA:29,0
DA:31,0
DA:32,0
DA:33,0
DA:34,0
DA:35,0
DA:36,0
DA:37,0
DA:39,0
DA:40,0
DA:41,0
DA:42,0
DA:43,0
DA:44,0
DA:45,0
DA:46,0
DA:47,0
DA:48,0
DA:50,0
DA:51,0
DA:52,0
DA:53,0
DA:56,0
DA:58,0
DA:62,0
DA:63,0
DA:87,0
DA:98,0
DA:108,0
DA:183,0
DA:234,0
LF:44
LH:0
BRDA:17,0,0,0
BRDA:17,0,1,0
BRDA:36,1,0,0
BRDA:36,1,1,0
BRDA:37,2,0,0
BRDA:37,2,1,0
BRDA:39,3,0,0
BRDA:39,3,1,0
BRDA:44,4,0,0
BRDA:44,4,1,0
BRDA:56,5,0,0
BRDA:56,5,1,0
BRDA:123,6,0,0
BRDA:123,6,1,0
BRDA:127,7,0,0
BRDA:133,8,0,0
BRDA:162,9,0,0
BRDA:198,10,0,0
BRDA:213,11,0,0
BRDA:249,12,0,0
BRF:20
BRH:0
end_of_record
TN:
SF:app/admin/showtimes/page.tsx
FN:14,AdminShowtimesPage
FN:25,(anonymous_3)
FN:43,(anonymous_4)
FN:47,(anonymous_5)
FN:140,(anonymous_6)
FN:181,(anonymous_7)
FN:211,(anonymous_8)
FN:211,(anonymous_9)
FN:219,(anonymous_10)
FN:219,(anonymous_11)
FNF:10
FNH:0
FNDA:0,AdminShowtimesPage
FNDA:0,(anonymous_3)
FNDA:0,(anonymous_4)
FNDA:0,(anonymous_5)
FNDA:0,(anonymous_6)
FNDA:0,(anonymous_7)
FNDA:0,(anonymous_8)
FNDA:0,(anonymous_9)
FNDA:0,(anonymous_10)
FNDA:0,(anonymous_11)
DA:3,0
DA:4,0
DA:9,0
DA:11,0
DA:12,0
DA:14,0
DA:15,0
DA:16,0
DA:17,0
DA:18,0
DA:19,0
DA:20,0
DA:21,0
DA:22,0
DA:24,0
DA:26,0
DA:27,0
DA:28,0
DA:29,0
DA:30,0
DA:31,0
DA:32,0
DA:34,0
DA:35,0
DA:37,0
DA:43,0
DA:44,0
DA:47,0
DA:48,0
DA:51,0
DA:53,0
DA:54,0
DA:55,0
DA:56,0
DA:57,0
DA:58,0
DA:59,0
DA:60,0
DA:61,0
DA:63,0
DA:64,0
DA:65,0
DA:68,0
DA:72,0
DA:76,0
DA:142,0
DA:146,0
DA:150,0
DA:153,0
DA:154,0
DA:181,0
DA:211,0
DA:219,0
LF:53
LH:0
BRDA:30,0,0,0
BRDA:30,0,1,0
BRDA:31,1,0,0
BRDA:31,1,1,0
BRDA:32,2,0,0
BRDA:32,2,1,0
BRDA:34,3,0,0
BRDA:34,3,1,0
BRDA:51,4,0,0
BRDA:51,4,1,0
BRDA:58,5,0,0
BRDA:58,5,1,0
BRDA:59,6,0,0
BRDA:59,6,1,0
BRDA:60,7,0,0
BRDA:60,7,1,0
BRDA:60,8,0,0
BRDA:60,8,1,0
BRDA:60,8,2,0
BRDA:65,9,0,0
BRDA:65,9,1,0
BRDA:69,10,0,0
BRDA:69,10,1,0
BRDA:76,11,0,0
BRDA:76,11,1,0
BRDA:91,12,0,0
BRDA:91,12,1,0
BRDA:102,13,0,0
BRDA:130,14,0,0
BRDA:130,14,1,0
BRDA:142,15,0,0
BRDA:142,15,1,0
BRDA:144,16,0,0
BRDA:144,16,1,0
BRDA:146,17,0,0
BRDA:146,17,1,0
BRDA:148,18,0,0
BRDA:148,18,1,0
BRDA:150,19,0,0
BRDA:150,19,1,0
BRDA:152,20,0,0
BRDA:152,20,1,0
BRDA:185,21,0,0
BRDA:185,21,1,0
BRDA:196,22,0,0
BRDA:200,23,0,0
BRDA:200,23,1,0
BRDA:201,24,0,0
BRDA:203,25,0,0
BRDA:203,25,1,0
BRDA:212,26,0,0
BRDA:212,26,1,0
BRDA:220,27,0,0
BRDA:220,27,1,0
BRF:54
BRH:0
end_of_record
TN:
SF:app/admin/showtimes/[id]/edit/page.tsx
FN:28,AdminEditShowtimePage
FN:51,(anonymous_3)
FN:52,(anonymous_4)
FN:96,(anonymous_5)
FN:109,(anonymous_6)
FN:159,(anonymous_7)
FN:192,(anonymous_8)
FN:216,(anonymous_9)
FNF:8
FNH:0
FNDA:0,AdminEditShowtimePage
FNDA:0,(anonymous_3)
FNDA:0,(anonymous_4)
FNDA:0,(anonymous_5)
FNDA:0,(anonymous_6)
FNDA:0,(anonymous_7)
FNDA:0,(anonymous_8)
FNDA:0,(anonymous_9)
DA:3,0
DA:4,0
DA:5,0
DA:6,0
DA:7,0
DA:8,0
DA:14,0
DA:15,0
DA:16,0
DA:17,0
DA:18,0
DA:20,0
DA:28,0
DA:29,0
DA:30,0
DA:31,0
DA:33,0
DA:34,0
DA:35,0
DA:39,0
DA:40,0
DA:47,0
DA:51,0
DA:52,0
DA:53,0
DA:54,0
DA:55,0
DA:56,0
DA:61,0
DA:62,0
DA:64,0
DA:65,0
DA:67,0
DA:69,0
DA:73,0
DA:76,0
DA:80,0
DA:86,0
DA:90,0
DA:93,0
DA:96,0
DA:97,0
DA:98,0
DA:99,0
DA:100,0
DA:105,0
DA:109,0
DA:110,0
DA:113,0
DA:121,0
DA:134,0
DA:159,0
DA:193,0
DA:217,0
LF:54
LH:0
BRDA:61,0,0,0
BRDA:61,0,1,0
BRDA:61,1,0,0
BRDA:61,1,1,0
BRDA:62,2,0,0
BRDA:62,2,1,0
BRDA:64,3,0,0
BRDA:64,3,1,0
BRDA:65,4,0,0
BRDA:65,4,1,0
BRDA:69,5,0,0
BRDA:69,5,1,0
BRDA:71,6,0,0
BRDA:71,6,1,0
BRDA:73,7,0,0
BRDA:73,7,1,0
BRDA:75,8,0,0
BRDA:75,8,1,0
BRDA:87,9,0,0
BRDA:87,9,1,0
BRDA:93,10,0,0
BRDA:93,10,1,0
BRDA:115,11,0,0
BRDA:115,11,1,0
BRDA:121,12,0,0
BRDA:121,12,1,0
BRDA:134,13,0,0
BRDA:134,13,1,0
BRDA:155,14,0,0
BRDA:187,15,0,0
BRDA:187,15,1,0
BRDA:198,16,0,0
BRDA:211,17,0,0
BRDA:211,17,1,0
BRDA:222,18,0,0
BRF:35
BRH:0
end_of_record
TN:
SF:app/admin/showtimes/create/page.tsx
FN:26,AdminCreateShowtimePage
FN:41,(anonymous_3)
FN:42,(anonymous_4)
FN:65,(anonymous_5)
FN:102,(anonymous_6)
FN:111,(anonymous_7)
FN:137,(anonymous_8)
FN:161,(anonymous_9)
FNF:8
FNH:0
FNDA:0,AdminCreateShowtimePage
FNDA:0,(anonymous_3)
FNDA:0,(anonymous_4)
FNDA:0,(anonymous_5)
FNDA:0,(anonymous_6)
FNDA:0,(anonymous_7)
FNDA:0,(anonymous_8)
FNDA:0,(anonymous_9)
DA:3,0
DA:4,0
DA:5,0
DA:6,0
DA:7,0
DA:12,0
DA:13,0
DA:14,0
DA:15,0
DA:16,0
DA:18,0
DA:26,0
DA:27,0
DA:28,0
DA:29,0
DA:30,0
DA:31,0
DA:37,0
DA:41,0
DA:42,0
DA:43,0
DA:44,0
DA:45,0
DA:46,0
DA:50,0
DA:51,0
DA:53,0
DA:59,0
DA:62,0
DA:65,0
DA:66,0
DA:67,0
DA:68,0
DA:69,0
DA:74,0
DA:76,0
DA:102,0
DA:111,0
DA:138,0
DA:162,0
LF:40
LH:0
BRDA:50,0,0,0
BRDA:50,0,1,0
BRDA:51,1,0,0
BRDA:51,1,1,0
BRDA:54,2,0,0
BRDA:54,2,1,0
BRDA:77,3,0,0
BRDA:77,3,1,0
BRDA:98,4,0,0
BRDA:107,5,0,0
BRDA:118,6,0,0
BRDA:132,7,0,0
BRDA:132,7,1,0
BRDA:143,8,0,0
BRDA:156,9,0,0
BRDA:156,9,1,0
BRDA:167,10,0,0
BRF:17
BRH:0
end_of_record
TN:
SF:app/admin/snacks/page.tsx
FN:47,AdminSnacksPage
FN:70,(anonymous_2)
FN:89,(anonymous_3)
FN:93,(anonymous_4)
FN:99,(anonymous_5)
FN:105,(anonymous_6)
FN:120,(anonymous_7)
FN:136,(anonymous_8)
FN:167,(anonymous_9)
FN:198,(anonymous_10)
FN:213,(anonymous_11)
FN:249,(anonymous_12)
FN:260,(anonymous_13)
FN:311,(anonymous_14)
FN:347,(anonymous_15)
FN:354,(anonymous_16)
FN:400,(anonymous_17)
FN:401,(anonymous_18)
FN:413,(anonymous_19)
FN:414,(anonymous_20)
FN:428,(anonymous_21)
FN:429,(anonymous_22)
FN:436,(anonymous_23)
FN:451,(anonymous_24)
FN:452,(anonymous_25)
FN:473,(anonymous_26)
FN:482,(anonymous_27)
FN:483,(anonymous_28)
FN:498,(anonymous_29)
FN:499,(anonymous_30)
FN:513,(anonymous_31)
FN:514,(anonymous_32)
FN:576,(anonymous_33)
FN:612,(anonymous_34)
FN:619,(anonymous_35)
FN:665,(anonymous_36)
FN:666,(anonymous_37)
FN:678,(anonymous_38)
FN:679,(anonymous_39)
FN:695,(anonymous_40)
FN:696,(anonymous_41)
FN:713,(anonymous_42)
FN:714,(anonymous_43)
FN:733,(anonymous_44)
FN:734,(anonymous_45)
FN:751,(anonymous_46)
FN:760,(anonymous_47)
FN:761,(anonymous_48)
FN:776,(anonymous_49)
FN:777,(anonymous_50)
FN:791,(anonymous_51)
FN:792,(anonymous_52)
FNF:52
FNH:0
FNDA:0,AdminSnacksPage
FNDA:0,(anonymous_2)
FNDA:0,(anonymous_3)
FNDA:0,(anonymous_4)
FNDA:0,(anonymous_5)
FNDA:0,(anonymous_6)
FNDA:0,(anonymous_7)
FNDA:0,(anonymous_8)
FNDA:0,(anonymous_9)
FNDA:0,(anonymous_10)
FNDA:0,(anonymous_11)
FNDA:0,(anonymous_12)
FNDA:0,(anonymous_13)
FNDA:0,(anonymous_14)
FNDA:0,(anonymous_15)
FNDA:0,(anonymous_16)
FNDA:0,(anonymous_17)
FNDA:0,(anonymous_18)
FNDA:0,(anonymous_19)
FNDA:0,(anonymous_20)
FNDA:0,(anonymous_21)
FNDA:0,(anonymous_22)
FNDA:0,(anonymous_23)
FNDA:0,(anonymous_24)
FNDA:0,(anonymous_25)
FNDA:0,(anonymous_26)
FNDA:0,(anonymous_27)
FNDA:0,(anonymous_28)
FNDA:0,(anonymous_29)
FNDA:0,(anonymous_30)
FNDA:0,(anonymous_31)
FNDA:0,(anonymous_32)
FNDA:0,(anonymous_33)
FNDA:0,(anonymous_34)
FNDA:0,(anonymous_35)
FNDA:0,(anonymous_36)
FNDA:0,(anonymous_37)
FNDA:0,(anonymous_38)
FNDA:0,(anonymous_39)
FNDA:0,(anonymous_40)
FNDA:0,(anonymous_41)
FNDA:0,(anonymous_42)
FNDA:0,(anonymous_43)
FNDA:0,(anonymous_44)
FNDA:0,(anonymous_45)
FNDA:0,(anonymous_46)
FNDA:0,(anonymous_47)
FNDA:0,(anonymous_48)
FNDA:0,(anonymous_49)
FNDA:0,(anonymous_50)
FNDA:0,(anonymous_51)
FNDA:0,(anonymous_52)
DA:3,0
DA:16,0
DA:20,0
DA:26,0
DA:36,0
DA:47,0
DA:48,0
DA:50,0
DA:51,0
DA:52,0
DA:53,0
DA:55,0
DA:56,0
DA:59,0
DA:60,0
DA:64,0
DA:65,0
DA:67,0
DA:68,0
DA:70,0
DA:71,0
DA:72,0
DA:73,0
DA:74,0
DA:78,0
DA:79,0
DA:81,0
DA:82,0
DA:83,0
DA:85,0
DA:89,0
DA:90,0
DA:93,0
DA:94,0
DA:95,0
DA:96,0
DA:99,0
DA:100,0
DA:101,0
DA:102,0
DA:105,0
DA:106,0
DA:107,0
DA:108,0
DA:117,0
DA:120,0
DA:121,0
DA:122,0
DA:123,0
DA:133,0
DA:136,0
DA:137,0
DA:138,0
DA:139,0
DA:140,0
DA:141,0
DA:142,0
DA:143,0
DA:145,0
DA:146,0
DA:152,0
DA:158,0
DA:159,0
DA:161,0
DA:163,0
DA:167,0
DA:168,0
DA:169,0
DA:170,0
DA:171,0
DA:172,0
DA:173,0
DA:174,0
DA:176,0
DA:177,0
DA:183,0
DA:189,0
DA:190,0
DA:192,0
DA:194,0
DA:198,0
DA:199,0
DA:200,0
DA:201,0
DA:202,0
DA:203,0
DA:204,0
DA:205,0
DA:207,0
DA:209,0
DA:213,0
DA:214,0
DA:215,0
DA:216,0
DA:217,0
DA:218,0
DA:219,0
DA:220,0
DA:222,0
DA:224,0
DA:228,0
DA:249,0
DA:260,0
DA:312,0
DA:347,0
DA:354,0
DA:401,0
DA:414,0
DA:429,0
DA:437,0
DA:452,0
DA:474,0
DA:475,0
DA:483,0
DA:499,0
DA:514,0
DA:577,0
DA:612,0
DA:619,0
DA:666,0
DA:679,0
DA:696,0
DA:714,0
DA:734,0
DA:752,0
DA:753,0
DA:761,0
DA:777,0
DA:792,0
LF:129
LH:0
BRDA:78,0,0,0
BRDA:78,0,1,0
BRDA:79,1,0,0
BRDA:79,1,1,0
BRDA:81,2,0,0
BRDA:81,2,1,0
BRDA:110,3,0,0
BRDA:110,3,1,0
BRDA:113,4,0,0
BRDA:113,4,1,0
BRDA:128,5,0,0
BRDA:128,5,1,0
BRDA:129,6,0,0
BRDA:129,6,1,0
BRDA:141,7,0,0
BRDA:141,7,1,0
BRDA:141,8,0,0
BRDA:141,8,1,0
BRDA:145,9,0,0
BRDA:145,9,1,0
BRDA:148,10,0,0
BRDA:148,10,1,0
BRDA:149,11,0,0
BRDA:149,11,1,0
BRDA:154,12,0,0
BRDA:154,12,1,0
BRDA:155,13,0,0
BRDA:155,13,1,0
BRDA:161,14,0,0
BRDA:161,14,1,0
BRDA:172,15,0,0
BRDA:172,15,1,0
BRDA:172,16,0,0
BRDA:172,16,1,0
BRDA:172,16,2,0
BRDA:176,17,0,0
BRDA:176,17,1,0
BRDA:179,18,0,0
BRDA:179,18,1,0
BRDA:180,19,0,0
BRDA:180,19,1,0
BRDA:185,20,0,0
BRDA:185,20,1,0
BRDA:186,21,0,0
BRDA:186,21,1,0
BRDA:192,22,0,0
BRDA:192,22,1,0
BRDA:199,23,0,0
BRDA:199,23,1,0
BRDA:205,24,0,0
BRDA:205,24,1,0
BRDA:207,25,0,0
BRDA:207,25,1,0
BRDA:214,26,0,0
BRDA:214,26,1,0
BRDA:220,27,0,0
BRDA:220,27,1,0
BRDA:222,28,0,0
BRDA:222,28,1,0
BRDA:228,29,0,0
BRDA:228,29,1,0
BRDA:251,30,0,0
BRDA:251,30,1,0
BRDA:262,31,0,0
BRDA:262,31,1,0
BRDA:272,32,0,0
BRDA:278,33,0,0
BRDA:301,34,0,0
BRDA:301,34,1,0
BRDA:315,35,0,0
BRDA:320,36,0,0
BRDA:328,37,0,0
BRDA:328,37,1,0
BRDA:330,38,0,0
BRDA:330,38,1,0
BRDA:335,39,0,0
BRDA:335,39,1,0
BRDA:358,40,0,0
BRDA:358,40,1,0
BRDA:375,41,0,0
BRDA:375,41,1,0
BRDA:381,42,0,0
BRDA:454,43,0,0
BRDA:454,43,1,0
BRDA:474,44,0,0
BRDA:474,44,1,0
BRDA:501,45,0,0
BRDA:501,45,1,0
BRDA:528,46,0,0
BRDA:528,46,1,0
BRDA:529,47,0,0
BRDA:529,47,1,0
BRDA:532,48,0,0
BRDA:532,48,1,0
BRDA:543,49,0,0
BRDA:566,50,0,0
BRDA:566,50,1,0
BRDA:587,51,0,0
BRDA:596,52,0,0
BRDA:602,53,0,0
BRDA:602,53,1,0
BRDA:623,54,0,0
BRDA:623,54,1,0
BRDA:640,55,0,0
BRDA:640,55,1,0
BRDA:646,56,0,0
BRDA:698,57,0,0
BRDA:698,57,1,0
BRDA:712,58,0,0
BRDA:712,58,1,0
BRDA:716,59,0,0
BRDA:716,59,1,0
BRDA:752,60,0,0
BRDA:752,60,1,0
BRDA:779,61,0,0
BRDA:779,61,1,0
BRDA:806,62,0,0
BRDA:806,62,1,0
BRDA:807,63,0,0
BRDA:807,63,1,0
BRDA:810,64,0,0
BRDA:810,64,1,0
BRF:122
BRH:0
end_of_record
TN:
SF:app/admin/users/page.tsx
FN:14,AdminUsersPage
FN:24,(anonymous_3)
FN:40,(anonymous_4)
FN:44,(anonymous_5)
FN:136,(anonymous_6)
FN:190,(anonymous_7)
FN:221,(anonymous_8)
FN:221,(anonymous_9)
FN:229,(anonymous_10)
FN:229,(anonymous_11)
FNF:10
FNH:0
FNDA:0,AdminUsersPage
FNDA:0,(anonymous_3)
FNDA:0,(anonymous_4)
FNDA:0,(anonymous_5)
FNDA:0,(anonymous_6)
FNDA:0,(anonymous_7)
FNDA:0,(anonymous_8)
FNDA:0,(anonymous_9)
FNDA:0,(anonymous_10)
FNDA:0,(anonymous_11)
DA:3,0
DA:4,0
DA:5,0
DA:9,0
DA:11,0
DA:12,0
DA:14,0
DA:15,0
DA:16,0
DA:17,0
DA:18,0
DA:19,0
DA:20,0
DA:21,0
DA:22,0
DA:24,0
DA:25,0
DA:26,0
DA:27,0
DA:28,0
DA:29,0
DA:30,0
DA:31,0
DA:33,0
DA:34,0
DA:36,0
DA:40,0
DA:41,0
DA:44,0
DA:45,0
DA:49,0
DA:51,0
DA:52,0
DA:53,0
DA:54,0
DA:56,0
DA:57,0
DA:58,0
DA:61,0
DA:62,0
DA:65,0
DA:66,0
DA:67,0
DA:70,0
DA:72,0
DA:76,0
DA:138,0
DA:142,0
DA:190,0
DA:221,0
DA:229,0
LF:51
LH:0
BRDA:9,0,0,0
BRDA:9,0,1,0
BRDA:29,1,0,0
BRDA:29,1,1,0
BRDA:30,2,0,0
BRDA:30,2,1,0
BRDA:31,3,0,0
BRDA:31,3,1,0
BRDA:33,4,0,0
BRDA:33,4,1,0
BRDA:49,5,0,0
BRDA:49,5,1,0
BRDA:57,6,0,0
BRDA:57,6,1,0
BRDA:58,7,0,0
BRDA:58,7,1,0
BRDA:61,8,0,0
BRDA:61,8,1,0
BRDA:61,9,0,0
BRDA:61,9,1,0
BRDA:61,9,2,0
BRDA:67,10,0,0
BRDA:67,10,1,0
BRDA:70,11,0,0
BRDA:70,11,1,0
BRDA:76,12,0,0
BRDA:76,12,1,0
BRDA:90,13,0,0
BRDA:90,13,1,0
BRDA:101,14,0,0
BRDA:129,15,0,0
BRDA:129,15,1,0
BRDA:138,16,0,0
BRDA:138,16,1,0
BRDA:138,16,2,0
BRDA:146,17,0,0
BRDA:146,17,1,0
BRDA:149,18,0,0
BRDA:149,18,1,0
BRDA:166,19,0,0
BRDA:166,19,1,0
BRDA:194,20,0,0
BRDA:194,20,1,0
BRDA:205,21,0,0
BRDA:205,21,1,0
BRDA:209,22,0,0
BRDA:209,22,1,0
BRDA:210,23,0,0
BRDA:212,24,0,0
BRDA:212,24,1,0
BRDA:217,25,0,0
BRDA:222,26,0,0
BRDA:222,26,1,0
BRDA:230,27,0,0
BRDA:230,27,1,0
BRF:55
BRH:0
end_of_record
TN:
SF:app/admin/users/[id]/page.tsx
FN:12,AdminUserDetailPage
FN:19,(anonymous_3)
FN:20,(anonymous_4)
FN:91,(anonymous_5)
FNF:4
FNH:0
FNDA:0,AdminUserDetailPage
FNDA:0,(anonymous_3)
FNDA:0,(anonymous_4)
FNDA:0,(anonymous_5)
DA:3,0
DA:4,0
DA:5,0
DA:6,0
DA:10,0
DA:12,0
DA:13,0
DA:14,0
DA:15,0
DA:16,0
DA:17,0
DA:19,0
DA:20,0
DA:21,0
DA:22,0
DA:23,0
DA:24,0
DA:25,0
DA:26,0
DA:28,0
DA:31,0
DA:33,0
DA:37,0
DA:38,0
DA:42,0
DA:61,0
DA:87,0
DA:91,0
DA:92,0
DA:93,0
DA:94,0
DA:100,0
LF:32
LH:0
BRDA:10,0,0,0
BRDA:10,0,1,0
BRDA:25,1,0,0
BRDA:25,1,1,0
BRDA:25,2,0,0
BRDA:25,2,1,0
BRDA:28,3,0,0
BRDA:28,3,1,0
BRDA:31,4,0,0
BRDA:31,4,1,0
BRDA:37,5,0,0
BRDA:37,5,1,0
BRDA:42,6,0,0
BRDA:42,6,1,0
BRDA:61,7,0,0
BRDA:61,7,1,0
BRDA:61,8,0,0
BRDA:61,8,1,0
BRDA:74,9,0,0
BRDA:74,9,1,0
BRDA:87,10,0,0
BRDA:87,10,1,0
BRDA:87,10,2,0
BRDA:92,11,0,0
BRDA:92,11,1,0
BRDA:139,12,0,0
BRDA:139,12,1,0
BRDA:142,13,0,0
BRDA:142,13,1,0
BRDA:177,14,0,0
BRDA:177,14,1,0
BRF:31
BRH:0
end_of_record
TN:
SF:app/admin/users/[id]/edit/page.tsx
FN:24,AdminUserEditPage
FN:42,(anonymous_3)
FN:43,(anonymous_4)
FN:71,(anonymous_5)
FN:88,(anonymous_6)
FN:153,(anonymous_7)
FNF:6
FNH:0
FNDA:0,AdminUserEditPage
FNDA:0,(anonymous_3)
FNDA:0,(anonymous_4)
FNDA:0,(anonymous_5)
FNDA:0,(anonymous_6)
FNDA:0,(anonymous_7)
DA:3,0
DA:4,0
DA:5,0
DA:6,0
DA:7,0
DA:8,0
DA:9,0
DA:11,0
DA:12,0
DA:13,0
DA:14,0
DA:16,0
DA:24,0
DA:25,0
DA:26,0
DA:27,0
DA:28,0
DA:29,0
DA:30,0
DA:31,0
DA:38,0
DA:42,0
DA:43,0
DA:44,0
DA:45,0
DA:46,0
DA:47,0
DA:48,0
DA:49,0
DA:51,0
DA:57,0
DA:60,0
DA:62,0
DA:66,0
DA:67,0
DA:71,0
DA:72,0
DA:73,0
DA:74,0
DA:75,0
DA:76,0
DA:77,0
DA:78,0
DA:79,0
DA:81,0
DA:82,0
DA:83,0
DA:85,0
DA:86,0
DA:88,0
DA:89,0
DA:92,0
DA:99,0
DA:122,0
DA:153,0
LF:55
LH:0
BRDA:48,0,0,0
BRDA:48,0,1,0
BRDA:48,1,0,0
BRDA:48,1,1,0
BRDA:54,2,0,0
BRDA:54,2,1,0
BRDA:57,3,0,0
BRDA:57,3,1,0
BRDA:60,4,0,0
BRDA:60,4,1,0
BRDA:66,5,0,0
BRDA:66,5,1,0
BRDA:78,6,0,0
BRDA:78,6,1,0
BRDA:82,7,0,0
BRDA:82,7,1,0
BRDA:93,8,0,0
BRDA:93,8,1,0
BRDA:99,9,0,0
BRDA:99,9,1,0
BRDA:122,10,0,0
BRDA:122,10,1,0
BRDA:122,11,0,0
BRDA:122,11,1,0
BRDA:135,12,0,0
BRDA:135,12,1,0
BRDA:149,13,0,0
BRDA:172,14,0,0
BRF:28
BRH:0
end_of_record
TN:
SF:app/admin/users/create/page.tsx
FN:23,(anonymous_2)
FN:30,AdminCreateUserPage
FN:43,(anonymous_4)
FN:74,(anonymous_5)
FN:79,(anonymous_6)
FNF:5
FNH:0
FNDA:0,(anonymous_2)
FNDA:0,AdminCreateUserPage
FNDA:0,(anonymous_4)
FNDA:0,(anonymous_5)
FNDA:0,(anonymous_6)
DA:3,0
DA:4,0
DA:5,0
DA:6,0
DA:7,0
DA:8,0
DA:9,0
DA:10,0
DA:11,0
DA:12,0
DA:14,0
DA:23,0
DA:30,0
DA:31,0
DA:32,0
DA:38,0
DA:43,0
DA:44,0
DA:45,0
DA:46,0
DA:47,0
DA:48,0
DA:49,0
DA:50,0
DA:51,0
DA:52,0
DA:53,0
DA:54,0
DA:55,0
DA:56,0
DA:58,0
DA:59,0
DA:61,0
DA:74,0
DA:79,0
LF:35
LH:0
BRDA:52,0,0,0
BRDA:52,0,1,0
BRDA:55,1,0,0
BRDA:55,1,1,0
BRDA:61,2,0,0
BRDA:61,2,1,0
BRDA:73,3,0,0
BRDA:78,4,0,0
BRF:8
BRH:0
end_of_record
TN:
SF:app/auth/dashboard/DashboardMovieGrid.tsx
FN:9,DashboardMovieGrid
FN:13,(anonymous_3)
FN:16,(anonymous_4)
FN:19,(anonymous_5)
FN:22,(anonymous_6)
FN:30,(anonymous_7)
FN:50,(anonymous_8)
FNF:7
FNH:0
FNDA:0,DashboardMovieGrid
FNDA:0,(anonymous_3)
FNDA:0,(anonymous_4)
FNDA:0,(anonymous_5)
FNDA:0,(anonymous_6)
FNDA:0,(anonymous_7)
FNDA:0,(anonymous_8)
DA:3,0
DA:4,0
DA:5,0
DA:6,0
DA:7,0
DA:9,0
DA:10,0
DA:11,0
DA:13,0
DA:14,0
DA:15,0
DA:17,0
DA:20,0
DA:22,0
DA:23,0
DA:27,0
DA:31,0
DA:40,0
DA:51,0
DA:52,0
LF:20
LH:0
BRDA:17,0,0,0
BRDA:17,0,1,0
BRDA:17,1,0,0
BRDA:17,1,1,0
BRDA:20,2,0,0
BRDA:20,2,1,0
BRDA:27,3,0,0
BRDA:27,3,1,0
BRDA:40,4,0,0
BRDA:40,4,1,0
BRDA:60,5,0,0
BRDA:76,6,0,0
BRDA:76,6,1,0
BRDA:77,7,0,0
BRDA:77,7,1,0
BRF:15
BRH:0
end_of_record
TN:
SF:app/auth/dashboard/page.tsx
FN:21,DashboardPage
FN:24,(anonymous_3)
FN:27,(anonymous_4)
FN:31,(anonymous_5)
FN:45,(anonymous_6)
FNF:5
FNH:0
FNDA:0,DashboardPage
FNDA:0,(anonymous_3)
FNDA:0,(anonymous_4)
FNDA:0,(anonymous_5)
FNDA:0,(anonymous_6)
DA:3,0
DA:4,0
DA:5,0
DA:6,0
DA:7,0
DA:8,0
DA:9,0
DA:14,0
DA:18,0
DA:19,0
DA:21,0
DA:22,0
DA:24,0
DA:25,0
DA:27,0
DA:28,0
DA:29,0
DA:30,0
DA:31,0
DA:36,0
DA:43,0
DA:45,0
DA:46,0
DA:50,0
LF:24
LH:0
BRDA:30,0,0,0
BRDA:30,0,1,0
BRDA:30,1,0,0
BRDA:30,1,1,0
BRDA:32,2,0,0
BRDA:32,2,1,0
BRDA:147,3,0,0
BRF:7
BRH:0
end_of_record
TN:
SF:app/auth/loyalty-points/page.tsx
FN:11,formatDate
FN:17,getTier
FN:24,LoyaltyPointsPage
FN:31,(anonymous_5)
FN:35,(anonymous_6)
FN:44,(anonymous_7)
FN:46,(anonymous_8)
FN:47,(anonymous_9)
FN:258,(anonymous_10)
FN:310,(anonymous_11)
FNF:10
FNH:0
FNDA:0,formatDate
FNDA:0,getTier
FNDA:0,LoyaltyPointsPage
FNDA:0,(anonymous_5)
FNDA:0,(anonymous_6)
FNDA:0,(anonymous_7)
FNDA:0,(anonymous_8)
FNDA:0,(anonymous_9)
FNDA:0,(anonymous_10)
FNDA:0,(anonymous_11)
DA:3,0
DA:5,0
DA:6,0
DA:7,0
DA:8,0
DA:9,0
DA:12,0
DA:13,0
DA:14,0
DA:18,0
DA:19,0
DA:20,0
DA:21,0
DA:24,0
DA:25,0
DA:26,0
DA:27,0
DA:28,0
DA:29,0
DA:31,0
DA:32,0
DA:33,0
DA:34,0
DA:35,0
DA:36,0
DA:37,0
DA:38,0
DA:40,0
DA:44,0
DA:46,0
DA:47,0
DA:48,0
DA:49,0
DA:50,0
DA:51,0
DA:56,0
DA:57,0
DA:58,0
DA:59,0
DA:60,0
DA:63,0
DA:64,0
DA:67,0
DA:69,0
DA:73,0
DA:259,0
DA:311,0
LF:47
LH:0
BRDA:13,0,0,0
BRDA:13,0,1,0
BRDA:18,1,0,0
BRDA:18,1,1,0
BRDA:19,2,0,0
BRDA:19,2,1,0
BRDA:20,3,0,0
BRDA:20,3,1,0
BRDA:37,4,0,0
BRDA:37,4,1,0
BRDA:37,5,0,0
BRDA:37,5,1,0
BRDA:37,5,2,0
BRDA:37,5,3,0
BRDA:56,6,0,0
BRDA:56,6,1,0
BRDA:56,7,0,0
BRDA:56,7,1,0
BRDA:58,8,0,0
BRDA:58,8,1,0
BRDA:59,9,0,0
BRDA:59,9,1,0
BRDA:59,10,0,0
BRDA:59,10,1,0
BRDA:63,11,0,0
BRDA:63,11,1,0
BRDA:64,12,0,0
BRDA:64,12,1,0
BRDA:67,13,0,0
BRDA:67,13,1,0
BRDA:117,14,0,0
BRDA:131,15,0,0
BRDA:131,15,1,0
BRDA:157,16,0,0
BRDA:157,16,1,0
BRDA:253,17,0,0
BRDA:270,18,0,0
BRDA:270,18,1,0
BRDA:274,19,0,0
BRDA:274,19,1,0
BRDA:274,20,0,0
BRDA:274,20,1,0
BRDA:276,21,0,0
BRDA:276,21,1,0
BRDA:280,22,0,0
BRDA:318,23,0,0
BRDA:318,23,1,0
BRDA:327,24,0,0
BRDA:327,24,1,0
BRDA:332,25,0,0
BRDA:332,25,1,0
BRF:51
BRH:0
end_of_record
TN:
SF:app/auth/movies/page.tsx
FN:14,MoviesPage
FN:26,(anonymous_3)
FN:49,(anonymous_4)
FN:53,(anonymous_5)
FN:59,(anonymous_6)
FN:68,(anonymous_7)
FN:71,(anonymous_8)
FN:104,(anonymous_9)
FN:121,(anonymous_10)
FN:160,(anonymous_11)
FN:236,(anonymous_12)
FN:247,(anonymous_13)
FNF:12
FNH:0
FNDA:0,MoviesPage
FNDA:0,(anonymous_3)
FNDA:0,(anonymous_4)
FNDA:0,(anonymous_5)
FNDA:0,(anonymous_6)
FNDA:0,(anonymous_7)
FNDA:0,(anonymous_8)
FNDA:0,(anonymous_9)
FNDA:0,(anonymous_10)
FNDA:0,(anonymous_11)
FNDA:0,(anonymous_12)
FNDA:0,(anonymous_13)
DA:3,0
DA:4,0
DA:5,0
DA:6,0
DA:7,0
DA:8,0
DA:9,0
DA:11,0
DA:12,0
DA:14,0
DA:15,0
DA:16,0
DA:17,0
DA:18,0
DA:19,0
DA:20,0
DA:21,0
DA:22,0
DA:23,0
DA:25,0
DA:27,0
DA:28,0
DA:29,0
DA:30,0
DA:35,0
DA:36,0
DA:37,0
DA:38,0
DA:40,0
DA:41,0
DA:43,0
DA:49,0
DA:50,0
DA:53,0
DA:54,0
DA:55,0
DA:56,0
DA:59,0
DA:60,0
DA:61,0
DA:62,0
DA:67,0
DA:68,0
DA:71,0
DA:104,0
DA:122,0
DA:123,0
DA:161,0
DA:236,0
DA:247,0
LF:50
LH:0
BRDA:33,0,0,0
BRDA:33,0,1,0
BRDA:35,1,0,0
BRDA:35,1,1,0
BRDA:36,2,0,0
BRDA:36,2,1,0
BRDA:37,3,0,0
BRDA:37,3,1,0
BRDA:38,4,0,0
BRDA:38,4,1,0
BRDA:40,5,0,0
BRDA:40,5,1,0
BRDA:61,6,0,0
BRDA:61,6,1,0
BRDA:67,7,0,0
BRDA:67,7,1,0
BRDA:120,8,0,0
BRDA:120,8,1,0
BRDA:123,9,0,0
BRDA:123,9,1,0
BRDA:137,10,0,0
BRDA:143,11,0,0
BRDA:149,12,0,0
BRDA:149,12,1,0
BRDA:149,12,2,0
BRDA:157,13,0,0
BRDA:157,13,1,0
BRDA:171,14,0,0
BRDA:198,15,0,0
BRDA:198,15,1,0
BRDA:202,16,0,0
BRDA:202,16,1,0
BRDA:205,17,0,0
BRDA:205,17,1,0
BRDA:233,18,0,0
BRDA:244,19,0,0
BRDA:244,19,1,0
BRF:37
BRH:0
end_of_record
TN:
SF:app/auth/movies/[id]/page.tsx
FN:11,MovieDetailsPage
FN:19,(anonymous_3)
FN:26,(anonymous_4)
FN:69,(anonymous_5)
FN:107,(anonymous_6)
FN:163,(anonymous_7)
FN:206,(anonymous_8)
FN:212,(anonymous_9)
FNF:8
FNH:0
FNDA:0,MovieDetailsPage
FNDA:0,(anonymous_3)
FNDA:0,(anonymous_4)
FNDA:0,(anonymous_5)
FNDA:0,(anonymous_6)
FNDA:0,(anonymous_7)
FNDA:0,(anonymous_8)
FNDA:0,(anonymous_9)
DA:3,0
DA:4,0
DA:5,0
DA:6,0
DA:7,0
DA:9,0
DA:11,0
DA:12,0
DA:13,0
DA:14,0
DA:15,0
DA:16,0
DA:17,0
DA:19,0
DA:20,0
DA:21,0
DA:22,0
DA:23,0
DA:26,0
DA:27,0
DA:28,0
DA:29,0
DA:30,0
DA:31,0
DA:32,0
DA:34,0
DA:37,0
DA:39,0
DA:43,0
DA:46,0
DA:59,0
DA:69,0
DA:80,0
DA:107,0
DA:164,0
DA:206,0
DA:212,0
LF:37
LH:0
BRDA:20,0,0,0
BRDA:20,0,1,0
BRDA:31,1,0,0
BRDA:31,1,1,0
BRDA:31,2,0,0
BRDA:31,2,1,0
BRDA:37,3,0,0
BRDA:37,3,1,0
BRDA:46,4,0,0
BRDA:46,4,1,0
BRDA:59,5,0,0
BRDA:59,5,1,0
BRDA:59,6,0,0
BRDA:59,6,1,0
BRDA:66,7,0,0
BRDA:66,7,1,0
BRDA:90,8,0,0
BRDA:119,9,0,0
BRDA:135,10,0,0
BRDA:159,11,0,0
BRDA:184,12,0,0
BRDA:190,13,0,0
BRF:22
BRH:0
end_of_record
TN:
SF:app/auth/movies/[id]/book/ComboCard.tsx
FN:13,ComboCard
FNF:1
FNH:0
FNDA:0,ComboCard
DA:13,0
DA:14,0
LF:2
LH:0
BRDA:19,0,0,0
BRDA:19,0,1,0
BRDA:30,1,0,0
BRDA:41,2,0,0
BRDA:46,3,0,0
BRF:5
BRH:0
end_of_record
TN:
SF:app/auth/movies/[id]/book/SnackCard.tsx
FN:24,SnackCard
FNF:1
FNH:0
FNDA:0,SnackCard
DA:24,0
DA:25,0
LF:2
LH:0
BRDA:30,0,0,0
BRDA:30,0,1,0
BRDA:37,1,0,0
BRDA:37,1,1,0
BRDA:37,2,0,0
BRDA:37,2,1,0
BRDA:43,3,0,0
BRDA:43,3,1,0
BRDA:44,4,0,0
BRDA:44,4,1,0
BRDA:53,5,0,0
BRF:11
BRH:0
end_of_record
TN:
SF:app/auth/movies/[id]/book/page.tsx
FN:108,MovieBookingPage
FN:125,(anonymous_3)
FN:127,(anonymous_4)
FN:140,(anonymous_5)
FN:147,(anonymous_6)
FN:167,(anonymous_7)
FN:171,(anonymous_8)
FN:176,(anonymous_9)
FN:177,(anonymous_10)
FN:180,(anonymous_11)
FN:181,(anonymous_12)
FN:184,(anonymous_13)
FN:186,(anonymous_14)
FN:194,(anonymous_15)
FN:197,(anonymous_16)
FN:198,(anonymous_17)
FN:205,(anonymous_18)
FN:205,(anonymous_19)
FN:210,(anonymous_20)
FN:210,(anonymous_21)
FN:217,(anonymous_22)
FN:219,(anonymous_23)
FN:223,(anonymous_24)
FN:231,(anonymous_25)
FN:231,(anonymous_26)
FN:236,(anonymous_27)
FN:236,(anonymous_28)
FN:239,(anonymous_29)
FN:243,(anonymous_30)
FN:261,(anonymous_31)
FN:263,(anonymous_32)
FN:274,(anonymous_33)
FN:281,(anonymous_34)
FN:283,(anonymous_35)
FN:293,(anonymous_36)
FN:304,(anonymous_37)
FN:306,(anonymous_38)
FN:321,(anonymous_39)
FN:325,(anonymous_40)
FN:399,(anonymous_41)
FN:400,(anonymous_42)
FN:402,(anonymous_43)
FN:403,(anonymous_44)
FN:405,(anonymous_45)
FN:406,(anonymous_46)
FN:417,(anonymous_47)
FN:430,(anonymous_48)
FN:465,(anonymous_49)
FN:520,(anonymous_50)
FN:533,(anonymous_51)
FN:565,(anonymous_52)
FN:571,(anonymous_53)
FN:604,(anonymous_54)
FN:610,(anonymous_55)
FN:612,(anonymous_56)
FN:630,(anonymous_57)
FN:663,(anonymous_58)
FN:669,(anonymous_59)
FN:671,(anonymous_60)
FN:692,(anonymous_61)
FN:698,(anonymous_62)
FN:700,(anonymous_63)
FN:760,(anonymous_64)
FN:765,(anonymous_65)
FN:765,(anonymous_66)
FN:788,(anonymous_67)
FN:841,(anonymous_68)
FN:845,(anonymous_69)
FN:860,(anonymous_70)
FN:860,(anonymous_71)
FN:865,(anonymous_72)
FN:866,(anonymous_73)
FN:867,(anonymous_74)
FN:880,(anonymous_75)
FN:885,(anonymous_76)
FN:886,(anonymous_77)
FN:887,(anonymous_78)
FN:947,(anonymous_79)
FN:966,(anonymous_80)
FN:987,(anonymous_81)
FN:987,(anonymous_82)
FN:995,(anonymous_83)
FN:995,(anonymous_84)
FN:1039,(anonymous_85)
FN:1053,(anonymous_86)
FN:1068,(anonymous_87)
FN:1072,(anonymous_88)
FN:1088,(anonymous_89)
FN:1107,(anonymous_90)
FN:1112,(anonymous_91)
FN:1113,(anonymous_92)
FN:1119,(anonymous_93)
FN:1183,(anonymous_94)
FNF:93
FNH:0
FNDA:0,MovieBookingPage
FNDA:0,(anonymous_3)
FNDA:0,(anonymous_4)
FNDA:0,(anonymous_5)
FNDA:0,(anonymous_6)
FNDA:0,(anonymous_7)
FNDA:0,(anonymous_8)
FNDA:0,(anonymous_9)
FNDA:0,(anonymous_10)
FNDA:0,(anonymous_11)
FNDA:0,(anonymous_12)
FNDA:0,(anonymous_13)
FNDA:0,(anonymous_14)
FNDA:0,(anonymous_15)
FNDA:0,(anonymous_16)
FNDA:0,(anonymous_17)
FNDA:0,(anonymous_18)
FNDA:0,(anonymous_19)
FNDA:0,(anonymous_20)
FNDA:0,(anonymous_21)
FNDA:0,(anonymous_22)
FNDA:0,(anonymous_23)
FNDA:0,(anonymous_24)
FNDA:0,(anonymous_25)
FNDA:0,(anonymous_26)
FNDA:0,(anonymous_27)
FNDA:0,(anonymous_28)
FNDA:0,(anonymous_29)
FNDA:0,(anonymous_30)
FNDA:0,(anonymous_31)
FNDA:0,(anonymous_32)
FNDA:0,(anonymous_33)
FNDA:0,(anonymous_34)
FNDA:0,(anonymous_35)
FNDA:0,(anonymous_36)
FNDA:0,(anonymous_37)
FNDA:0,(anonymous_38)
FNDA:0,(anonymous_39)
FNDA:0,(anonymous_40)
FNDA:0,(anonymous_41)
FNDA:0,(anonymous_42)
FNDA:0,(anonymous_43)
FNDA:0,(anonymous_44)
FNDA:0,(anonymous_45)
FNDA:0,(anonymous_46)
FNDA:0,(anonymous_47)
FNDA:0,(anonymous_48)
FNDA:0,(anonymous_49)
FNDA:0,(anonymous_50)
FNDA:0,(anonymous_51)
FNDA:0,(anonymous_52)
FNDA:0,(anonymous_53)
FNDA:0,(anonymous_54)
FNDA:0,(anonymous_55)
FNDA:0,(anonymous_56)
FNDA:0,(anonymous_57)
FNDA:0,(anonymous_58)
FNDA:0,(anonymous_59)
FNDA:0,(anonymous_60)
FNDA:0,(anonymous_61)
FNDA:0,(anonymous_62)
FNDA:0,(anonymous_63)
FNDA:0,(anonymous_64)
FNDA:0,(anonymous_65)
FNDA:0,(anonymous_66)
FNDA:0,(anonymous_67)
FNDA:0,(anonymous_68)
FNDA:0,(anonymous_69)
FNDA:0,(anonymous_70)
FNDA:0,(anonymous_71)
FNDA:0,(anonymous_72)
FNDA:0,(anonymous_73)
FNDA:0,(anonymous_74)
FNDA:0,(anonymous_75)
FNDA:0,(anonymous_76)
FNDA:0,(anonymous_77)
FNDA:0,(anonymous_78)
FNDA:0,(anonymous_79)
FNDA:0,(anonymous_80)
FNDA:0,(anonymous_81)
FNDA:0,(anonymous_82)
FNDA:0,(anonymous_83)
FNDA:0,(anonymous_84)
FNDA:0,(anonymous_85)
FNDA:0,(anonymous_86)
FNDA:0,(anonymous_87)
FNDA:0,(anonymous_88)
FNDA:0,(anonymous_89)
FNDA:0,(anonymous_90)
FNDA:0,(anonymous_91)
FNDA:0,(anonymous_92)
FNDA:0,(anonymous_93)
FNDA:0,(anonymous_94)
DA:3,0
DA:4,0
DA:5,0
DA:6,0
DA:7,0
DA:9,0
DA:10,0
DA:11,0
DA:17,0
DA:18,0
DA:19,0
DA:20,0
DA:21,0
DA:22,0
DA:35,0
DA:53,0
DA:88,0
DA:90,0
DA:91,0
DA:92,0
DA:103,0
DA:104,0
DA:108,0
DA:109,0
DA:110,0
DA:111,0
DA:113,0
DA:114,0
DA:115,0
DA:117,0
DA:118,0
DA:119,0
DA:120,0
DA:121,0
DA:122,0
DA:123,0
DA:124,0
DA:125,0
DA:127,0
DA:128,0
DA:129,0
DA:130,0
DA:132,0
DA:133,0
DA:134,0
DA:135,0
DA:136,0
DA:137,0
DA:138,0
DA:140,0
DA:141,0
DA:142,0
DA:143,0
DA:144,0
DA:147,0
DA:148,0
DA:149,0
DA:150,0
DA:151,0
DA:152,0
DA:153,0
DA:155,0
DA:158,0
DA:160,0
DA:164,0
DA:167,0
DA:168,0
DA:169,0
DA:170,0
DA:172,0
DA:173,0
DA:174,0
DA:177,0
DA:180,0
DA:181,0
DA:182,0
DA:183,0
DA:184,0
DA:185,0
DA:186,0
DA:187,0
DA:188,0
DA:191,0
DA:194,0
DA:197,0
DA:198,0
DA:199,0
DA:200,0
DA:201,0
DA:204,0
DA:205,0
DA:209,0
DA:210,0
DA:214,0
DA:215,0
DA:216,0
DA:217,0
DA:218,0
DA:219,0
DA:220,0
DA:221,0
DA:223,0
DA:224,0
DA:225,0
DA:227,0
DA:229,0
DA:230,0
DA:231,0
DA:234,0
DA:235,0
DA:236,0
DA:239,0
DA:240,0
DA:241,0
DA:243,0
DA:244,0
DA:245,0
DA:246,0
DA:248,0
DA:249,0
DA:252,0
DA:253,0
DA:254,0
DA:256,0
DA:258,0
DA:259,0
DA:261,0
DA:262,0
DA:263,0
DA:264,0
DA:265,0
DA:266,0
DA:268,0
DA:270,0
DA:274,0
DA:275,0
DA:276,0
DA:277,0
DA:279,0
DA:280,0
DA:281,0
DA:282,0
DA:283,0
DA:284,0
DA:285,0
DA:288,0
DA:290,0
DA:293,0
DA:294,0
DA:295,0
DA:296,0
DA:298,0
DA:299,0
DA:300,0
DA:301,0
DA:303,0
DA:304,0
DA:305,0
DA:306,0
DA:307,0
DA:308,0
DA:311,0
DA:313,0
DA:315,0
DA:316,0
DA:317,0
DA:321,0
DA:322,0
DA:325,0
DA:326,0
DA:327,0
DA:328,0
DA:330,0
DA:331,0
DA:332,0
DA:333,0
DA:334,0
DA:337,0
DA:338,0
DA:339,0
DA:340,0
DA:341,0
DA:344,0
DA:345,0
DA:347,0
DA:348,0
DA:350,0
DA:364,0
DA:377,0
DA:378,0
DA:382,0
DA:384,0
DA:386,0
DA:390,0
DA:391,0
DA:392,0
DA:395,0
DA:399,0
DA:400,0
DA:402,0
DA:403,0
DA:405,0
DA:406,0
DA:407,0
DA:408,0
DA:409,0
DA:410,0
DA:411,0
DA:413,0
DA:417,0
DA:418,0
DA:419,0
DA:426,0
DA:427,0
DA:428,0
DA:430,0
DA:431,0
DA:432,0
DA:433,0
DA:434,0
DA:435,0
DA:436,0
DA:437,0
DA:439,0
DA:442,0
DA:455,0
DA:465,0
DA:477,0
DA:520,0
DA:534,0
DA:566,0
DA:567,0
DA:572,0
DA:573,0
DA:574,0
DA:605,0
DA:606,0
DA:611,0
DA:612,0
DA:631,0
DA:664,0
DA:665,0
DA:670,0
DA:671,0
DA:693,0
DA:694,0
DA:699,0
DA:700,0
DA:761,0
DA:765,0
DA:766,0
DA:767,0
DA:768,0
DA:769,0
DA:770,0
DA:771,0
DA:772,0
DA:774,0
DA:775,0
DA:776,0
DA:777,0
DA:784,0
DA:788,0
DA:842,0
DA:845,0
DA:860,0
DA:861,0
DA:865,0
DA:866,0
DA:867,0
DA:881,0
DA:885,0
DA:886,0
DA:887,0
DA:948,0
DA:967,0
DA:987,0
DA:988,0
DA:995,0
DA:996,0
DA:1040,0
DA:1041,0
DA:1042,0
DA:1054,0
DA:1055,0
DA:1068,0
DA:1073,0
DA:1089,0
DA:1090,0
DA:1091,0
DA:1107,0
DA:1112,0
DA:1114,0
DA:1119,0
DA:1183,0
LF:295
LH:0
BRDA:141,0,0,0
BRDA:141,0,1,0
BRDA:152,1,0,0
BRDA:152,1,1,0
BRDA:152,2,0,0
BRDA:152,2,1,0
BRDA:158,3,0,0
BRDA:158,3,1,0
BRDA:168,4,0,0
BRDA:168,4,1,0
BRDA:172,5,0,0
BRDA:172,5,1,0
BRDA:172,6,0,0
BRDA:172,6,1,0
BRDA:173,7,0,0
BRDA:173,7,1,0
BRDA:173,8,0,0
BRDA:173,8,1,0
BRDA:174,9,0,0
BRDA:174,9,1,0
BRDA:187,10,0,0
BRDA:187,10,1,0
BRDA:210,11,0,0
BRDA:210,11,1,0
BRDA:220,12,0,0
BRDA:220,12,1,0
BRDA:224,13,0,0
BRDA:224,13,1,0
BRDA:231,14,0,0
BRDA:231,14,1,0
BRDA:236,15,0,0
BRDA:236,15,1,0
BRDA:240,16,0,0
BRDA:240,16,1,0
BRDA:240,17,0,0
BRDA:240,17,1,0
BRDA:244,18,0,0
BRDA:244,18,1,0
BRDA:244,19,0,0
BRDA:244,19,1,0
BRDA:245,20,0,0
BRDA:245,20,1,0
BRDA:245,21,0,0
BRDA:245,21,1,0
BRDA:248,22,0,0
BRDA:248,22,1,0
BRDA:248,23,0,0
BRDA:248,23,1,0
BRDA:252,24,0,0
BRDA:252,24,1,0
BRDA:252,25,0,0
BRDA:252,25,1,0
BRDA:262,26,0,0
BRDA:262,26,1,0
BRDA:262,27,0,0
BRDA:262,27,1,0
BRDA:265,28,0,0
BRDA:265,28,1,0
BRDA:275,29,0,0
BRDA:275,29,1,0
BRDA:275,30,0,0
BRDA:275,30,1,0
BRDA:275,30,2,0
BRDA:275,30,3,0
BRDA:279,31,0,0
BRDA:279,31,1,0
BRDA:284,32,0,0
BRDA:284,32,1,0
BRDA:294,33,0,0
BRDA:294,33,1,0
BRDA:294,34,0,0
BRDA:294,34,1,0
BRDA:294,34,2,0
BRDA:294,34,3,0
BRDA:298,35,0,0
BRDA:298,35,1,0
BRDA:299,36,0,0
BRDA:299,36,1,0
BRDA:307,37,0,0
BRDA:307,37,1,0
BRDA:316,38,0,0
BRDA:316,38,1,0
BRDA:326,39,0,0
BRDA:326,39,1,0
BRDA:326,40,0,0
BRDA:326,40,1,0
BRDA:326,40,2,0
BRDA:326,40,3,0
BRDA:326,40,4,0
BRDA:330,41,0,0
BRDA:330,41,1,0
BRDA:332,42,0,0
BRDA:332,42,1,0
BRDA:338,43,0,0
BRDA:338,43,1,0
BRDA:348,44,0,0
BRDA:348,44,1,0
BRDA:369,45,0,0
BRDA:369,45,1,0
BRDA:369,46,0,0
BRDA:369,46,1,0
BRDA:372,47,0,0
BRDA:372,47,1,0
BRDA:372,48,0,0
BRDA:372,48,1,0
BRDA:377,49,0,0
BRDA:377,49,1,0
BRDA:377,50,0,0
BRDA:377,50,1,0
BRDA:378,51,0,0
BRDA:378,51,1,0
BRDA:386,52,0,0
BRDA:386,52,1,0
BRDA:388,53,0,0
BRDA:388,53,1,0
BRDA:391,54,0,0
BRDA:391,54,1,0
BRDA:400,55,0,0
BRDA:400,55,1,0
BRDA:403,56,0,0
BRDA:403,56,1,0
BRDA:407,57,0,0
BRDA:407,57,1,0
BRDA:408,58,0,0
BRDA:408,58,1,0
BRDA:418,59,0,0
BRDA:418,59,1,0
BRDA:428,60,0,0
BRDA:428,60,1,0
BRDA:432,61,0,0
BRDA:432,61,1,0
BRDA:436,62,0,0
BRDA:436,62,1,0
BRDA:442,63,0,0
BRDA:442,63,1,0
BRDA:455,64,0,0
BRDA:455,64,1,0
BRDA:455,65,0,0
BRDA:455,65,1,0
BRDA:462,66,0,0
BRDA:462,66,1,0
BRDA:477,67,0,0
BRDA:477,67,1,0
BRDA:477,68,0,0
BRDA:477,68,1,0
BRDA:491,69,0,0
BRDA:512,70,0,0
BRDA:537,71,0,0
BRDA:537,71,1,0
BRDA:539,72,0,0
BRDA:539,72,1,0
BRDA:546,73,0,0
BRDA:577,74,0,0
BRDA:577,74,1,0
BRDA:603,75,0,0
BRDA:612,76,0,0
BRDA:612,76,1,0
BRDA:615,77,0,0
BRDA:615,77,1,0
BRDA:671,78,0,0
BRDA:671,78,1,0
BRDA:674,79,0,0
BRDA:674,79,1,0
BRDA:680,80,0,0
BRDA:680,80,1,0
BRDA:700,81,0,0
BRDA:700,81,1,0
BRDA:703,82,0,0
BRDA:703,82,1,0
BRDA:717,83,0,0
BRDA:769,84,0,0
BRDA:769,84,1,0
BRDA:777,85,0,0
BRDA:777,85,1,0
BRDA:779,86,0,0
BRDA:779,86,1,0
BRDA:781,87,0,0
BRDA:781,87,1,0
BRDA:789,88,0,0
BRDA:789,88,1,0
BRDA:791,89,0,0
BRDA:791,89,1,0
BRDA:791,90,0,0
BRDA:791,90,1,0
BRDA:819,91,0,0
BRDA:847,92,0,0
BRDA:847,92,1,0
BRDA:858,93,0,0
BRDA:864,94,0,0
BRDA:864,94,1,0
BRDA:874,95,0,0
BRDA:884,96,0,0
BRDA:884,96,1,0
BRDA:908,97,0,0
BRDA:914,98,0,0
BRDA:929,99,0,0
BRDA:940,100,0,0
BRDA:946,101,0,0
BRDA:965,102,0,0
BRDA:983,103,0,0
BRDA:983,103,1,0
BRDA:987,104,0,0
BRDA:987,104,1,0
BRDA:995,105,0,0
BRDA:995,105,1,0
BRDA:1017,106,0,0
BRDA:1029,107,0,0
BRDA:1061,108,0,0
BRDA:1064,109,0,0
BRDA:1075,110,0,0
BRDA:1075,110,1,0
BRDA:1076,111,0,0
BRDA:1076,111,1,0
BRDA:1096,112,0,0
BRDA:1100,113,0,0
BRDA:1103,114,0,0
BRDA:1112,115,0,0
BRDA:1112,115,1,0
BRDA:1116,116,0,0
BRDA:1116,116,1,0
BRDA:1119,117,0,0
BRDA:1119,117,1,0
BRDA:1119,118,0,0
BRDA:1119,118,1,0
BRDA:1126,119,0,0
BRDA:1126,119,1,0
BRDA:1132,120,0,0
BRDA:1142,121,0,0
BRDA:1142,121,1,0
BRDA:1143,122,0,0
BRDA:1143,122,1,0
BRDA:1148,123,0,0
BRDA:1155,124,0,0
BRDA:1155,124,1,0
BRDA:1155,124,2,0
BRDA:1155,124,3,0
BRDA:1155,124,4,0
BRDA:1169,125,0,0
BRDA:1169,125,1,0
BRDA:1169,125,2,0
BRDA:1169,125,3,0
BRDA:1169,125,4,0
BRDA:1169,125,5,0
BRDA:1180,126,0,0
BRDA:1186,127,0,0
BRDA:1186,127,1,0
BRDA:1186,127,2,0
BRDA:1186,127,3,0
BRDA:1186,127,4,0
BRDA:1186,127,5,0
BRDA:1194,128,0,0
BRDA:1194,128,1,0
BRDA:1200,129,0,0
BRDA:1200,129,1,0
BRF:254
BRH:0
end_of_record
TN:
SF:app/auth/movies/[id]/book/snack-data.ts
FNF:0
FNH:0
DA:27,0
DA:110,0
DA:140,0
LF:3
LH:0
BRF:0
BRH:0
end_of_record
TN:
SF:app/auth/payment/khalti/return/page.tsx
FN:21,KhaltiReturnContent
FN:26,(anonymous_3)
FN:37,(anonymous_4)
FN:72,(anonymous_5)
FN:134,(anonymous_6)
FN:141,(anonymous_7)
FN:168,KhaltiReturnFallback
FN:184,KhaltiReturnPage
FNF:8
FNH:0
FNDA:0,KhaltiReturnContent
FNDA:0,(anonymous_3)
FNDA:0,(anonymous_4)
FNDA:0,(anonymous_5)
FNDA:0,(anonymous_6)
FNDA:0,(anonymous_7)
FNDA:0,KhaltiReturnFallback
FNDA:0,KhaltiReturnPage
DA:3,0
DA:4,0
DA:5,0
DA:6,0
DA:7,0
DA:22,0
DA:23,0
DA:24,0
DA:26,0
DA:27,0
DA:28,0
DA:29,0
DA:30,0
DA:34,0
DA:37,0
DA:38,0
DA:39,0
DA:40,0
DA:41,0
DA:42,0
DA:44,0
DA:45,0
DA:46,0
DA:47,0
DA:48,0
DA:53,0
DA:61,0
DA:69,0
DA:72,0
DA:73,0
DA:82,0
DA:95,0
DA:96,0
DA:134,0
DA:141,0
DA:151,0
DA:184,0
LF:37
LH:0
BRDA:29,0,0,0
BRDA:29,0,1,0
BRDA:41,1,0,0
BRDA:41,1,1,0
BRDA:41,2,0,0
BRDA:41,2,1,0
BRDA:42,3,0,0
BRDA:42,3,1,0
BRDA:45,4,0,0
BRDA:45,4,1,0
BRDA:45,5,0,0
BRDA:45,5,1,0
BRDA:64,6,0,0
BRDA:64,6,1,0
BRDA:73,7,0,0
BRDA:73,7,1,0
BRDA:73,8,0,0
BRDA:73,8,1,0
BRDA:82,9,0,0
BRDA:82,9,1,0
BRDA:95,10,0,0
BRDA:95,10,1,0
BRDA:104,11,0,0
BRDA:104,11,1,0
BRDA:120,12,0,0
BRDA:120,12,1,0
BRDA:125,13,0,0
BRDA:125,13,1,0
BRF:28
BRH:0
end_of_record
TN:
SF:app/auth/sales/page.tsx
FN:10,SalesPage
FN:15,(anonymous_3)
FN:16,(anonymous_4)
FN:84,(anonymous_5)
FN:144,(anonymous_6)
FNF:5
FNH:0
FNDA:0,SalesPage
FNDA:0,(anonymous_3)
FNDA:0,(anonymous_4)
FNDA:0,(anonymous_5)
FNDA:0,(anonymous_6)
DA:3,0
DA:5,0
DA:6,0
DA:7,0
DA:8,0
DA:10,0
DA:11,0
DA:12,0
DA:13,0
DA:15,0
DA:16,0
DA:17,0
DA:18,0
DA:19,0
DA:20,0
DA:21,0
DA:22,0
DA:23,0
DA:24,0
DA:27,0
DA:29,0
DA:33,0
DA:36,0
DA:37,0
DA:85,0
DA:145,0
LF:26
LH:0
BRDA:21,0,0,0
BRDA:21,0,1,0
BRDA:22,1,0,0
BRDA:22,1,1,0
BRDA:23,2,0,0
BRDA:23,2,1,0
BRDA:27,3,0,0
BRDA:27,3,1,0
BRDA:68,4,0,0
BRDA:77,5,0,0
BRDA:79,6,0,0
BRDA:106,7,0,0
BRDA:106,7,1,0
BRDA:112,8,0,0
BRDA:112,8,1,0
BRDA:112,9,0,0
BRDA:112,9,1,0
BRDA:114,10,0,0
BRDA:114,10,1,0
BRDA:118,11,0,0
BRDA:142,12,0,0
BRDA:142,12,1,0
BRDA:156,13,0,0
BRDA:156,13,1,0
BRDA:159,14,0,0
BRDA:168,15,0,0
BRDA:168,15,1,0
BRDA:168,16,0,0
BRDA:168,16,1,0
BRDA:170,17,0,0
BRDA:170,17,1,0
BRF:31
BRH:0
end_of_record
TN:
SF:app/user/layout.tsx
FN:5,UserLayout
FNF:1
FNH:0
FNDA:0,UserLayout
DA:3,0
DA:5,0
LF:2
LH:0
BRF:0
BRH:0
end_of_record
TN:
SF:app/user/profile/page.tsx
FN:27,UserProfilePage
FN:46,(anonymous_3)
FN:47,(anonymous_4)
FN:67,(anonymous_5)
FN:68,(anonymous_6)
FN:81,(anonymous_7)
FN:146,(anonymous_8)
FN:151,(anonymous_9)
FN:215,(anonymous_10)
FNF:9
FNH:0
FNDA:0,UserProfilePage
FNDA:0,(anonymous_3)
FNDA:0,(anonymous_4)
FNDA:0,(anonymous_5)
FNDA:0,(anonymous_6)
FNDA:0,(anonymous_7)
FNDA:0,(anonymous_8)
FNDA:0,(anonymous_9)
FNDA:0,(anonymous_10)
DA:3,0
DA:4,0
DA:5,0
DA:6,0
DA:7,0
DA:8,0
DA:10,0
DA:11,0
DA:12,0
DA:13,0
DA:14,0
DA:15,0
DA:16,0
DA:17,0
DA:19,0
DA:27,0
DA:28,0
DA:29,0
DA:30,0
DA:31,0
DA:32,0
DA:33,0
DA:34,0
DA:35,0
DA:42,0
DA:46,0
DA:47,0
DA:48,0
DA:49,0
DA:50,0
DA:51,0
DA:52,0
DA:59,0
DA:61,0
DA:64,0
DA:67,0
DA:68,0
DA:69,0
DA:70,0
DA:71,0
DA:75,0
DA:78,0
DA:81,0
DA:82,0
DA:83,0
DA:84,0
DA:85,0
DA:86,0
DA:87,0
DA:88,0
DA:89,0
DA:90,0
DA:91,0
DA:93,0
DA:94,0
DA:95,0
DA:98,0
DA:105,0
DA:107,0
DA:110,0
DA:114,0
DA:146,0
DA:151,0
DA:216,0
LF:64
LH:0
BRDA:50,0,0,0
BRDA:50,0,1,0
BRDA:55,1,0,0
BRDA:55,1,1,0
BRDA:59,2,0,0
BRDA:59,2,1,0
BRDA:71,3,0,0
BRDA:71,3,1,0
BRDA:71,4,0,0
BRDA:71,4,1,0
BRDA:88,5,0,0
BRDA:88,5,1,0
BRDA:90,6,0,0
BRDA:90,6,1,0
BRDA:94,7,0,0
BRDA:94,7,1,0
BRDA:110,8,0,0
BRDA:110,8,1,0
BRDA:114,9,0,0
BRDA:114,9,1,0
BRDA:136,10,0,0
BRDA:139,11,0,0
BRDA:139,11,1,0
BRDA:145,12,0,0
BRDA:150,13,0,0
BRDA:197,14,0,0
BRDA:201,15,0,0
BRDA:220,16,0,0
BRDA:220,16,1,0
BRDA:223,17,0,0
BRDA:223,17,1,0
BRF:31
BRH:0
end_of_record
TN:
SF:components/ui/3d-carousel.tsx
FN:28,useMediaQuery
FN:35,(anonymous_5)
FN:42,(anonymous_6)
FN:49,(anonymous_7)
FN:53,(anonymous_8)
FN:59,(anonymous_9)
FN:86,(anonymous_10)
FN:105,(anonymous_11)
FN:126,(anonymous_12)
FN:130,(anonymous_13)
FN:144,(anonymous_14)
FN:154,(anonymous_15)
FN:177,ThreeDPhotoCarousel
FN:181,(anonymous_17)
FN:183,(anonymous_18)
FN:188,(anonymous_19)
FN:194,(anonymous_20)
FNF:17
FNH:0
FNDA:0,useMediaQuery
FNDA:0,(anonymous_5)
FNDA:0,(anonymous_6)
FNDA:0,(anonymous_7)
FNDA:0,(anonymous_8)
FNDA:0,(anonymous_9)
FNDA:0,(anonymous_10)
FNDA:0,(anonymous_11)
FNDA:0,(anonymous_12)
FNDA:0,(anonymous_13)
FNDA:0,(anonymous_14)
FNDA:0,(anonymous_15)
FNDA:0,ThreeDPhotoCarousel
FNDA:0,(anonymous_17)
FNDA:0,(anonymous_18)
FNDA:0,(anonymous_19)
FNDA:0,(anonymous_20)
DA:9,0
DA:16,0
DA:18,0
DA:19,0
DA:26,0
DA:28,0
DA:35,0
DA:36,0
DA:37,0
DA:39,0
DA:42,0
DA:43,0
DA:44,0
DA:46,0
DA:49,0
DA:50,0
DA:53,0
DA:54,0
DA:55,0
DA:57,0
DA:59,0
DA:60,0
DA:64,0
DA:68,0
DA:78,0
DA:79,0
DA:83,0
DA:85,0
DA:97,0
DA:98,0
DA:99,0
DA:100,0
DA:101,0
DA:102,0
DA:103,0
DA:105,0
DA:127,0
DA:131,0
DA:145,0
DA:154,0
DA:174,0
DA:175,0
DA:178,0
DA:179,0
DA:180,0
DA:181,0
DA:183,0
DA:188,0
DA:189,0
DA:190,0
DA:191,0
DA:194,0
DA:195,0
DA:196,0
DA:244,0
LF:55
LH:0
BRDA:19,0,0,0
BRDA:19,0,1,0
BRDA:30,1,0,0
BRDA:31,2,0,0
BRDA:32,3,0,0
BRDA:36,4,0,0
BRDA:36,4,1,0
BRDA:43,5,0,0
BRDA:43,5,1,0
BRDA:98,6,0,0
BRDA:98,6,1,0
BRDA:118,7,0,0
BRDA:118,7,1,0
BRDA:127,8,0,0
BRDA:127,8,1,0
BRDA:131,9,0,0
BRDA:131,9,1,0
BRDA:202,10,0,0
BRF:18
BRH:0
end_of_record
TN:
SF:components/ui/display-cards.tsx
FN:16,DisplayCard
FN:48,DisplayCards
FN:77,(anonymous_3)
FNF:3
FNH:0
FNDA:0,DisplayCard
FNDA:0,DisplayCards
FNDA:0,(anonymous_3)
DA:3,0
DA:4,0
DA:48,0
DA:49,0
DA:73,0
DA:78,0
LF:6
LH:0
BRDA:18,0,0,0
BRDA:19,1,0,0
BRDA:20,2,0,0
BRDA:21,3,0,0
BRDA:22,4,0,0
BRDA:23,5,0,0
BRDA:73,6,0,0
BRDA:73,6,1,0
BRDA:73,7,0,0
BRDA:73,7,1,0
BRF:10
BRH:0
end_of_record
TN:
SF:components/ui/stacked-cards-interaction.tsx
FN:8,(anonymous_3)
FN:46,(anonymous_4)
FN:64,(anonymous_5)
FN:97,(anonymous_6)
FN:98,(anonymous_7)
FNF:5
FNH:0
FNDA:0,(anonymous_3)
FNDA:0,(anonymous_4)
FNDA:0,(anonymous_5)
FNDA:0,(anonymous_6)
FNDA:0,(anonymous_7)
DA:3,0
DA:4,0
DA:6,0
DA:8,0
DA:46,0
DA:57,0
DA:59,0
DA:65,0
DA:67,0
DA:68,0
DA:70,0
DA:71,0
DA:72,0
DA:73,0
DA:74,0
DA:75,0
DA:76,0
DA:80,0
DA:97,0
DA:98,0
DA:120,0
LF:21
LH:0
BRDA:24,0,0,0
BRDA:33,1,0,0
BRDA:48,2,0,0
BRDA:49,3,0,0
BRDA:50,4,0,0
BRDA:70,5,0,0
BRDA:70,5,1,0
BRDA:71,6,0,0
BRDA:71,6,1,0
BRDA:74,7,0,0
BRDA:74,7,1,0
BRDA:83,8,0,0
BRDA:83,8,1,0
BRDA:86,9,0,0
BRDA:86,9,1,0
BRDA:87,10,0,0
BRDA:87,10,1,0
BRDA:88,11,0,0
BRDA:88,11,1,0
BRDA:96,12,0,0
BRDA:96,12,1,0
BRDA:102,13,0,0
BRDA:102,13,1,0
BRF:23
BRH:0
end_of_record
TN:
SF:contexts/AuthContext.tsx
FN:40,mapAuthUserToUser
FN:50,AuthProvider
FN:55,(anonymous_8)
FN:56,(anonymous_9)
FN:72,(anonymous_10)
FN:99,(anonymous_11)
FN:126,(anonymous_12)
FN:132,(anonymous_13)
FN:164,useAuth
FNF:9
FNH:0
FNDA:0,mapAuthUserToUser
FNDA:0,AuthProvider
FNDA:0,(anonymous_8)
FNDA:0,(anonymous_9)
FNDA:0,(anonymous_10)
FNDA:0,(anonymous_11)
FNDA:0,(anonymous_12)
FNDA:0,(anonymous_13)
FNDA:0,useAuth
DA:3,0
DA:4,0
DA:5,0
DA:12,0
DA:13,0
DA:38,0
DA:41,0
DA:50,0
DA:51,0
DA:52,0
DA:53,0
DA:55,0
DA:56,0
DA:57,0
DA:58,0
DA:59,0
DA:61,0
DA:62,0
DA:65,0
DA:69,0
DA:72,0
DA:77,0
DA:78,0
DA:79,0
DA:81,0
DA:82,0
DA:85,0
DA:86,0
DA:88,0
DA:89,0
DA:91,0
DA:94,0
DA:95,0
DA:99,0
DA:105,0
DA:106,0
DA:107,0
DA:114,0
DA:115,0
DA:119,0
DA:121,0
DA:122,0
DA:126,0
DA:127,0
DA:128,0
DA:129,0
DA:132,0
DA:133,0
DA:135,0
DA:164,0
DA:165,0
DA:166,0
DA:167,0
DA:169,0
LF:54
LH:0
BRDA:61,0,0,0
BRDA:61,0,1,0
BRDA:61,1,0,0
BRDA:61,1,1,0
BRDA:75,2,0,0
BRDA:81,3,0,0
BRDA:81,3,1,0
BRDA:88,4,0,0
BRDA:88,4,1,0
BRDA:114,5,0,0
BRDA:114,5,1,0
BRDA:166,6,0,0
BRDA:166,6,1,0
BRF:13
BRH:0
end_of_record
TN:
SF:e2e/auth-redirect.spec.ts
FN:3,(anonymous_0)
FN:4,(anonymous_1)
FNF:2
FNH:0
FNDA:0,(anonymous_0)
FNDA:0,(anonymous_1)
DA:1,0
DA:3,0
DA:4,0
DA:5,0
DA:7,0
DA:8,0
LF:6
LH:0
BRF:0
BRH:0
end_of_record
TN:
SF:e2e/home.spec.ts
FN:3,(anonymous_0)
FN:4,(anonymous_1)
FNF:2
FNH:0
FNDA:0,(anonymous_0)
FNDA:0,(anonymous_1)
DA:1,0
DA:3,0
DA:4,0
DA:5,0
DA:7,0
DA:8,0
DA:9,0
DA:11,0
DA:12,0
DA:13,0
LF:10
LH:0
BRF:0
BRH:0
end_of_record
TN:
SF:lib/cookie.ts
FN:6,(anonymous_8)
FN:11,(anonymous_9)
FN:16,(anonymous_10)
FN:24,(anonymous_11)
FN:29,(anonymous_12)
FN:41,(anonymous_13)
FNF:6
FNH:0
FNDA:0,(anonymous_8)
FNDA:0,(anonymous_9)
FNDA:0,(anonymous_10)
FNDA:0,(anonymous_11)
FNDA:0,(anonymous_12)
FNDA:0,(anonymous_13)
DA:1,0
DA:3,0
DA:4,0
DA:6,0
DA:7,0
DA:11,0
DA:12,0
DA:13,0
DA:16,0
DA:20,0
DA:21,0
DA:24,0
DA:25,0
DA:26,0
DA:29,0
DA:30,0
DA:31,0
DA:32,0
DA:33,0
DA:35,0
DA:36,0
DA:37,0
DA:41,0
DA:45,0
DA:46,0
LF:25
LH:0
BRDA:7,0,0,0
BRDA:7,0,1,0
BRDA:12,1,0,0
BRDA:12,1,1,0
BRDA:13,2,0,0
BRDA:13,2,1,0
BRDA:18,3,0,0
BRDA:20,4,0,0
BRDA:20,4,1,0
BRDA:31,5,0,0
BRDA:31,5,1,0
BRDA:43,6,0,0
BRDA:45,7,0,0
BRDA:45,7,1,0
BRF:14
BRH:0
end_of_record
TN:
SF:lib/utils.ts
FN:1,cn
FNF:1
FNH:0
FNDA:0,cn
DA:1,0
DA:2,0
LF:2
LH:0
BRF:0
BRH:0
end_of_record
TN:
SF:lib/actions/auth-action.ts
FN:6,handleRegister
FN:32,handleLogin
FNF:2
FNH:0
FNDA:0,handleRegister
FNDA:0,handleLogin
DA:3,0
DA:4,0
DA:6,0
DA:12,0
DA:13,0
DA:15,0
DA:16,0
DA:23,0
DA:28,0
DA:32,0
DA:37,0
DA:38,0
DA:43,0
DA:44,0
DA:46,0
DA:52,0
DA:53,0
LF:17
LH:0
BRDA:15,0,0,0
BRDA:15,0,1,0
BRDA:25,1,0,0
BRDA:25,1,1,0
BRDA:48,2,0,0
BRDA:48,2,1,0
BRDA:53,3,0,0
BRDA:53,3,1,0
BRF:8
BRH:0
end_of_record
TN:
SF:lib/api/].ts
FN:15,(anonymous_2)
FN:16,(anonymous_3)
FNF:2
FNH:0
FNDA:0,(anonymous_2)
FNDA:0,(anonymous_3)
DA:1,0
DA:4,0
DA:6,0
DA:14,0
DA:15,0
DA:18,0
DA:21,0
DA:25,0
LF:8
LH:0
BRDA:4,0,0,0
BRDA:4,0,1,0
BRDA:18,1,0,0
BRDA:18,1,1,0
BRDA:18,1,2,0
BRF:5
BRH:0
end_of_record
TN:
SF:lib/api/admin.ts
FN:23,(anonymous_7)
FN:31,(anonymous_8)
FN:38,(anonymous_9)
FN:46,(anonymous_10)
FN:54,(anonymous_11)
FNF:5
FNH:0
FNDA:0,(anonymous_7)
FNDA:0,(anonymous_8)
FNDA:0,(anonymous_9)
FNDA:0,(anonymous_10)
FNDA:0,(anonymous_11)
DA:1,0
DA:2,0
DA:23,0
DA:24,0
DA:28,0
DA:31,0
DA:32,0
DA:35,0
DA:38,0
DA:39,0
DA:43,0
DA:46,0
DA:47,0
DA:51,0
DA:54,0
DA:55,0
DA:58,0
LF:17
LH:0
BRDA:26,0,0,0
BRDA:26,0,1,0
BRF:2
BRH:0
end_of_record
TN:
SF:lib/api/adminBooking.ts
FN:47,(anonymous_12)
FN:55,(anonymous_13)
FN:62,(anonymous_14)
FN:76,(anonymous_15)
FN:87,(anonymous_16)
FN:95,(anonymous_17)
FN:103,(anonymous_18)
FN:110,(anonymous_19)
FN:123,(anonymous_20)
FN:139,(anonymous_21)
FNF:10
FNH:0
FNDA:0,(anonymous_12)
FNDA:0,(anonymous_13)
FNDA:0,(anonymous_14)
FNDA:0,(anonymous_15)
FNDA:0,(anonymous_16)
FNDA:0,(anonymous_17)
FNDA:0,(anonymous_18)
FNDA:0,(anonymous_19)
FNDA:0,(anonymous_20)
FNDA:0,(anonymous_21)
DA:1,0
DA:2,0
DA:47,0
DA:48,0
DA:52,0
DA:55,0
DA:56,0
DA:59,0
DA:62,0
DA:69,0
DA:73,0
DA:76,0
DA:80,0
DA:84,0
DA:87,0
DA:88,0
DA:91,0
DA:95,0
DA:96,0
DA:100,0
DA:103,0
DA:104,0
DA:107,0
DA:110,0
DA:116,0
DA:120,0
DA:123,0
DA:132,0
DA:136,0
DA:139,0
DA:140,0
DA:143,0
LF:32
LH:0
BRDA:50,0,0,0
BRDA:50,0,1,0
BRDA:98,1,0,0
BRDA:98,1,1,0
BRF:4
BRH:0
end_of_record
TN:
SF:lib/api/adminDashboard.ts
FN:29,(anonymous_4)
FN:36,(anonymous_5)
FNF:2
FNH:0
FNDA:0,(anonymous_4)
FNDA:0,(anonymous_5)
DA:1,0
DA:2,0
DA:29,0
DA:30,0
DA:33,0
DA:36,0
DA:37,0
DA:41,0
LF:8
LH:0
BRDA:39,0,0,0
BRDA:39,0,1,0
BRF:2
BRH:0
end_of_record
TN:
SF:lib/api/adminLoyalty.ts
FN:42,(anonymous_5)
FN:50,(anonymous_6)
FN:57,(anonymous_7)
FNF:3
FNH:0
FNDA:0,(anonymous_5)
FNDA:0,(anonymous_6)
FNDA:0,(anonymous_7)
DA:1,0
DA:2,0
DA:42,0
DA:43,0
DA:47,0
DA:50,0
DA:51,0
DA:54,0
DA:57,0
DA:62,0
DA:66,0
LF:11
LH:0
BRDA:45,0,0,0
BRDA:45,0,1,0
BRF:2
BRH:0
end_of_record
TN:
SF:lib/api/adminMovies.ts
FN:39,(anonymous_7)
FN:47,(anonymous_8)
FN:54,(anonymous_9)
FN:62,(anonymous_10)
FN:70,(anonymous_11)
FNF:5
FNH:0
FNDA:0,(anonymous_7)
FNDA:0,(anonymous_8)
FNDA:0,(anonymous_9)
FNDA:0,(anonymous_10)
FNDA:0,(anonymous_11)
DA:1,0
DA:2,0
DA:39,0
DA:40,0
DA:44,0
DA:47,0
DA:48,0
DA:51,0
DA:54,0
DA:55,0
DA:59,0
DA:62,0
DA:63,0
DA:67,0
DA:70,0
DA:71,0
DA:74,0
LF:17
LH:0
BRDA:42,0,0,0
BRDA:42,0,1,0
BRF:2
BRH:0
end_of_record
TN:
SF:lib/api/adminOffers.ts
FN:37,(anonymous_7)
FN:44,(anonymous_8)
FN:49,(anonymous_9)
FN:68,(anonymous_10)
FN:93,(anonymous_11)
FNF:5
FNH:0
FNDA:0,(anonymous_7)
FNDA:0,(anonymous_8)
FNDA:0,(anonymous_9)
FNDA:0,(anonymous_10)
FNDA:0,(anonymous_11)
DA:1,0
DA:2,0
DA:37,0
DA:38,0
DA:41,0
DA:44,0
DA:45,0
DA:46,0
DA:49,0
DA:64,0
DA:65,0
DA:68,0
DA:86,0
DA:90,0
DA:93,0
DA:94,0
DA:97,0
LF:17
LH:0
BRDA:39,0,0,0
BRDA:39,0,1,0
BRF:2
BRH:0
end_of_record
TN:
SF:lib/api/adminRewards.ts
FN:21,(anonymous_7)
FN:26,(anonymous_8)
FN:31,(anonymous_9)
FN:44,(anonymous_10)
FN:63,(anonymous_11)
FNF:5
FNH:0
FNDA:0,(anonymous_7)
FNDA:0,(anonymous_8)
FNDA:0,(anonymous_9)
FNDA:0,(anonymous_10)
FNDA:0,(anonymous_11)
DA:1,0
DA:2,0
DA:21,0
DA:22,0
DA:23,0
DA:26,0
DA:27,0
DA:28,0
DA:31,0
DA:40,0
DA:41,0
DA:44,0
DA:56,0
DA:60,0
DA:63,0
DA:64,0
DA:67,0
LF:17
LH:0
BRF:0
BRH:0
end_of_record
TN:
SF:lib/api/adminSales.ts
FN:53,(anonymous_5)
FN:63,(anonymous_6)
FN:73,(anonymous_7)
FNF:3
FNH:0
FNDA:0,(anonymous_5)
FNDA:0,(anonymous_6)
FNDA:0,(anonymous_7)
DA:1,0
DA:2,0
DA:53,0
DA:56,0
DA:60,0
DA:63,0
DA:66,0
DA:70,0
DA:73,0
DA:76,0
DA:80,0
LF:11
LH:0
BRF:0
BRH:0
end_of_record
TN:
SF:lib/api/adminSnacks.ts
FN:35,(anonymous_10)
FN:42,(anonymous_11)
FN:73,(anonymous_12)
FN:106,(anonymous_13)
FN:113,(anonymous_14)
FN:120,(anonymous_15)
FN:156,(anonymous_16)
FN:194,(anonymous_17)
FNF:8
FNH:0
FNDA:0,(anonymous_10)
FNDA:0,(anonymous_11)
FNDA:0,(anonymous_12)
FNDA:0,(anonymous_13)
FNDA:0,(anonymous_14)
FNDA:0,(anonymous_15)
FNDA:0,(anonymous_16)
FNDA:0,(anonymous_17)
DA:1,0
DA:2,0
DA:35,0
DA:36,0
DA:39,0
DA:42,0
DA:49,0
DA:50,0
DA:51,0
DA:52,0
DA:53,0
DA:54,0
DA:55,0
DA:57,0
DA:58,0
DA:60,0
DA:61,0
DA:62,0
DA:63,0
DA:66,0
DA:70,0
DA:73,0
DA:80,0
DA:81,0
DA:82,0
DA:83,0
DA:84,0
DA:86,0
DA:87,0
DA:88,0
DA:90,0
DA:91,0
DA:93,0
DA:94,0
DA:95,0
DA:96,0
DA:99,0
DA:103,0
DA:106,0
DA:107,0
DA:110,0
DA:113,0
DA:114,0
DA:117,0
DA:120,0
DA:127,0
DA:128,0
DA:129,0
DA:130,0
DA:131,0
DA:132,0
DA:134,0
DA:135,0
DA:137,0
DA:138,0
DA:140,0
DA:141,0
DA:143,0
DA:144,0
DA:145,0
DA:146,0
DA:149,0
DA:153,0
DA:156,0
DA:163,0
DA:164,0
DA:165,0
DA:166,0
DA:167,0
DA:169,0
DA:170,0
DA:172,0
DA:173,0
DA:175,0
DA:176,0
DA:178,0
DA:179,0
DA:181,0
DA:182,0
DA:183,0
DA:184,0
DA:187,0
DA:191,0
DA:194,0
DA:195,0
DA:198,0
LF:86
LH:0
BRDA:51,0,0,0
BRDA:51,0,1,0
BRDA:54,1,0,0
BRDA:54,1,1,0
BRDA:57,2,0,0
BRDA:57,2,1,0
BRDA:60,3,0,0
BRDA:60,3,1,0
BRDA:62,4,0,0
BRDA:62,4,1,0
BRDA:81,5,0,0
BRDA:81,5,1,0
BRDA:82,6,0,0
BRDA:82,6,1,0
BRDA:83,7,0,0
BRDA:83,7,1,0
BRDA:86,8,0,0
BRDA:86,8,1,0
BRDA:87,9,0,0
BRDA:87,9,1,0
BRDA:90,10,0,0
BRDA:90,10,1,0
BRDA:93,11,0,0
BRDA:93,11,1,0
BRDA:95,12,0,0
BRDA:95,12,1,0
BRDA:131,13,0,0
BRDA:131,13,1,0
BRDA:134,14,0,0
BRDA:134,14,1,0
BRDA:137,15,0,0
BRDA:137,15,1,0
BRDA:140,16,0,0
BRDA:140,16,1,0
BRDA:143,17,0,0
BRDA:143,17,1,0
BRDA:145,18,0,0
BRDA:145,18,1,0
BRDA:164,19,0,0
BRDA:164,19,1,0
BRDA:165,20,0,0
BRDA:165,20,1,0
BRDA:166,21,0,0
BRDA:166,21,1,0
BRDA:169,22,0,0
BRDA:169,22,1,0
BRDA:172,23,0,0
BRDA:172,23,1,0
BRDA:175,24,0,0
BRDA:175,24,1,0
BRDA:178,25,0,0
BRDA:178,25,1,0
BRDA:181,26,0,0
BRDA:181,26,1,0
BRDA:183,27,0,0
BRDA:183,27,1,0
BRF:56
BRH:0
end_of_record
TN:
SF:lib/api/auth.ts
FN:20,(anonymous_9)
FN:40,(anonymous_10)
FN:63,(anonymous_11)
FN:68,(anonymous_12)
FN:76,(anonymous_13)
FN:84,(anonymous_14)
FN:92,(anonymous_15)
FNF:7
FNH:0
FNDA:0,(anonymous_9)
FNDA:0,(anonymous_10)
FNDA:0,(anonymous_11)
FNDA:0,(anonymous_12)
FNDA:0,(anonymous_13)
FNDA:0,(anonymous_14)
FNDA:0,(anonymous_15)
DA:1,0
DA:2,0
DA:20,0
DA:26,0
DA:37,0
DA:40,0
DA:44,0
DA:52,0
DA:53,0
DA:56,0
DA:63,0
DA:64,0
DA:65,0
DA:68,0
DA:69,0
DA:73,0
DA:76,0
DA:77,0
DA:81,0
DA:84,0
DA:85,0
DA:89,0
DA:92,0
DA:97,0
DA:105,0
LF:25
LH:0
BRDA:52,0,0,0
BRDA:52,0,1,0
BRF:2
BRH:0
end_of_record
TN:
SF:lib/api/axios.ts
FN:15,(anonymous_2)
FN:27,(anonymous_3)
FN:28,(anonymous_4)
FNF:3
FNH:0
FNDA:0,(anonymous_2)
FNDA:0,(anonymous_3)
FNDA:0,(anonymous_4)
DA:1,0
DA:2,0
DA:5,0
DA:7,0
DA:15,0
DA:16,0
DA:17,0
DA:18,0
DA:20,0
DA:21,0
DA:23,0
DA:26,0
DA:27,0
DA:30,0
DA:33,0
DA:37,0
LF:16
LH:0
BRDA:5,0,0,0
BRDA:5,0,1,0
BRDA:17,1,0,0
BRDA:17,1,1,0
BRDA:20,2,0,0
BRDA:20,2,1,0
BRDA:30,3,0,0
BRDA:30,3,1,0
BRDA:30,3,2,0
BRF:9
BRH:0
end_of_record
TN:
SF:lib/api/booking.ts
FN:37,(anonymous_6)
FN:44,(anonymous_7)
FN:54,(anonymous_8)
FN:66,(anonymous_9)
FNF:4
FNH:0
FNDA:0,(anonymous_6)
FNDA:0,(anonymous_7)
FNDA:0,(anonymous_8)
FNDA:0,(anonymous_9)
DA:1,0
DA:2,0
DA:37,0
DA:38,0
DA:41,0
DA:44,0
DA:45,0
DA:51,0
DA:54,0
DA:59,0
DA:63,0
DA:66,0
DA:67,0
DA:68,0
LF:14
LH:0
BRDA:48,0,0,0
BRDA:48,0,1,0
BRF:2
BRH:0
end_of_record
TN:
SF:lib/api/endpoints.ts
FN:9,(anonymous_1)
FN:13,(anonymous_2)
FN:15,(anonymous_3)
FN:17,(anonymous_4)
FN:19,(anonymous_5)
FN:24,(anonymous_6)
FN:27,(anonymous_7)
FN:29,(anonymous_8)
FN:31,(anonymous_9)
FN:33,(anonymous_10)
FN:49,(anonymous_11)
FN:55,(anonymous_12)
FNF:12
FNH:0
FNDA:0,(anonymous_1)
FNDA:0,(anonymous_2)
FNDA:0,(anonymous_3)
FNDA:0,(anonymous_4)
FNDA:0,(anonymous_5)
FNDA:0,(anonymous_6)
FNDA:0,(anonymous_7)
FNDA:0,(anonymous_8)
FNDA:0,(anonymous_9)
FNDA:0,(anonymous_10)
FNDA:0,(anonymous_11)
FNDA:0,(anonymous_12)
DA:1,0
DA:9,0
DA:13,0
DA:15,0
DA:17,0
DA:19,0
DA:24,0
DA:27,0
DA:29,0
DA:31,0
DA:33,0
DA:49,0
DA:55,0
LF:13
LH:0
BRF:0
BRH:0
end_of_record
TN:
SF:lib/api/loyalty.ts
FN:21,(anonymous_2)
FNF:1
FNH:0
FNDA:0,(anonymous_2)
DA:1,0
DA:2,0
DA:21,0
DA:22,0
DA:23,0
LF:5
LH:0
BRF:0
BRH:0
end_of_record
TN:
SF:lib/api/movies.ts
FN:40,(anonymous_4)
FN:50,(anonymous_5)
FN:60,(anonymous_6)
FN:70,(anonymous_7)
FN:80,(anonymous_8)
FNF:5
FNH:0
FNDA:0,(anonymous_4)
FNDA:0,(anonymous_5)
FNDA:0,(anonymous_6)
FNDA:0,(anonymous_7)
FNDA:0,(anonymous_8)
DA:1,0
DA:36,0
DA:41,0
DA:44,0
DA:51,0
DA:54,0
DA:61,0
DA:64,0
DA:71,0
DA:72,0
DA:80,0
DA:81,0
DA:82,0
LF:13
LH:0
BRDA:40,0,0,0
BRDA:50,1,0,0
BRDA:60,2,0,0
BRDA:80,3,0,0
BRDA:81,4,0,0
BRDA:81,4,1,0
BRF:6
BRH:0
end_of_record
TN:
SF:lib/api/offers.ts
FN:21,(anonymous_2)
FNF:1
FNH:0
FNDA:0,(anonymous_2)
DA:1,0
DA:2,0
DA:21,0
DA:22,0
DA:23,0
LF:5
LH:0
BRF:0
BRH:0
end_of_record
TN:
SF:lib/api/orders.ts
FN:22,(anonymous_2)
FNF:1
FNH:0
FNDA:0,(anonymous_2)
DA:1,0
DA:2,0
DA:22,0
DA:23,0
DA:26,0
LF:5
LH:0
BRDA:24,0,0,0
BRDA:24,0,1,0
BRF:2
BRH:0
end_of_record
TN:
SF:lib/api/payment.ts
FN:42,(anonymous_5)
FN:52,(anonymous_6)
FN:60,(anonymous_7)
FNF:3
FNH:0
FNDA:0,(anonymous_5)
FNDA:0,(anonymous_6)
FNDA:0,(anonymous_7)
DA:1,0
DA:2,0
DA:42,0
DA:45,0
DA:49,0
DA:52,0
DA:53,0
DA:57,0
DA:60,0
DA:64,0
DA:68,0
LF:11
LH:0
BRF:0
BRH:0
end_of_record
TN:
SF:lib/api/publicMovies.ts
FN:34,(anonymous_5)
FN:45,(anonymous_6)
FN:53,(anonymous_7)
FNF:3
FNH:0
FNDA:0,(anonymous_5)
FNDA:0,(anonymous_6)
FNDA:0,(anonymous_7)
DA:1,0
DA:2,0
DA:4,0
DA:34,0
DA:39,0
DA:42,0
DA:45,0
DA:46,0
DA:47,0
DA:53,0
DA:54,0
DA:55,0
DA:56,0
LF:13
LH:0
BRDA:4,0,0,0
BRDA:4,0,1,0
BRDA:40,1,0,0
BRDA:40,1,1,0
BRDA:54,2,0,0
BRDA:54,2,1,0
BRDA:55,3,0,0
BRDA:55,3,1,0
BRF:8
BRH:0
end_of_record
TN:
SF:lib/api/rewards.ts
FN:20,(anonymous_2)
FNF:1
FNH:0
FNDA:0,(anonymous_2)
DA:1,0
DA:2,0
DA:20,0
DA:21,0
DA:22,0
LF:5
LH:0
BRF:0
BRH:0
end_of_record
TN:
SF:utils/api.ts
FN:12,(anonymous_2)
FN:13,(anonymous_3)
FNF:2
FNH:0
FNDA:0,(anonymous_2)
FNDA:0,(anonymous_3)
DA:1,0
DA:4,0
DA:6,0
DA:11,0
DA:12,0
DA:15,0
DA:18,0
LF:7
LH:0
BRDA:4,0,0,0
BRDA:4,0,1,0
BRDA:15,1,0,0
BRDA:15,1,1,0
BRDA:15,1,2,0
BRF:5
BRH:0
end_of_record
TN:
SF:utils/authApi.ts
FN:19,(anonymous_3)
FN:38,(anonymous_4)
FNF:2
FNH:0
FNDA:0,(anonymous_3)
FNDA:0,(anonymous_4)
DA:1,0
DA:2,0
DA:19,0
DA:25,0
DA:35,0
DA:38,0
DA:42,0
DA:50,0
DA:51,0
DA:54,0
LF:10
LH:0
BRDA:50,0,0,0
BRDA:50,0,1,0
BRF:2
BRH:0
end_of_record
TN:
SF:utils/constants.ts
FNF:0
FNH:0
DA:2,2
DA:3,2
DA:6,2
DA:18,2
LF:4
LH:4
BRF:0
BRH:0
end_of_record
TN:
SF:utils/helpers.ts
FN:6,(anonymous_4)
FN:18,(anonymous_5)
FN:26,(anonymous_6)
FNF:3
FNH:0
FNDA:0,(anonymous_4)
FNDA:0,(anonymous_5)
FNDA:0,(anonymous_6)
DA:6,0
DA:7,0
DA:8,0
DA:18,0
DA:19,0
DA:20,0
DA:26,0
DA:27,0
DA:28,0
LF:9
LH:0
BRDA:7,0,0,0
BRDA:7,0,1,0
BRDA:27,1,0,0
BRDA:27,1,1,0
BRF:4
BRH:0
end_of_record
